Release 14.7 - xst P.20131013 (nt64)
Copyright (c) 1995-2013 Xilinx, Inc.  All rights reserved.
--> Parameter TMPDIR set to xst/projnav.tmp


Total REAL time to Xst completion: 0.00 secs
Total CPU time to Xst completion: 0.09 secs
 
--> Parameter xsthdpdir set to xst


Total REAL time to Xst completion: 0.00 secs
Total CPU time to Xst completion: 0.10 secs
 
--> Reading design: CNTR.prj

TABLE OF CONTENTS
  1) Synthesis Options Summary
  2) HDL Parsing
  3) HDL Elaboration
  4) HDL Synthesis
       4.1) HDL Synthesis Report
  5) Advanced HDL Synthesis
       5.1) Advanced HDL Synthesis Report
  6) Low Level Synthesis
  7) Partition Report
  8) Design Summary
       8.1) Primitive and Black Box Usage
       8.2) Device utilization summary
       8.3) Partition Resource Summary
       8.4) Timing Report
            8.4.1) Clock Information
            8.4.2) Asynchronous Control Signals Information
            8.4.3) Timing Summary
            8.4.4) Timing Details
            8.4.5) Cross Clock Domains Report


=========================================================================
*                      Synthesis Options Summary                        *
=========================================================================
---- Source Parameters
Input File Name                    : "CNTR.prj"
Ignore Synthesis Constraint File   : NO

---- Target Parameters
Output File Name                   : "CNTR"
Output Format                      : NGC
Target Device                      : xc6slx45-2-fgg676

---- Source Options
Top Module Name                    : CNTR
Automatic FSM Extraction           : YES
FSM Encoding Algorithm             : Auto
Safe Implementation                : No
FSM Style                          : LUT
RAM Extraction                     : Yes
RAM Style                          : Auto
ROM Extraction                     : Yes
Shift Register Extraction          : YES
ROM Style                          : Auto
Resource Sharing                   : YES
Asynchronous To Synchronous        : NO
Shift Register Minimum Size        : 2
Use DSP Block                      : Auto
Automatic Register Balancing       : No

---- Target Options
LUT Combining                      : Auto
Reduce Control Sets                : Auto
Add IO Buffers                     : YES
Global Maximum Fanout              : 100000
Add Generic Clock Buffer(BUFG)     : 16
Register Duplication               : YES
Optimize Instantiated Primitives   : NO
Use Clock Enable                   : Auto
Use Synchronous Set                : Auto
Use Synchronous Reset              : Auto
Pack IO Registers into IOBs        : Auto
Equivalent register Removal        : YES

---- General Options
Optimization Goal                  : Speed
Optimization Effort                : 1
Power Reduction                    : NO
Keep Hierarchy                     : No
Netlist Hierarchy                  : As_Optimized
RTL Output                         : Yes
Global Optimization                : AllClockNets
Read Cores                         : YES
Write Timing Constraints           : NO
Cross Clock Analysis               : NO
Hierarchy Separator                : /
Bus Delimiter                      : <>
Case Specifier                     : Maintain
Slice Utilization Ratio            : 100
BRAM Utilization Ratio             : 100
DSP48 Utilization Ratio            : 100
Auto BRAM Packing                  : NO
Slice Utilization Ratio Delta      : 5

=========================================================================


=========================================================================
*                          HDL Parsing                                  *
=========================================================================
Parsing VHDL file "D:\LPRS1_git\LPRS1\16bit_mnozac_iteracije\mnozac\CNTR.vhd" into library work
Parsing entity <CNTR>.
Parsing architecture <Behavioral> of entity <cntr>.

=========================================================================
*                            HDL Elaboration                            *
=========================================================================

Elaborating entity <CNTR> (architecture <Behavioral>) with generics from library <work>.

=========================================================================
*                           HDL Synthesis                               *
=========================================================================

Synthesizing Unit <CNTR>.
    Related source file is "D:\LPRS1_git\LPRS1\16bit_mnozac_iteracije\mnozac\CNTR.vhd".
        bus_size = 16
    Found 8-bit register for signal <s_Cnt>.
    Found 1-bit register for signal <oDone>.
    Found 2-bit register for signal <stateCurrent>.
    Found finite state machine <FSM_0> for signal <stateCurrent>.
    -----------------------------------------------------------------------
    | States             | 3                                              |
    | Transitions        | 5                                              |
    | Inputs             | 2                                              |
    | Outputs            | 3                                              |
    | Clock              | iCLK (rising_edge)                             |
    | Reset              | iRST (positive)                                |
    | Reset type         | synchronous                                    |
    | Reset State        | idle                                           |
    | Power Up State     | idle                                           |
    | Encoding           | auto                                           |
    | Implementation     | LUT                                            |
    -----------------------------------------------------------------------
    Found 8-bit subtractor for signal <GND_4_o_GND_4_o_sub_7_OUT<7:0>> created at line 1308.
    Summary:
	inferred   1 Adder/Subtractor(s).
	inferred   9 D-type flip-flop(s).
	inferred   1 Multiplexer(s).
	inferred   1 Finite State Machine(s).
Unit <CNTR> synthesized.

=========================================================================
HDL Synthesis Report

Macro Statistics
# Adders/Subtractors                                   : 1
 8-bit subtractor                                      : 1
# Registers                                            : 2
 1-bit register                                        : 1
 8-bit register                                        : 1
# Multiplexers                                         : 1
 8-bit 2-to-1 multiplexer                              : 1
# FSMs                                                 : 1

=========================================================================

=========================================================================
*                       Advanced HDL Synthesis                          *
=========================================================================


Synthesizing (advanced) Unit <CNTR>.
The following registers are absorbed into counter <s_Cnt>: 1 register on signal <s_Cnt>.
Unit <CNTR> synthesized (advanced).

=========================================================================
Advanced HDL Synthesis Report

Macro Statistics
# Counters                                             : 1
 8-bit down counter                                    : 1
# Registers                                            : 1
 Flip-Flops                                            : 1
# FSMs                                                 : 1

=========================================================================

=========================================================================
*                         Low Level Synthesis                           *
=========================================================================
Analyzing FSM <MFsm> for best encoding.
Optimizing FSM <FSM_0> on signal <stateCurrent[1:2]> with user encoding.
-------------------
 State | Encoding
-------------------
 idle  | 00
 count | 01
 done  | 10
-------------------

Optimizing unit <CNTR> ...

Mapping all equations...
Building and optimizing final netlist ...
Found area constraint ratio of 100 (+ 5) on block CNTR, actual ratio is 0.

Final Macro Processing ...

=========================================================================
Final Register Report

Macro Statistics
# Registers                                            : 11
 Flip-Flops                                            : 11

=========================================================================

=========================================================================
*                           Partition Report                            *
=========================================================================

Partition Implementation Status
-------------------------------

  No Partitions were found in this design.

-------------------------------

=========================================================================
*                            Design Summary                             *
=========================================================================

Top Level Output File Name         : CNTR.ngc

Primitive and Black Box Usage:
------------------------------
# BELS                             : 31
#      LUT2                        : 1
#      LUT3                        : 10
#      LUT5                        : 2
#      LUT6                        : 2
#      MUXCY                       : 7
#      VCC                         : 1
#      XORCY                       : 8
# FlipFlops/Latches                : 11
#      FD                          : 11
# Clock Buffers                    : 1
#      BUFGP                       : 1
# IO Buffers                       : 3
#      IBUF                        : 2
#      OBUF                        : 1

Device utilization summary:
---------------------------

Selected Device : 6slx45fgg676-2 


Slice Logic Utilization: 
 Number of Slice Registers:              11  out of  54576     0%  
 Number of Slice LUTs:                   15  out of  27288     0%  
    Number used as Logic:                15  out of  27288     0%  

Slice Logic Distribution: 
 Number of LUT Flip Flop pairs used:     15
   Number with an unused Flip Flop:       4  out of     15    26%  
   Number with an unused LUT:             0  out of     15     0%  
   Number of fully used LUT-FF pairs:    11  out of     15    73%  
   Number of unique control sets:         1

IO Utilization: 
 Number of IOs:                           4
 Number of bonded IOBs:                   4  out of    358     1%  

Specific Feature Utilization:
 Number of BUFG/BUFGCTRLs:                1  out of     16     6%  

---------------------------
Partition Resource Summary:
---------------------------

  No Partitions were found in this design.

---------------------------


=========================================================================
Timing Report

NOTE: THESE TIMING NUMBERS ARE ONLY A SYNTHESIS ESTIMATE.
      FOR ACCURATE TIMING INFORMATION PLEASE REFER TO THE TRACE REPORT
      GENERATED AFTER PLACE-and-ROUTE.

Clock Information:
------------------
-----------------------------------+------------------------+-------+
Clock Signal                       | Clock buffer(FF name)  | Load  |
-----------------------------------+------------------------+-------+
iCLK                               | BUFGP                  | 11    |
-----------------------------------+------------------------+-------+

Asynchronous Control Signals Information:
----------------------------------------
No asynchronous control signals found in this design

Timing Summary:
---------------
Speed Grade: -2

   Minimum period: 3.046ns (Maximum Frequency: 328.326MHz)
   Minimum input arrival time before clock: 3.748ns
   Maximum output required time after clock: 4.162ns
   Maximum combinational path delay: No path found

Timing Details:
---------------
All values displayed in nanoseconds (ns)

=========================================================================
Timing constraint: Default period analysis for Clock 'iCLK'
  Clock period: 3.046ns (frequency: 328.326MHz)
  Total number of paths / destination ports: 146 / 11
-------------------------------------------------------------------------
Delay:               3.046ns (Levels of Logic = 9)
  Source:            stateCurrent_FSM_FFd1 (FF)
  Destination:       s_Cnt_7 (FF)
  Source Clock:      iCLK rising
  Destination Clock: iCLK rising

  Data Path: stateCurrent_FSM_FFd1 to s_Cnt_7
                                Gate     Net
    Cell:in->out      fanout   Delay   Delay  Logical Name (Net Name)
    ----------------------------------------  ------------
     FD:C->Q              11   0.525   1.147  stateCurrent_FSM_FFd1 (stateCurrent_FSM_FFd1)
     LUT2:I0->O            1   0.250   0.681  _n0026_inv1 (_n0026_inv)
     MUXCY:CI->O           1   0.023   0.000  Mcount_s_Cnt_cy<0> (Mcount_s_Cnt_cy<0>)
     MUXCY:CI->O           1   0.023   0.000  Mcount_s_Cnt_cy<1> (Mcount_s_Cnt_cy<1>)
     MUXCY:CI->O           1   0.023   0.000  Mcount_s_Cnt_cy<2> (Mcount_s_Cnt_cy<2>)
     MUXCY:CI->O           1   0.023   0.000  Mcount_s_Cnt_cy<3> (Mcount_s_Cnt_cy<3>)
     MUXCY:CI->O           1   0.023   0.000  Mcount_s_Cnt_cy<4> (Mcount_s_Cnt_cy<4>)
     MUXCY:CI->O           1   0.023   0.000  Mcount_s_Cnt_cy<5> (Mcount_s_Cnt_cy<5>)
     MUXCY:CI->O           0   0.023   0.000  Mcount_s_Cnt_cy<6> (Mcount_s_Cnt_cy<6>)
     XORCY:CI->O           1   0.206   0.000  Mcount_s_Cnt_xor<7> (Mcount_s_Cnt7)
     FD:D                      0.074          s_Cnt_7
    ----------------------------------------
    Total                      3.046ns (1.218ns logic, 1.828ns route)
                                       (40.0% logic, 60.0% route)

=========================================================================
Timing constraint: Default OFFSET IN BEFORE for Clock 'iCLK'
  Total number of paths / destination ports: 3 / 2
-------------------------------------------------------------------------
Offset:              3.748ns (Levels of Logic = 3)
  Source:            iRST (PAD)
  Destination:       stateCurrent_FSM_FFd1 (FF)
  Destination Clock: iCLK rising

  Data Path: iRST to stateCurrent_FSM_FFd1
                                Gate     Net
    Cell:in->out      fanout   Delay   Delay  Logical Name (Net Name)
    ----------------------------------------  ------------
     IBUF:I->O             2   1.328   1.156  iRST_IBUF (iRST_IBUF)
     LUT5:I0->O            1   0.254   0.682  stateCurrent_FSM_FFd1_rstpot_SW0 (N10)
     LUT6:I5->O            1   0.254   0.000  stateCurrent_FSM_FFd1_rstpot (stateCurrent_FSM_FFd1_rstpot)
     FD:D                      0.074          stateCurrent_FSM_FFd1
    ----------------------------------------
    Total                      3.748ns (1.910ns logic, 1.838ns route)
                                       (51.0% logic, 49.0% route)

=========================================================================
Timing constraint: Default OFFSET OUT AFTER for Clock 'iCLK'
  Total number of paths / destination ports: 1 / 1
-------------------------------------------------------------------------
Offset:              4.162ns (Levels of Logic = 1)
  Source:            s_Done (FF)
  Destination:       oDone (PAD)
  Source Clock:      iCLK rising

  Data Path: s_Done to oDone
                                Gate     Net
    Cell:in->out      fanout   Delay   Delay  Logical Name (Net Name)
    ----------------------------------------  ------------
     FD:C->Q               2   0.525   0.725  s_Done (s_Done)
     OBUF:I->O                 2.912          oDone_OBUF (oDone)
    ----------------------------------------
    Total                      4.162ns (3.437ns logic, 0.725ns route)
                                       (82.6% logic, 17.4% route)

=========================================================================

Cross Clock Domains Report:
--------------------------

Clock to Setup on destination clock iCLK
---------------+---------+---------+---------+---------+
               | Src:Rise| Src:Fall| Src:Rise| Src:Fall|
Source Clock   |Dest:Rise|Dest:Rise|Dest:Fall|Dest:Fall|
---------------+---------+---------+---------+---------+
iCLK           |    3.046|         |         |         |
---------------+---------+---------+---------+---------+

=========================================================================


Total REAL time to Xst completion: 5.00 secs
Total CPU time to Xst completion: 5.14 secs
 
--> 

Total memory usage is 259832 kilobytes

Number of errors   :    0 (   0 filtered)
Number of warnings :    0 (   0 filtered)
Number of infos    :    0 (   0 filtered)

