Release 14.7 - xst P.20131013 (nt64)
Copyright (c) 1995-2013 Xilinx, Inc.  All rights reserved.
--> Parameter TMPDIR set to xst/projnav.tmp


Total REAL time to Xst completion: 0.00 secs
Total CPU time to Xst completion: 0.10 secs
 
--> Parameter xsthdpdir set to xst


Total REAL time to Xst completion: 0.00 secs
Total CPU time to Xst completion: 0.10 secs
 
--> Reading design: CPU.prj

TABLE OF CONTENTS
  1) Synthesis Options Summary
  2) HDL Parsing
  3) HDL Elaboration
  4) HDL Synthesis
       4.1) HDL Synthesis Report
  5) Advanced HDL Synthesis
       5.1) Advanced HDL Synthesis Report
  6) Low Level Synthesis
  7) Partition Report
  8) Design Summary
       8.1) Primitive and Black Box Usage
       8.2) Device utilization summary
       8.3) Partition Resource Summary
       8.4) Timing Report
            8.4.1) Clock Information
            8.4.2) Asynchronous Control Signals Information
            8.4.3) Timing Summary
            8.4.4) Timing Details
            8.4.5) Cross Clock Domains Report


=========================================================================
*                      Synthesis Options Summary                        *
=========================================================================
---- Source Parameters
Input File Name                    : "CPU.prj"
Ignore Synthesis Constraint File   : NO

---- Target Parameters
Output File Name                   : "CPU"
Output Format                      : NGC
Target Device                      : xc6slx45-2-fgg676

---- Source Options
Top Module Name                    : CPU
Automatic FSM Extraction           : YES
FSM Encoding Algorithm             : Auto
Safe Implementation                : No
FSM Style                          : LUT
RAM Extraction                     : Yes
RAM Style                          : Auto
ROM Extraction                     : Yes
Shift Register Extraction          : YES
ROM Style                          : Auto
Resource Sharing                   : YES
Asynchronous To Synchronous        : NO
Shift Register Minimum Size        : 2
Use DSP Block                      : Auto
Automatic Register Balancing       : No

---- Target Options
LUT Combining                      : Auto
Reduce Control Sets                : Auto
Add IO Buffers                     : YES
Global Maximum Fanout              : 100000
Add Generic Clock Buffer(BUFG)     : 16
Register Duplication               : YES
Optimize Instantiated Primitives   : NO
Use Clock Enable                   : Auto
Use Synchronous Set                : Auto
Use Synchronous Reset              : Auto
Pack IO Registers into IOBs        : Auto
Equivalent register Removal        : YES

---- General Options
Optimization Goal                  : Speed
Optimization Effort                : 1
Power Reduction                    : NO
Keep Hierarchy                     : No
Netlist Hierarchy                  : As_Optimized
RTL Output                         : Yes
Global Optimization                : AllClockNets
Read Cores                         : YES
Write Timing Constraints           : NO
Cross Clock Analysis               : NO
Hierarchy Separator                : /
Bus Delimiter                      : <>
Case Specifier                     : Maintain
Slice Utilization Ratio            : 100
BRAM Utilization Ratio             : 100
DSP48 Utilization Ratio            : 100
Auto BRAM Packing                  : NO
Slice Utilization Ratio Delta      : 5

=========================================================================


=========================================================================
*                          HDL Parsing                                  *
=========================================================================
Parsing VHDL file "D:\LPRS1_git\LPRS1\LPRS1_Lab09\procRamRom\command_list.vhd" into library work
Parsing package <command_list>.
Parsing package body <command_list>.
Parsing VHDL file "D:\LPRS1_git\LPRS1\16bit_mnozac_iteracije\mnozac\CPU.vhd" into library work
Parsing entity <CPU>.
Parsing architecture <Behavioral> of entity <cpu>.

=========================================================================
*                            HDL Elaboration                            *
=========================================================================

Elaborating entity <CPU> (architecture <Behavioral>) with generics from library <work>.
INFO:HDLCompiler:679 - "D:\LPRS1_git\LPRS1\16bit_mnozac_iteracije\mnozac\CPU.vhd" Line 101. Case statement is complete. others clause is never selected
INFO:HDLCompiler:679 - "D:\LPRS1_git\LPRS1\16bit_mnozac_iteracije\mnozac\CPU.vhd" Line 172. Case statement is complete. others clause is never selected

=========================================================================
*                           HDL Synthesis                               *
=========================================================================

Synthesizing Unit <CPU>.
    Related source file is "D:\LPRS1_git\LPRS1\16bit_mnozac_iteracije\mnozac\CPU.vhd".
        selSigNum = 2
    Found 5-bit register for signal <sCnt>.
    Found 2-bit register for signal <stateCurrent>.
    Found finite state machine <FSM_0> for signal <stateCurrent>.
    -----------------------------------------------------------------------
    | States             | 4                                              |
    | Transitions        | 10                                             |
    | Inputs             | 4                                              |
    | Outputs            | 7                                              |
    | Clock              | iCLK (rising_edge)                             |
    | Reset              | iRST (positive)                                |
    | Reset type         | synchronous                                    |
    | Reset State        | idle                                           |
    | Power Up State     | idle                                           |
    | Encoding           | auto                                           |
    | Implementation     | LUT                                            |
    -----------------------------------------------------------------------
    Found 5-bit subtractor for signal <GND_5_o_GND_5_o_sub_14_OUT<4:0>> created at line 129.
    Summary:
	inferred   1 Adder/Subtractor(s).
	inferred   5 D-type flip-flop(s).
	inferred   2 Multiplexer(s).
	inferred   1 Finite State Machine(s).
Unit <CPU> synthesized.

=========================================================================
HDL Synthesis Report

Macro Statistics
# Adders/Subtractors                                   : 1
 5-bit subtractor                                      : 1
# Registers                                            : 1
 5-bit register                                        : 1
# Multiplexers                                         : 2
 5-bit 2-to-1 multiplexer                              : 2
# FSMs                                                 : 1

=========================================================================

=========================================================================
*                       Advanced HDL Synthesis                          *
=========================================================================


=========================================================================
Advanced HDL Synthesis Report

Macro Statistics
# Adders/Subtractors                                   : 1
 5-bit subtractor                                      : 1
# Registers                                            : 5
 Flip-Flops                                            : 5
# Multiplexers                                         : 2
 5-bit 2-to-1 multiplexer                              : 2
# FSMs                                                 : 1

=========================================================================

=========================================================================
*                         Low Level Synthesis                           *
=========================================================================
Analyzing FSM <MFsm> for best encoding.
Optimizing FSM <FSM_0> on signal <stateCurrent[1:2]> with gray encoding.
-------------------
 State | Encoding
-------------------
 idle  | 00
 shg0  | 11
 shg   | 01
 add   | 10
-------------------

Optimizing unit <CPU> ...

Mapping all equations...
Building and optimizing final netlist ...
Found area constraint ratio of 100 (+ 5) on block CPU, actual ratio is 0.

Final Macro Processing ...

=========================================================================
Final Register Report

Macro Statistics
# Registers                                            : 7
 Flip-Flops                                            : 7

=========================================================================

=========================================================================
*                           Partition Report                            *
=========================================================================

Partition Implementation Status
-------------------------------

  No Partitions were found in this design.

-------------------------------

=========================================================================
*                            Design Summary                             *
=========================================================================

Top Level Output File Name         : CPU.ngc

Primitive and Black Box Usage:
------------------------------
# BELS                             : 14
#      GND                         : 1
#      LUT2                        : 4
#      LUT3                        : 2
#      LUT4                        : 2
#      LUT5                        : 2
#      LUT6                        : 3
# FlipFlops/Latches                : 7
#      FDE                         : 5
#      FDR                         : 2
# Clock Buffers                    : 1
#      BUFGP                       : 1
# IO Buffers                       : 9
#      IBUF                        : 3
#      OBUF                        : 6

Device utilization summary:
---------------------------

Selected Device : 6slx45fgg676-2 


Slice Logic Utilization: 
 Number of Slice Registers:               7  out of  54576     0%  
 Number of Slice LUTs:                   13  out of  27288     0%  
    Number used as Logic:                13  out of  27288     0%  

Slice Logic Distribution: 
 Number of LUT Flip Flop pairs used:     13
   Number with an unused Flip Flop:       6  out of     13    46%  
   Number with an unused LUT:             0  out of     13     0%  
   Number of fully used LUT-FF pairs:     7  out of     13    53%  
   Number of unique control sets:         2

IO Utilization: 
 Number of IOs:                          10
 Number of bonded IOBs:                  10  out of    358     2%  

Specific Feature Utilization:
 Number of BUFG/BUFGCTRLs:                1  out of     16     6%  

---------------------------
Partition Resource Summary:
---------------------------

  No Partitions were found in this design.

---------------------------


=========================================================================
Timing Report

NOTE: THESE TIMING NUMBERS ARE ONLY A SYNTHESIS ESTIMATE.
      FOR ACCURATE TIMING INFORMATION PLEASE REFER TO THE TRACE REPORT
      GENERATED AFTER PLACE-and-ROUTE.

Clock Information:
------------------
-----------------------------------+------------------------+-------+
Clock Signal                       | Clock buffer(FF name)  | Load  |
-----------------------------------+------------------------+-------+
iCLK                               | BUFGP                  | 7     |
-----------------------------------+------------------------+-------+

Asynchronous Control Signals Information:
----------------------------------------
No asynchronous control signals found in this design

Timing Summary:
---------------
Speed Grade: -2

   Minimum period: 3.102ns (Maximum Frequency: 322.373MHz)
   Minimum input arrival time before clock: 2.837ns
   Maximum output required time after clock: 5.712ns
   Maximum combinational path delay: No path found

Timing Details:
---------------
All values displayed in nanoseconds (ns)

=========================================================================
Timing constraint: Default period analysis for Clock 'iCLK'
  Clock period: 3.102ns (frequency: 322.373MHz)
  Total number of paths / destination ports: 49 / 12
-------------------------------------------------------------------------
Delay:               3.102ns (Levels of Logic = 1)
  Source:            stateCurrent_FSM_FFd1 (FF)
  Destination:       sCnt_0 (FF)
  Source Clock:      iCLK rising
  Destination Clock: iCLK rising

  Data Path: stateCurrent_FSM_FFd1 to sCnt_0
                                Gate     Net
    Cell:in->out      fanout   Delay   Delay  Logical Name (Net Name)
    ----------------------------------------  ------------
     FDR:C->Q             10   0.525   1.116  stateCurrent_FSM_FFd1 (stateCurrent_FSM_FFd1)
     LUT2:I0->O            7   0.250   0.909  oALU_SEL<1>1 (oALU_SEL_1_OBUF)
     FDE:CE                    0.302          sCnt_0
    ----------------------------------------
    Total                      3.102ns (1.077ns logic, 2.025ns route)
                                       (34.7% logic, 65.3% route)

=========================================================================
Timing constraint: Default OFFSET IN BEFORE for Clock 'iCLK'
  Total number of paths / destination ports: 6 / 4
-------------------------------------------------------------------------
Offset:              2.837ns (Levels of Logic = 2)
  Source:            iRUN (PAD)
  Destination:       stateCurrent_FSM_FFd2 (FF)
  Destination Clock: iCLK rising

  Data Path: iRUN to stateCurrent_FSM_FFd2
                                Gate     Net
    Cell:in->out      fanout   Delay   Delay  Logical Name (Net Name)
    ----------------------------------------  ------------
     IBUF:I->O             2   1.328   1.181  iRUN_IBUF (iRUN_IBUF)
     LUT6:I0->O            1   0.254   0.000  stateCurrent_FSM_FFd2-In (stateCurrent_FSM_FFd2-In)
     FDR:D                     0.074          stateCurrent_FSM_FFd2
    ----------------------------------------
    Total                      2.837ns (1.656ns logic, 1.181ns route)
                                       (58.4% logic, 41.6% route)

=========================================================================
Timing constraint: Default OFFSET OUT AFTER for Clock 'iCLK'
  Total number of paths / destination ports: 9 / 5
-------------------------------------------------------------------------
Offset:              5.712ns (Levels of Logic = 2)
  Source:            stateCurrent_FSM_FFd1 (FF)
  Destination:       oALU_SEL<1> (PAD)
  Source Clock:      iCLK rising

  Data Path: stateCurrent_FSM_FFd1 to oALU_SEL<1>
                                Gate     Net
    Cell:in->out      fanout   Delay   Delay  Logical Name (Net Name)
    ----------------------------------------  ------------
     FDR:C->Q             10   0.525   1.116  stateCurrent_FSM_FFd1 (stateCurrent_FSM_FFd1)
     LUT2:I0->O            7   0.250   0.909  oALU_SEL<1>1 (oALU_SEL_1_OBUF)
     OBUF:I->O                 2.912          oALU_SEL_1_OBUF (oALU_SEL<1>)
    ----------------------------------------
    Total                      5.712ns (3.687ns logic, 2.025ns route)
                                       (64.5% logic, 35.5% route)

=========================================================================

Cross Clock Domains Report:
--------------------------

Clock to Setup on destination clock iCLK
---------------+---------+---------+---------+---------+
               | Src:Rise| Src:Fall| Src:Rise| Src:Fall|
Source Clock   |Dest:Rise|Dest:Rise|Dest:Fall|Dest:Fall|
---------------+---------+---------+---------+---------+
iCLK           |    3.102|         |         |         |
---------------+---------+---------+---------+---------+

=========================================================================


Total REAL time to Xst completion: 5.00 secs
Total CPU time to Xst completion: 5.22 secs
 
--> 

Total memory usage is 260024 kilobytes

Number of errors   :    0 (   0 filtered)
Number of warnings :    0 (   0 filtered)
Number of infos    :    0 (   0 filtered)

