Release 14.7 - xst P.20131013 (nt64)
Copyright (c) 1995-2013 Xilinx, Inc.  All rights reserved.
--> Parameter TMPDIR set to xst/projnav.tmp


Total REAL time to Xst completion: 0.00 secs
Total CPU time to Xst completion: 0.10 secs
 
--> Parameter xsthdpdir set to xst


Total REAL time to Xst completion: 0.00 secs
Total CPU time to Xst completion: 0.10 secs
 
--> Reading design: shReg_bitParity.prj

TABLE OF CONTENTS
  1) Synthesis Options Summary
  2) HDL Parsing
  3) HDL Elaboration
  4) HDL Synthesis
       4.1) HDL Synthesis Report
  5) Advanced HDL Synthesis
       5.1) Advanced HDL Synthesis Report
  6) Low Level Synthesis
  7) Partition Report
  8) Design Summary
       8.1) Primitive and Black Box Usage
       8.2) Device utilization summary
       8.3) Partition Resource Summary
       8.4) Timing Report
            8.4.1) Clock Information
            8.4.2) Asynchronous Control Signals Information
            8.4.3) Timing Summary
            8.4.4) Timing Details
            8.4.5) Cross Clock Domains Report


=========================================================================
*                      Synthesis Options Summary                        *
=========================================================================
---- Source Parameters
Input File Name                    : "shReg_bitParity.prj"
Ignore Synthesis Constraint File   : NO

---- Target Parameters
Output File Name                   : "shReg_bitParity"
Output Format                      : NGC
Target Device                      : xc6slx4-2-tqg144

---- Source Options
Top Module Name                    : shReg_bitParity
Automatic FSM Extraction           : YES
FSM Encoding Algorithm             : Auto
Safe Implementation                : No
FSM Style                          : LUT
RAM Extraction                     : Yes
RAM Style                          : Auto
ROM Extraction                     : Yes
Shift Register Extraction          : YES
ROM Style                          : Auto
Resource Sharing                   : YES
Asynchronous To Synchronous        : NO
Shift Register Minimum Size        : 2
Use DSP Block                      : Auto
Automatic Register Balancing       : No

---- Target Options
LUT Combining                      : Auto
Reduce Control Sets                : Auto
Add IO Buffers                     : YES
Global Maximum Fanout              : 100000
Add Generic Clock Buffer(BUFG)     : 16
Register Duplication               : YES
Optimize Instantiated Primitives   : NO
Use Clock Enable                   : Auto
Use Synchronous Set                : Auto
Use Synchronous Reset              : Auto
Pack IO Registers into IOBs        : Auto
Equivalent register Removal        : YES

---- General Options
Optimization Goal                  : Speed
Optimization Effort                : 1
Power Reduction                    : NO
Keep Hierarchy                     : No
Netlist Hierarchy                  : As_Optimized
RTL Output                         : Yes
Global Optimization                : AllClockNets
Read Cores                         : YES
Write Timing Constraints           : NO
Cross Clock Analysis               : NO
Hierarchy Separator                : /
Bus Delimiter                      : <>
Case Specifier                     : Maintain
Slice Utilization Ratio            : 100
BRAM Utilization Ratio             : 100
DSP48 Utilization Ratio            : 100
Auto BRAM Packing                  : NO
Slice Utilization Ratio Delta      : 5

=========================================================================


=========================================================================
*                          HDL Parsing                                  *
=========================================================================
Parsing VHDL file "D:\LPRS1_git\LPRS1\zbirka\06slozeni_digitalni_sistemi\6.3\shReg_bitParity\sh_reg.vhd" into library work
Parsing entity <sh_reg>.
Parsing architecture <Behavioral> of entity <sh_reg>.
Parsing VHDL file "D:\LPRS1_git\LPRS1\zbirka\06slozeni_digitalni_sistemi\6.3\shReg_bitParity\parity_gen.vhd" into library work
Parsing entity <parity_gen>.
Parsing architecture <Behavioral> of entity <parity_gen>.
Parsing VHDL file "D:\LPRS1_git\LPRS1\zbirka\06slozeni_digitalni_sistemi\6.3\shReg_bitParity\shReg_bitParity.vhd" into library work
Parsing entity <shReg_bitParity>.
Parsing architecture <Behavioral> of entity <shreg_bitparity>.

=========================================================================
*                            HDL Elaboration                            *
=========================================================================

Elaborating entity <shReg_bitParity> (architecture <Behavioral>) from library <work>.

Elaborating entity <sh_reg> (architecture <Behavioral>) from library <work>.

Elaborating entity <parity_gen> (architecture <Behavioral>) from library <work>.

=========================================================================
*                           HDL Synthesis                               *
=========================================================================

Synthesizing Unit <shReg_bitParity>.
    Related source file is "D:\LPRS1_git\LPRS1\zbirka\06slozeni_digitalni_sistemi\6.3\shReg_bitParity\shReg_bitParity.vhd".
    Summary:
	no macro.
Unit <shReg_bitParity> synthesized.

Synthesizing Unit <sh_reg>.
    Related source file is "D:\LPRS1_git\LPRS1\zbirka\06slozeni_digitalni_sistemi\6.3\shReg_bitParity\sh_reg.vhd".
    Found 1-bit register for signal <sQ>.
    Found 5-bit register for signal <sReg>.
    Summary:
	inferred   6 D-type flip-flop(s).
	inferred   1 Multiplexer(s).
Unit <sh_reg> synthesized.

Synthesizing Unit <parity_gen>.
    Related source file is "D:\LPRS1_git\LPRS1\zbirka\06slozeni_digitalni_sistemi\6.3\shReg_bitParity\parity_gen.vhd".
    Summary:
Unit <parity_gen> synthesized.

=========================================================================
HDL Synthesis Report

Macro Statistics
# Registers                                            : 2
 1-bit register                                        : 1
 5-bit register                                        : 1
# Multiplexers                                         : 1
 5-bit 2-to-1 multiplexer                              : 1
# Xors                                                 : 1
 1-bit xor4                                            : 1

=========================================================================

=========================================================================
*                       Advanced HDL Synthesis                          *
=========================================================================


=========================================================================
Advanced HDL Synthesis Report

Macro Statistics
# Registers                                            : 6
 Flip-Flops                                            : 6
# Multiplexers                                         : 1
 5-bit 2-to-1 multiplexer                              : 1
# Xors                                                 : 1
 1-bit xor4                                            : 1

=========================================================================

=========================================================================
*                         Low Level Synthesis                           *
=========================================================================

Optimizing unit <shReg_bitParity> ...

Optimizing unit <sh_reg> ...

Mapping all equations...
Building and optimizing final netlist ...
Found area constraint ratio of 100 (+ 5) on block shReg_bitParity, actual ratio is 0.

Final Macro Processing ...

=========================================================================
Final Register Report

Macro Statistics
# Registers                                            : 6
 Flip-Flops                                            : 6

=========================================================================

=========================================================================
*                           Partition Report                            *
=========================================================================

Partition Implementation Status
-------------------------------

  No Partitions were found in this design.

-------------------------------

=========================================================================
*                            Design Summary                             *
=========================================================================

Top Level Output File Name         : shReg_bitParity.ngc

Primitive and Black Box Usage:
------------------------------
# BELS                             : 8
#      INV                         : 1
#      LUT2                        : 2
#      LUT3                        : 3
#      LUT5                        : 1
#      LUT6                        : 1
# FlipFlops/Latches                : 6
#      FD                          : 1
#      FDRE                        : 5
# Clock Buffers                    : 1
#      BUFGP                       : 1
# IO Buffers                       : 8
#      IBUF                        : 7
#      OBUF                        : 1

Device utilization summary:
---------------------------

Selected Device : 6slx4tqg144-2 


Slice Logic Utilization: 
 Number of Slice Registers:               6  out of   4800     0%  
 Number of Slice LUTs:                    8  out of   2400     0%  
    Number used as Logic:                 8  out of   2400     0%  

Slice Logic Distribution: 
 Number of LUT Flip Flop pairs used:     14
   Number with an unused Flip Flop:       8  out of     14    57%  
   Number with an unused LUT:             6  out of     14    42%  
   Number of fully used LUT-FF pairs:     0  out of     14     0%  
   Number of unique control sets:         2

IO Utilization: 
 Number of IOs:                           9
 Number of bonded IOBs:                   9  out of    102     8%  

Specific Feature Utilization:
 Number of BUFG/BUFGCTRLs:                1  out of     16     6%  

---------------------------
Partition Resource Summary:
---------------------------

  No Partitions were found in this design.

---------------------------


=========================================================================
Timing Report

NOTE: THESE TIMING NUMBERS ARE ONLY A SYNTHESIS ESTIMATE.
      FOR ACCURATE TIMING INFORMATION PLEASE REFER TO THE TRACE REPORT
      GENERATED AFTER PLACE-and-ROUTE.

Clock Information:
------------------
-----------------------------------+------------------------+-------+
Clock Signal                       | Clock buffer(FF name)  | Load  |
-----------------------------------+------------------------+-------+
iCLK                               | BUFGP                  | 6     |
-----------------------------------+------------------------+-------+

Asynchronous Control Signals Information:
----------------------------------------
No asynchronous control signals found in this design

Timing Summary:
---------------
Speed Grade: -2

   Minimum period: 1.639ns (Maximum Frequency: 610.128MHz)
   Minimum input arrival time before clock: 3.738ns
   Maximum output required time after clock: 4.162ns
   Maximum combinational path delay: No path found

Timing Details:
---------------
All values displayed in nanoseconds (ns)

=========================================================================
Timing constraint: Default period analysis for Clock 'iCLK'
  Clock period: 1.639ns (frequency: 610.128MHz)
  Total number of paths / destination ports: 6 / 5
-------------------------------------------------------------------------
Delay:               1.639ns (Levels of Logic = 1)
  Source:            Inst_sh_reg/sReg_4 (FF)
  Destination:       Inst_sh_reg/sQ (FF)
  Source Clock:      iCLK rising
  Destination Clock: iCLK rising

  Data Path: Inst_sh_reg/sReg_4 to Inst_sh_reg/sQ
                                Gate     Net
    Cell:in->out      fanout   Delay   Delay  Logical Name (Net Name)
    ----------------------------------------  ------------
     FDRE:C->Q             1   0.525   0.790  Inst_sh_reg/sReg_4 (Inst_sh_reg/sReg_4)
     LUT5:I3->O            1   0.250   0.000  Inst_sh_reg/sQ_rstpot (Inst_sh_reg/sQ_rstpot)
     FD:D                      0.074          Inst_sh_reg/sQ
    ----------------------------------------
    Total                      1.639ns (0.849ns logic, 0.790ns route)
                                       (51.8% logic, 48.2% route)

=========================================================================
Timing constraint: Default OFFSET IN BEFORE for Clock 'iCLK'
  Total number of paths / destination ports: 31 / 16
-------------------------------------------------------------------------
Offset:              3.738ns (Levels of Logic = 2)
  Source:            iLoad (PAD)
  Destination:       Inst_sh_reg/sReg_4 (FF)
  Destination Clock: iCLK rising

  Data Path: iLoad to Inst_sh_reg/sReg_4
                                Gate     Net
    Cell:in->out      fanout   Delay   Delay  Logical Name (Net Name)
    ----------------------------------------  ------------
     IBUF:I->O             7   1.328   1.018  iLoad_IBUF (iLoad_IBUF)
     LUT2:I0->O            5   0.250   0.840  Inst_sh_reg/_n0019_inv1 (Inst_sh_reg/_n0019_inv)
     FDRE:CE                   0.302          Inst_sh_reg/sReg_0
    ----------------------------------------
    Total                      3.738ns (1.880ns logic, 1.858ns route)
                                       (50.3% logic, 49.7% route)

=========================================================================
Timing constraint: Default OFFSET OUT AFTER for Clock 'iCLK'
  Total number of paths / destination ports: 1 / 1
-------------------------------------------------------------------------
Offset:              4.162ns (Levels of Logic = 1)
  Source:            Inst_sh_reg/sQ (FF)
  Destination:       oQ (PAD)
  Source Clock:      iCLK rising

  Data Path: Inst_sh_reg/sQ to oQ
                                Gate     Net
    Cell:in->out      fanout   Delay   Delay  Logical Name (Net Name)
    ----------------------------------------  ------------
     FD:C->Q               2   0.525   0.725  Inst_sh_reg/sQ (Inst_sh_reg/sQ)
     OBUF:I->O                 2.912          oQ_OBUF (oQ)
    ----------------------------------------
    Total                      4.162ns (3.437ns logic, 0.725ns route)
                                       (82.6% logic, 17.4% route)

=========================================================================

Cross Clock Domains Report:
--------------------------

Clock to Setup on destination clock iCLK
---------------+---------+---------+---------+---------+
               | Src:Rise| Src:Fall| Src:Rise| Src:Fall|
Source Clock   |Dest:Rise|Dest:Rise|Dest:Fall|Dest:Fall|
---------------+---------+---------+---------+---------+
iCLK           |    1.639|         |         |         |
---------------+---------+---------+---------+---------+

=========================================================================


Total REAL time to Xst completion: 6.00 secs
Total CPU time to Xst completion: 5.37 secs
 
--> 

Total memory usage is 256816 kilobytes

Number of errors   :    0 (   0 filtered)
Number of warnings :    0 (   0 filtered)
Number of infos    :    0 (   0 filtered)

