Release 14.7 - xst P.20131013 (nt64)
Copyright (c) 1995-2013 Xilinx, Inc.  All rights reserved.
--> Parameter TMPDIR set to xst/projnav.tmp


Total REAL time to Xst completion: 0.00 secs
Total CPU time to Xst completion: 0.10 secs
 
--> Parameter xsthdpdir set to xst


Total REAL time to Xst completion: 0.00 secs
Total CPU time to Xst completion: 0.10 secs
 
--> Reading design: lifo.prj

TABLE OF CONTENTS
  1) Synthesis Options Summary
  2) HDL Parsing
  3) HDL Elaboration
  4) HDL Synthesis
       4.1) HDL Synthesis Report
  5) Advanced HDL Synthesis
       5.1) Advanced HDL Synthesis Report
  6) Low Level Synthesis
  7) Partition Report
  8) Design Summary
       8.1) Primitive and Black Box Usage
       8.2) Device utilization summary
       8.3) Partition Resource Summary
       8.4) Timing Report
            8.4.1) Clock Information
            8.4.2) Asynchronous Control Signals Information
            8.4.3) Timing Summary
            8.4.4) Timing Details
            8.4.5) Cross Clock Domains Report


=========================================================================
*                      Synthesis Options Summary                        *
=========================================================================
---- Source Parameters
Input File Name                    : "lifo.prj"
Ignore Synthesis Constraint File   : NO

---- Target Parameters
Output File Name                   : "lifo"
Output Format                      : NGC
Target Device                      : xc6slx45-2-fgg676

---- Source Options
Top Module Name                    : lifo
Automatic FSM Extraction           : YES
FSM Encoding Algorithm             : Auto
Safe Implementation                : No
FSM Style                          : LUT
RAM Extraction                     : Yes
RAM Style                          : Auto
ROM Extraction                     : Yes
Shift Register Extraction          : YES
ROM Style                          : Auto
Resource Sharing                   : YES
Asynchronous To Synchronous        : NO
Shift Register Minimum Size        : 2
Use DSP Block                      : Auto
Automatic Register Balancing       : No

---- Target Options
LUT Combining                      : Auto
Reduce Control Sets                : Auto
Add IO Buffers                     : YES
Global Maximum Fanout              : 100000
Add Generic Clock Buffer(BUFG)     : 16
Register Duplication               : YES
Optimize Instantiated Primitives   : NO
Use Clock Enable                   : Auto
Use Synchronous Set                : Auto
Use Synchronous Reset              : Auto
Pack IO Registers into IOBs        : Auto
Equivalent register Removal        : YES

---- General Options
Optimization Goal                  : Speed
Optimization Effort                : 1
Power Reduction                    : NO
Keep Hierarchy                     : No
Netlist Hierarchy                  : As_Optimized
RTL Output                         : Yes
Global Optimization                : AllClockNets
Read Cores                         : YES
Write Timing Constraints           : NO
Cross Clock Analysis               : NO
Hierarchy Separator                : /
Bus Delimiter                      : <>
Case Specifier                     : Maintain
Slice Utilization Ratio            : 100
BRAM Utilization Ratio             : 100
DSP48 Utilization Ratio            : 100
Auto BRAM Packing                  : NO
Slice Utilization Ratio Delta      : 5

=========================================================================


=========================================================================
*                          HDL Parsing                                  *
=========================================================================
Parsing VHDL file "D:\LPRS1_git\LPRS1\zbirka\07memorije\7.4\LIFO\lifo.vhd" into library work
Parsing entity <lifo>.
Parsing architecture <Behavioral> of entity <lifo>.

=========================================================================
*                            HDL Elaboration                            *
=========================================================================

Elaborating entity <lifo> (architecture <Behavioral>) from library <work>.

=========================================================================
*                           HDL Synthesis                               *
=========================================================================

Synthesizing Unit <lifo>.
    Related source file is "D:\LPRS1_git\LPRS1\zbirka\07memorije\7.4\LIFO\lifo.vhd".
    Found 8-bit register for signal <s_fifo<8>>.
    Found 8-bit register for signal <s_fifo<7>>.
    Found 8-bit register for signal <s_fifo<6>>.
    Found 8-bit register for signal <s_fifo<5>>.
    Found 8-bit register for signal <s_fifo<4>>.
    Found 8-bit register for signal <s_fifo<3>>.
    Found 8-bit register for signal <s_fifo<2>>.
    Found 8-bit register for signal <s_fifo<1>>.
    Found 8-bit register for signal <s_fifo<0>>.
    Found 8-bit register for signal <oDATA>.
    Found 1-bit register for signal <oEMPTY>.
    Found 1-bit register for signal <oFULL>.
    Found 4-bit register for signal <sFifoTop>.
    Found 8-bit register for signal <s_fifo<9>>.
    Found 5-bit subtractor for signal <n0078[4:0]> created at line 80.
    Found 4-bit adder for signal <sFifoTop[3]_GND_4_o_add_15_OUT> created at line 81.
    Found 8-bit 10-to-1 multiplexer for signal <GND_4_o_X_4_o_wide_mux_28_OUT> created at line 86.
    Summary:
	inferred   2 Adder/Subtractor(s).
	inferred  94 D-type flip-flop(s).
	inferred   2 Multiplexer(s).
Unit <lifo> synthesized.

=========================================================================
HDL Synthesis Report

Macro Statistics
# Adders/Subtractors                                   : 2
 4-bit adder                                           : 1
 5-bit subtractor                                      : 1
# Registers                                            : 14
 1-bit register                                        : 2
 4-bit register                                        : 1
 8-bit register                                        : 11
# Multiplexers                                         : 2
 4-bit 2-to-1 multiplexer                              : 1
 8-bit 10-to-1 multiplexer                             : 1

=========================================================================

=========================================================================
*                       Advanced HDL Synthesis                          *
=========================================================================


Synthesizing (advanced) Unit <lifo>.
The following registers are absorbed into counter <sFifoTop>: 1 register on signal <sFifoTop>.
Unit <lifo> synthesized (advanced).

=========================================================================
Advanced HDL Synthesis Report

Macro Statistics
# Adders/Subtractors                                   : 1
 5-bit subtractor                                      : 1
# Counters                                             : 1
 4-bit up counter                                      : 1
# Registers                                            : 90
 Flip-Flops                                            : 90
# Multiplexers                                         : 1
 8-bit 10-to-1 multiplexer                             : 1

=========================================================================

=========================================================================
*                         Low Level Synthesis                           *
=========================================================================

Optimizing unit <lifo> ...

Mapping all equations...
Building and optimizing final netlist ...
Found area constraint ratio of 100 (+ 5) on block lifo, actual ratio is 0.
FlipFlop sFifoTop_0 has been replicated 3 time(s)
FlipFlop sFifoTop_1 has been replicated 3 time(s)

Final Macro Processing ...

=========================================================================
Final Register Report

Macro Statistics
# Registers                                            : 100
 Flip-Flops                                            : 100

=========================================================================

=========================================================================
*                           Partition Report                            *
=========================================================================

Partition Implementation Status
-------------------------------

  No Partitions were found in this design.

-------------------------------

=========================================================================
*                            Design Summary                             *
=========================================================================

Top Level Output File Name         : lifo.ngc

Primitive and Black Box Usage:
------------------------------
# BELS                             : 138
#      LUT2                        : 5
#      LUT3                        : 15
#      LUT4                        : 11
#      LUT5                        : 9
#      LUT6                        : 98
# FlipFlops/Latches                : 100
#      FD                          : 4
#      FDR                         : 1
#      FDRE                        : 94
#      FDS                         : 1
# Clock Buffers                    : 1
#      BUFGP                       : 1
# IO Buffers                       : 21
#      IBUF                        : 11
#      OBUF                        : 10

Device utilization summary:
---------------------------

Selected Device : 6slx45fgg676-2 


Slice Logic Utilization: 
 Number of Slice Registers:             100  out of  54576     0%  
 Number of Slice LUTs:                  138  out of  27288     0%  
    Number used as Logic:               138  out of  27288     0%  

Slice Logic Distribution: 
 Number of LUT Flip Flop pairs used:    142
   Number with an unused Flip Flop:      42  out of    142    29%  
   Number with an unused LUT:             4  out of    142     2%  
   Number of fully used LUT-FF pairs:    96  out of    142    67%  
   Number of unique control sets:         8

IO Utilization: 
 Number of IOs:                          22
 Number of bonded IOBs:                  22  out of    358     6%  

Specific Feature Utilization:
 Number of BUFG/BUFGCTRLs:                1  out of     16     6%  

---------------------------
Partition Resource Summary:
---------------------------

  No Partitions were found in this design.

---------------------------


=========================================================================
Timing Report

NOTE: THESE TIMING NUMBERS ARE ONLY A SYNTHESIS ESTIMATE.
      FOR ACCURATE TIMING INFORMATION PLEASE REFER TO THE TRACE REPORT
      GENERATED AFTER PLACE-and-ROUTE.

Clock Information:
------------------
-----------------------------------+------------------------+-------+
Clock Signal                       | Clock buffer(FF name)  | Load  |
-----------------------------------+------------------------+-------+
iCLK                               | BUFGP                  | 100   |
-----------------------------------+------------------------+-------+

Asynchronous Control Signals Information:
----------------------------------------
No asynchronous control signals found in this design

Timing Summary:
---------------
Speed Grade: -2

   Minimum period: 3.767ns (Maximum Frequency: 265.463MHz)
   Minimum input arrival time before clock: 4.409ns
   Maximum output required time after clock: 4.346ns
   Maximum combinational path delay: No path found

Timing Details:
---------------
All values displayed in nanoseconds (ns)

=========================================================================
Timing constraint: Default period analysis for Clock 'iCLK'
  Clock period: 3.767ns (frequency: 265.463MHz)
  Total number of paths / destination ports: 1093 / 194
-------------------------------------------------------------------------
Delay:               3.767ns (Levels of Logic = 1)
  Source:            sFifoTop_1_1 (FF)
  Destination:       s_fifo_7_0 (FF)
  Source Clock:      iCLK rising
  Destination Clock: iCLK rising

  Data Path: sFifoTop_1_1 to s_fifo_7_0
                                Gate     Net
    Cell:in->out      fanout   Delay   Delay  Logical Name (Net Name)
    ----------------------------------------  ------------
     FDRE:C->Q            13   0.525   1.326  sFifoTop_1_1 (sFifoTop_1_1)
     LUT3:I0->O           24   0.235   1.379  Msub_n0078[4:0]_xor<2>11 (n0078[4:0]<2>)
     FDRE:CE                   0.302          s_fifo_7_0
    ----------------------------------------
    Total                      3.767ns (1.062ns logic, 2.705ns route)
                                       (28.2% logic, 71.8% route)

=========================================================================
Timing constraint: Default OFFSET IN BEFORE for Clock 'iCLK'
  Total number of paths / destination ports: 294 / 200
-------------------------------------------------------------------------
Offset:              4.409ns (Levels of Logic = 3)
  Source:            iPUSH (PAD)
  Destination:       s_fifo_8_0 (FF)
  Destination Clock: iCLK rising

  Data Path: iPUSH to s_fifo_8_0
                                Gate     Net
    Cell:in->out      fanout   Delay   Delay  Logical Name (Net Name)
    ----------------------------------------  ------------
     IBUF:I->O             6   1.328   0.984  iPUSH_IBUF (iPUSH_IBUF)
     LUT2:I0->O           21   0.250   1.538  iPUSH_soFULL_AND_2_o1_1 (iPUSH_soFULL_AND_2_o1)
     LUT6:I3->O            1   0.235   0.000  s_fifo_8_0_dpot (s_fifo_8_0_dpot)
     FDRE:D                    0.074          s_fifo_8_0
    ----------------------------------------
    Total                      4.409ns (1.887ns logic, 2.522ns route)
                                       (42.8% logic, 57.2% route)

=========================================================================
Timing constraint: Default OFFSET OUT AFTER for Clock 'iCLK'
  Total number of paths / destination ports: 10 / 10
-------------------------------------------------------------------------
Offset:              4.346ns (Levels of Logic = 1)
  Source:            soEMPTY (FF)
  Destination:       oEMPTY (PAD)
  Source Clock:      iCLK rising

  Data Path: soEMPTY to oEMPTY
                                Gate     Net
    Cell:in->out      fanout   Delay   Delay  Logical Name (Net Name)
    ----------------------------------------  ------------
     FDS:C->Q              7   0.525   0.909  soEMPTY (soEMPTY)
     OBUF:I->O                 2.912          oEMPTY_OBUF (oEMPTY)
    ----------------------------------------
    Total                      4.346ns (3.437ns logic, 0.909ns route)
                                       (79.1% logic, 20.9% route)

=========================================================================

Cross Clock Domains Report:
--------------------------

Clock to Setup on destination clock iCLK
---------------+---------+---------+---------+---------+
               | Src:Rise| Src:Fall| Src:Rise| Src:Fall|
Source Clock   |Dest:Rise|Dest:Rise|Dest:Fall|Dest:Fall|
---------------+---------+---------+---------+---------+
iCLK           |    3.767|         |         |         |
---------------+---------+---------+---------+---------+

=========================================================================


Total REAL time to Xst completion: 5.00 secs
Total CPU time to Xst completion: 5.35 secs
 
--> 

Total memory usage is 260144 kilobytes

Number of errors   :    0 (   0 filtered)
Number of warnings :    0 (   0 filtered)
Number of infos    :    0 (   0 filtered)

