Release 14.7 - xst P.20131013 (nt64)
Copyright (c) 1995-2013 Xilinx, Inc.  All rights reserved.
--> Parameter TMPDIR set to xst/projnav.tmp


Total REAL time to Xst completion: 0.00 secs
Total CPU time to Xst completion: 0.10 secs
 
--> Parameter xsthdpdir set to xst


Total REAL time to Xst completion: 0.00 secs
Total CPU time to Xst completion: 0.10 secs
 
--> Reading design: cnt2heming.prj

TABLE OF CONTENTS
  1) Synthesis Options Summary
  2) HDL Parsing
  3) HDL Elaboration
  4) HDL Synthesis
       4.1) HDL Synthesis Report
  5) Advanced HDL Synthesis
       5.1) Advanced HDL Synthesis Report
  6) Low Level Synthesis
  7) Partition Report
  8) Design Summary
       8.1) Primitive and Black Box Usage
       8.2) Device utilization summary
       8.3) Partition Resource Summary
       8.4) Timing Report
            8.4.1) Clock Information
            8.4.2) Asynchronous Control Signals Information
            8.4.3) Timing Summary
            8.4.4) Timing Details
            8.4.5) Cross Clock Domains Report


=========================================================================
*                      Synthesis Options Summary                        *
=========================================================================
---- Source Parameters
Input File Name                    : "cnt2heming.prj"
Ignore Synthesis Constraint File   : NO

---- Target Parameters
Output File Name                   : "cnt2heming"
Output Format                      : NGC
Target Device                      : xc6slx4-2-tqg144

---- Source Options
Top Module Name                    : cnt2heming
Automatic FSM Extraction           : YES
FSM Encoding Algorithm             : Auto
Safe Implementation                : No
FSM Style                          : LUT
RAM Extraction                     : Yes
RAM Style                          : Auto
ROM Extraction                     : Yes
Shift Register Extraction          : YES
ROM Style                          : Auto
Resource Sharing                   : YES
Asynchronous To Synchronous        : NO
Shift Register Minimum Size        : 2
Use DSP Block                      : Auto
Automatic Register Balancing       : No

---- Target Options
LUT Combining                      : Auto
Reduce Control Sets                : Auto
Add IO Buffers                     : YES
Global Maximum Fanout              : 100000
Add Generic Clock Buffer(BUFG)     : 16
Register Duplication               : YES
Optimize Instantiated Primitives   : NO
Use Clock Enable                   : Auto
Use Synchronous Set                : Auto
Use Synchronous Reset              : Auto
Pack IO Registers into IOBs        : Auto
Equivalent register Removal        : YES

---- General Options
Optimization Goal                  : Speed
Optimization Effort                : 1
Power Reduction                    : NO
Keep Hierarchy                     : No
Netlist Hierarchy                  : As_Optimized
RTL Output                         : Yes
Global Optimization                : AllClockNets
Read Cores                         : YES
Write Timing Constraints           : NO
Cross Clock Analysis               : NO
Hierarchy Separator                : /
Bus Delimiter                      : <>
Case Specifier                     : Maintain
Slice Utilization Ratio            : 100
BRAM Utilization Ratio             : 100
DSP48 Utilization Ratio            : 100
Auto BRAM Packing                  : NO
Slice Utilization Ratio Delta      : 5

=========================================================================


=========================================================================
*                          HDL Parsing                                  *
=========================================================================
Parsing VHDL file "D:\LPRS1_git\LPRS1\zbirka\06slozeni_digitalni_sistemi\6.2\cnt2Heming\heming_coder.vhd" into library work
Parsing entity <heming_coder>.
Parsing architecture <Behavioral> of entity <heming_coder>.
Parsing VHDL file "D:\LPRS1_git\LPRS1\zbirka\06slozeni_digitalni_sistemi\6.1\cnt2lcdDisplay\cntr.vhd" into library work
Parsing entity <cntr>.
Parsing architecture <Behavioral> of entity <cntr>.
Parsing VHDL file "D:\LPRS1_git\LPRS1\zbirka\06slozeni_digitalni_sistemi\6.2\cnt2Heming\cnt2heming.vhd" into library work
Parsing entity <cnt2heming>.
Parsing architecture <Behavioral> of entity <cnt2heming>.

=========================================================================
*                            HDL Elaboration                            *
=========================================================================

Elaborating entity <cnt2heming> (architecture <Behavioral>) from library <work>.

Elaborating entity <cntr> (architecture <Behavioral>) from library <work>.

Elaborating entity <heming_coder> (architecture <Behavioral>) from library <work>.

=========================================================================
*                           HDL Synthesis                               *
=========================================================================

Synthesizing Unit <cnt2heming>.
    Related source file is "D:\LPRS1_git\LPRS1\zbirka\06slozeni_digitalni_sistemi\6.2\cnt2Heming\cnt2heming.vhd".
    Summary:
	no macro.
Unit <cnt2heming> synthesized.

Synthesizing Unit <cntr>.
    Related source file is "D:\LPRS1_git\LPRS1\zbirka\06slozeni_digitalni_sistemi\6.1\cnt2lcdDisplay\cntr.vhd".
    Found 4-bit register for signal <sSSeg>.
    Found 4-bit adder for signal <sSSeg[3]_GND_5_o_add_0_OUT> created at line 45.
    Summary:
	inferred   1 Adder/Subtractor(s).
	inferred   4 D-type flip-flop(s).
Unit <cntr> synthesized.

Synthesizing Unit <heming_coder>.
    Related source file is "D:\LPRS1_git\LPRS1\zbirka\06slozeni_digitalni_sistemi\6.2\cnt2Heming\heming_coder.vhd".
    Summary:
Unit <heming_coder> synthesized.

=========================================================================
HDL Synthesis Report

Macro Statistics
# Adders/Subtractors                                   : 1
 4-bit adder                                           : 1
# Registers                                            : 1
 4-bit register                                        : 1
# Xors                                                 : 6
 1-bit xor2                                            : 6

=========================================================================

=========================================================================
*                       Advanced HDL Synthesis                          *
=========================================================================


Synthesizing (advanced) Unit <cntr>.
The following registers are absorbed into counter <sSSeg>: 1 register on signal <sSSeg>.
Unit <cntr> synthesized (advanced).

=========================================================================
Advanced HDL Synthesis Report

Macro Statistics
# Counters                                             : 1
 4-bit up counter                                      : 1
# Xors                                                 : 6
 1-bit xor2                                            : 6

=========================================================================

=========================================================================
*                         Low Level Synthesis                           *
=========================================================================

Optimizing unit <cnt2heming> ...

Mapping all equations...
Building and optimizing final netlist ...
Found area constraint ratio of 100 (+ 5) on block cnt2heming, actual ratio is 0.

Final Macro Processing ...

=========================================================================
Final Register Report

Macro Statistics
# Registers                                            : 4
 Flip-Flops                                            : 4

=========================================================================

=========================================================================
*                           Partition Report                            *
=========================================================================

Partition Implementation Status
-------------------------------

  No Partitions were found in this design.

-------------------------------

=========================================================================
*                            Design Summary                             *
=========================================================================

Top Level Output File Name         : cnt2heming.ngc

Primitive and Black Box Usage:
------------------------------
# BELS                             : 8
#      INV                         : 2
#      LUT2                        : 1
#      LUT3                        : 4
#      LUT4                        : 1
# FlipFlops/Latches                : 4
#      FDRE                        : 4
# Clock Buffers                    : 1
#      BUFGP                       : 1
# IO Buffers                       : 9
#      IBUF                        : 2
#      OBUF                        : 7

Device utilization summary:
---------------------------

Selected Device : 6slx4tqg144-2 


Slice Logic Utilization: 
 Number of Slice Registers:               4  out of   4800     0%  
 Number of Slice LUTs:                    8  out of   2400     0%  
    Number used as Logic:                 8  out of   2400     0%  

Slice Logic Distribution: 
 Number of LUT Flip Flop pairs used:     12
   Number with an unused Flip Flop:       8  out of     12    66%  
   Number with an unused LUT:             4  out of     12    33%  
   Number of fully used LUT-FF pairs:     0  out of     12     0%  
   Number of unique control sets:         1

IO Utilization: 
 Number of IOs:                          10
 Number of bonded IOBs:                  10  out of    102     9%  

Specific Feature Utilization:
 Number of BUFG/BUFGCTRLs:                1  out of     16     6%  

---------------------------
Partition Resource Summary:
---------------------------

  No Partitions were found in this design.

---------------------------


=========================================================================
Timing Report

NOTE: THESE TIMING NUMBERS ARE ONLY A SYNTHESIS ESTIMATE.
      FOR ACCURATE TIMING INFORMATION PLEASE REFER TO THE TRACE REPORT
      GENERATED AFTER PLACE-and-ROUTE.

Clock Information:
------------------
-----------------------------------+------------------------+-------+
Clock Signal                       | Clock buffer(FF name)  | Load  |
-----------------------------------+------------------------+-------+
iCLK                               | BUFGP                  | 4     |
-----------------------------------+------------------------+-------+

Asynchronous Control Signals Information:
----------------------------------------
No asynchronous control signals found in this design

Timing Summary:
---------------
Speed Grade: -2

   Minimum period: 2.444ns (Maximum Frequency: 409.165MHz)
   Minimum input arrival time before clock: 3.526ns
   Maximum output required time after clock: 5.491ns
   Maximum combinational path delay: No path found

Timing Details:
---------------
All values displayed in nanoseconds (ns)

=========================================================================
Timing constraint: Default period analysis for Clock 'iCLK'
  Clock period: 2.444ns (frequency: 409.165MHz)
  Total number of paths / destination ports: 10 / 4
-------------------------------------------------------------------------
Delay:               2.444ns (Levels of Logic = 1)
  Source:            Inst_cntr/sSSeg_0 (FF)
  Destination:       Inst_cntr/sSSeg_0 (FF)
  Source Clock:      iCLK rising
  Destination Clock: iCLK rising

  Data Path: Inst_cntr/sSSeg_0 to Inst_cntr/sSSeg_0
                                Gate     Net
    Cell:in->out      fanout   Delay   Delay  Logical Name (Net Name)
    ----------------------------------------  ------------
     FDRE:C->Q             7   0.525   0.909  Inst_cntr/sSSeg_0 (Inst_cntr/sSSeg_0)
     INV:I->O              1   0.255   0.681  Inst_cntr/Mcount_sSSeg_xor<0>11_INV_0 (Result<0>)
     FDRE:D                    0.074          Inst_cntr/sSSeg_0
    ----------------------------------------
    Total                      2.444ns (0.854ns logic, 1.590ns route)
                                       (34.9% logic, 65.1% route)

=========================================================================
Timing constraint: Default OFFSET IN BEFORE for Clock 'iCLK'
  Total number of paths / destination ports: 8 / 8
-------------------------------------------------------------------------
Offset:              3.526ns (Levels of Logic = 2)
  Source:            inReset (PAD)
  Destination:       Inst_cntr/sSSeg_0 (FF)
  Destination Clock: iCLK rising

  Data Path: inReset to Inst_cntr/sSSeg_0
                                Gate     Net
    Cell:in->out      fanout   Delay   Delay  Logical Name (Net Name)
    ----------------------------------------  ------------
     IBUF:I->O             1   1.328   0.681  inReset_IBUF (inReset_IBUF)
     INV:I->O              4   0.255   0.803  inReset_inv1_INV_0 (inReset_inv)
     FDRE:R                    0.459          Inst_cntr/sSSeg_0
    ----------------------------------------
    Total                      3.526ns (2.042ns logic, 1.484ns route)
                                       (57.9% logic, 42.1% route)

=========================================================================
Timing constraint: Default OFFSET OUT AFTER for Clock 'iCLK'
  Total number of paths / destination ports: 13 / 7
-------------------------------------------------------------------------
Offset:              5.491ns (Levels of Logic = 2)
  Source:            Inst_cntr/sSSeg_0 (FF)
  Destination:       oQ<1> (PAD)
  Source Clock:      iCLK rising

  Data Path: Inst_cntr/sSSeg_0 to oQ<1>
                                Gate     Net
    Cell:in->out      fanout   Delay   Delay  Logical Name (Net Name)
    ----------------------------------------  ------------
     FDRE:C->Q             7   0.525   1.138  Inst_cntr/sSSeg_0 (Inst_cntr/sSSeg_0)
     LUT3:I0->O            1   0.235   0.681  oQ<1>1 (oQ_1_OBUF)
     OBUF:I->O                 2.912          oQ_1_OBUF (oQ<1>)
    ----------------------------------------
    Total                      5.491ns (3.672ns logic, 1.819ns route)
                                       (66.9% logic, 33.1% route)

=========================================================================

Cross Clock Domains Report:
--------------------------

Clock to Setup on destination clock iCLK
---------------+---------+---------+---------+---------+
               | Src:Rise| Src:Fall| Src:Rise| Src:Fall|
Source Clock   |Dest:Rise|Dest:Rise|Dest:Fall|Dest:Fall|
---------------+---------+---------+---------+---------+
iCLK           |    2.444|         |         |         |
---------------+---------+---------+---------+---------+

=========================================================================


Total REAL time to Xst completion: 5.00 secs
Total CPU time to Xst completion: 4.98 secs
 
--> 

Total memory usage is 259056 kilobytes

Number of errors   :    0 (   0 filtered)
Number of warnings :    0 (   0 filtered)
Number of infos    :    0 (   0 filtered)

