Release 14.7 - xst P.20131013 (nt64)
Copyright (c) 1995-2013 Xilinx, Inc.  All rights reserved.
--> Parameter TMPDIR set to xst/projnav.tmp


Total REAL time to Xst completion: 0.00 secs
Total CPU time to Xst completion: 0.14 secs
 
--> Parameter xsthdpdir set to xst


Total REAL time to Xst completion: 0.00 secs
Total CPU time to Xst completion: 0.14 secs
 
--> Reading design: MUL.prj

TABLE OF CONTENTS
  1) Synthesis Options Summary
  2) HDL Parsing
  3) HDL Elaboration
  4) HDL Synthesis
       4.1) HDL Synthesis Report
  5) Advanced HDL Synthesis
       5.1) Advanced HDL Synthesis Report
  6) Low Level Synthesis
  7) Partition Report
  8) Design Summary
       8.1) Primitive and Black Box Usage
       8.2) Device utilization summary
       8.3) Partition Resource Summary
       8.4) Timing Report
            8.4.1) Clock Information
            8.4.2) Asynchronous Control Signals Information
            8.4.3) Timing Summary
            8.4.4) Timing Details
            8.4.5) Cross Clock Domains Report


=========================================================================
*                      Synthesis Options Summary                        *
=========================================================================
---- Source Parameters
Input File Name                    : "MUL.prj"
Ignore Synthesis Constraint File   : NO

---- Target Parameters
Output File Name                   : "MUL"
Output Format                      : NGC
Target Device                      : xc6slx45-2-fgg676

---- Source Options
Top Module Name                    : MUL
Automatic FSM Extraction           : YES
FSM Encoding Algorithm             : Auto
Safe Implementation                : No
FSM Style                          : LUT
RAM Extraction                     : Yes
RAM Style                          : Auto
ROM Extraction                     : Yes
Shift Register Extraction          : YES
ROM Style                          : Auto
Resource Sharing                   : YES
Asynchronous To Synchronous        : NO
Shift Register Minimum Size        : 2
Use DSP Block                      : Auto
Automatic Register Balancing       : No

---- Target Options
LUT Combining                      : Auto
Reduce Control Sets                : Auto
Add IO Buffers                     : YES
Global Maximum Fanout              : 100000
Add Generic Clock Buffer(BUFG)     : 16
Register Duplication               : YES
Optimize Instantiated Primitives   : NO
Use Clock Enable                   : Auto
Use Synchronous Set                : Auto
Use Synchronous Reset              : Auto
Pack IO Registers into IOBs        : Auto
Equivalent register Removal        : YES

---- General Options
Optimization Goal                  : Speed
Optimization Effort                : 1
Power Reduction                    : NO
Keep Hierarchy                     : No
Netlist Hierarchy                  : As_Optimized
RTL Output                         : Yes
Global Optimization                : AllClockNets
Read Cores                         : YES
Write Timing Constraints           : NO
Cross Clock Analysis               : NO
Hierarchy Separator                : /
Bus Delimiter                      : <>
Case Specifier                     : Maintain
Slice Utilization Ratio            : 100
BRAM Utilization Ratio             : 100
DSP48 Utilization Ratio            : 100
Auto BRAM Packing                  : NO
Slice Utilization Ratio Delta      : 5

=========================================================================


=========================================================================
*                          HDL Parsing                                  *
=========================================================================
Parsing VHDL file "D:\LPRS1_git\LPRS1\16bit_mnozac_kombinaciono\mnozac\fullAdder.vhd" into library work
Parsing entity <fullAdder>.
Parsing architecture <dataFlow> of entity <fulladder>.
Parsing VHDL file "D:\LPRS1_git\LPRS1\16bit_mnozac_kombinaciono\mnozac\nBitAdder.vhd" into library work
Parsing entity <nBitAdder>.
Parsing architecture <RTL> of entity <nbitadder>.
Parsing VHDL file "D:\LPRS1_git\LPRS1\16bit_mnozac_kombinaciono\mnozac\MUL.vhd" into library work
Parsing entity <MUL>.
Parsing architecture <RTL> of entity <mul>.

=========================================================================
*                            HDL Elaboration                            *
=========================================================================

Elaborating entity <MUL> (architecture <RTL>) with generics from library <work>.

Elaborating entity <nBitAdder> (architecture <RTL>) with generics from library <work>.

Elaborating entity <fullAdder> (architecture <dataFlow>) from library <work>.

Elaborating entity <nBitAdder> (architecture <RTL>) with generics from library <work>.

Elaborating entity <nBitAdder> (architecture <RTL>) with generics from library <work>.

Elaborating entity <nBitAdder> (architecture <RTL>) with generics from library <work>.

Elaborating entity <nBitAdder> (architecture <RTL>) with generics from library <work>.

Elaborating entity <nBitAdder> (architecture <RTL>) with generics from library <work>.

Elaborating entity <nBitAdder> (architecture <RTL>) with generics from library <work>.

Elaborating entity <nBitAdder> (architecture <RTL>) with generics from library <work>.

Elaborating entity <nBitAdder> (architecture <RTL>) with generics from library <work>.

Elaborating entity <nBitAdder> (architecture <RTL>) with generics from library <work>.

Elaborating entity <nBitAdder> (architecture <RTL>) with generics from library <work>.

Elaborating entity <nBitAdder> (architecture <RTL>) with generics from library <work>.

Elaborating entity <nBitAdder> (architecture <RTL>) with generics from library <work>.

Elaborating entity <nBitAdder> (architecture <RTL>) with generics from library <work>.

Elaborating entity <nBitAdder> (architecture <RTL>) with generics from library <work>.

=========================================================================
*                           HDL Synthesis                               *
=========================================================================

Synthesizing Unit <MUL>.
    Related source file is "D:\LPRS1_git\LPRS1\16bit_mnozac_kombinaciono\mnozac\MUL.vhd".
        bus_width = 16
    Summary:
	no macro.
Unit <MUL> synthesized.

Synthesizing Unit <nBitAdder_1>.
    Related source file is "D:\LPRS1_git\LPRS1\16bit_mnozac_kombinaciono\mnozac\nBitAdder.vhd".
        BitNum = 2
    Summary:
	no macro.
Unit <nBitAdder_1> synthesized.

Synthesizing Unit <fullAdder>.
    Related source file is "D:\LPRS1_git\LPRS1\16bit_mnozac_kombinaciono\mnozac\fullAdder.vhd".
    Summary:
Unit <fullAdder> synthesized.

Synthesizing Unit <nBitAdder_2>.
    Related source file is "D:\LPRS1_git\LPRS1\16bit_mnozac_kombinaciono\mnozac\nBitAdder.vhd".
        BitNum = 3
    Summary:
	no macro.
Unit <nBitAdder_2> synthesized.

Synthesizing Unit <nBitAdder_3>.
    Related source file is "D:\LPRS1_git\LPRS1\16bit_mnozac_kombinaciono\mnozac\nBitAdder.vhd".
        BitNum = 4
    Summary:
	no macro.
Unit <nBitAdder_3> synthesized.

Synthesizing Unit <nBitAdder_4>.
    Related source file is "D:\LPRS1_git\LPRS1\16bit_mnozac_kombinaciono\mnozac\nBitAdder.vhd".
        BitNum = 5
    Summary:
	no macro.
Unit <nBitAdder_4> synthesized.

Synthesizing Unit <nBitAdder_5>.
    Related source file is "D:\LPRS1_git\LPRS1\16bit_mnozac_kombinaciono\mnozac\nBitAdder.vhd".
        BitNum = 6
    Summary:
	no macro.
Unit <nBitAdder_5> synthesized.

Synthesizing Unit <nBitAdder_6>.
    Related source file is "D:\LPRS1_git\LPRS1\16bit_mnozac_kombinaciono\mnozac\nBitAdder.vhd".
        BitNum = 7
    Summary:
	no macro.
Unit <nBitAdder_6> synthesized.

Synthesizing Unit <nBitAdder_7>.
    Related source file is "D:\LPRS1_git\LPRS1\16bit_mnozac_kombinaciono\mnozac\nBitAdder.vhd".
        BitNum = 8
    Summary:
	no macro.
Unit <nBitAdder_7> synthesized.

Synthesizing Unit <nBitAdder_8>.
    Related source file is "D:\LPRS1_git\LPRS1\16bit_mnozac_kombinaciono\mnozac\nBitAdder.vhd".
        BitNum = 9
    Summary:
	no macro.
Unit <nBitAdder_8> synthesized.

Synthesizing Unit <nBitAdder_9>.
    Related source file is "D:\LPRS1_git\LPRS1\16bit_mnozac_kombinaciono\mnozac\nBitAdder.vhd".
        BitNum = 10
    Summary:
	no macro.
Unit <nBitAdder_9> synthesized.

Synthesizing Unit <nBitAdder_10>.
    Related source file is "D:\LPRS1_git\LPRS1\16bit_mnozac_kombinaciono\mnozac\nBitAdder.vhd".
        BitNum = 11
    Summary:
	no macro.
Unit <nBitAdder_10> synthesized.

Synthesizing Unit <nBitAdder_11>.
    Related source file is "D:\LPRS1_git\LPRS1\16bit_mnozac_kombinaciono\mnozac\nBitAdder.vhd".
        BitNum = 12
    Summary:
	no macro.
Unit <nBitAdder_11> synthesized.

Synthesizing Unit <nBitAdder_12>.
    Related source file is "D:\LPRS1_git\LPRS1\16bit_mnozac_kombinaciono\mnozac\nBitAdder.vhd".
        BitNum = 13
    Summary:
	no macro.
Unit <nBitAdder_12> synthesized.

Synthesizing Unit <nBitAdder_13>.
    Related source file is "D:\LPRS1_git\LPRS1\16bit_mnozac_kombinaciono\mnozac\nBitAdder.vhd".
        BitNum = 14
    Summary:
	no macro.
Unit <nBitAdder_13> synthesized.

Synthesizing Unit <nBitAdder_14>.
    Related source file is "D:\LPRS1_git\LPRS1\16bit_mnozac_kombinaciono\mnozac\nBitAdder.vhd".
        BitNum = 15
    Summary:
	no macro.
Unit <nBitAdder_14> synthesized.

Synthesizing Unit <nBitAdder_15>.
    Related source file is "D:\LPRS1_git\LPRS1\16bit_mnozac_kombinaciono\mnozac\nBitAdder.vhd".
        BitNum = 16
    Summary:
	no macro.
Unit <nBitAdder_15> synthesized.

=========================================================================
HDL Synthesis Report

Macro Statistics
# Xors                                                 : 452
 1-bit xor2                                            : 452

=========================================================================

=========================================================================
*                       Advanced HDL Synthesis                          *
=========================================================================


=========================================================================
Advanced HDL Synthesis Report

Macro Statistics
# Xors                                                 : 452
 1-bit xor2                                            : 452

=========================================================================

=========================================================================
*                         Low Level Synthesis                           *
=========================================================================

Optimizing unit <MUL> ...

Optimizing unit <nBitAdder_8> ...

Optimizing unit <nBitAdder_9> ...

Optimizing unit <nBitAdder_10> ...

Optimizing unit <nBitAdder_11> ...

Optimizing unit <nBitAdder_12> ...

Optimizing unit <nBitAdder_13> ...

Optimizing unit <nBitAdder_14> ...

Optimizing unit <nBitAdder_15> ...

Mapping all equations...
Building and optimizing final netlist ...
Found area constraint ratio of 100 (+ 5) on block MUL, actual ratio is 2.

Final Macro Processing ...

=========================================================================
Final Register Report

Found no macro
=========================================================================

=========================================================================
*                           Partition Report                            *
=========================================================================

Partition Implementation Status
-------------------------------

  No Partitions were found in this design.

-------------------------------

=========================================================================
*                            Design Summary                             *
=========================================================================

Top Level Output File Name         : MUL.ngc

Primitive and Black Box Usage:
------------------------------
# BELS                             : 340
#      LUT2                        : 176
#      LUT3                        : 10
#      LUT4                        : 1
#      LUT5                        : 12
#      LUT6                        : 141
# IO Buffers                       : 64
#      IBUF                        : 32
#      OBUF                        : 32

Device utilization summary:
---------------------------

Selected Device : 6slx45fgg676-2 


Slice Logic Utilization: 
 Number of Slice LUTs:                  340  out of  27288     1%  
    Number used as Logic:               340  out of  27288     1%  

Slice Logic Distribution: 
 Number of LUT Flip Flop pairs used:    340
   Number with an unused Flip Flop:     340  out of    340   100%  
   Number with an unused LUT:             0  out of    340     0%  
   Number of fully used LUT-FF pairs:     0  out of    340     0%  
   Number of unique control sets:         0

IO Utilization: 
 Number of IOs:                          64
 Number of bonded IOBs:                  64  out of    358    17%  

Specific Feature Utilization:

---------------------------
Partition Resource Summary:
---------------------------

  No Partitions were found in this design.

---------------------------


=========================================================================
Timing Report

NOTE: THESE TIMING NUMBERS ARE ONLY A SYNTHESIS ESTIMATE.
      FOR ACCURATE TIMING INFORMATION PLEASE REFER TO THE TRACE REPORT
      GENERATED AFTER PLACE-and-ROUTE.

Clock Information:
------------------
No clock signals found in this design

Asynchronous Control Signals Information:
----------------------------------------
No asynchronous control signals found in this design

Timing Summary:
---------------
Speed Grade: -2

   Minimum period: No path found
   Minimum input arrival time before clock: No path found
   Maximum output required time after clock: No path found
   Maximum combinational path delay: 72.088ns

Timing Details:
---------------
All values displayed in nanoseconds (ns)

=========================================================================
Timing constraint: Default path analysis
  Total number of paths / destination ports: 1102970484 / 32
-------------------------------------------------------------------------
Delay:               72.088ns (Levels of Logic = 54)
  Source:            iX<2> (PAD)
  Destination:       oResult<31> (PAD)

  Data Path: iX<2> to oResult<31>
                                Gate     Net
    Cell:in->out      fanout   Delay   Delay  Logical Name (Net Name)
    ----------------------------------------  ------------
     IBUF:I->O            22   1.328   1.442  iX_2_IBUF (iX_2_IBUF)
     LUT2:I0->O            2   0.250   1.002  sL2<2>1 (sL2<2>)
     LUT6:I2->O            2   0.254   0.954  Inst_nBitAdder_L2/GEN_ADD[2].ADDX/oC1 (sCarry2)
     LUT6:I3->O            2   0.235   1.156  Inst_nBitAdder_L3/GEN_ADD[3].ADDX/oC1 (sCarry3)
     LUT5:I0->O            2   0.254   1.156  Inst_nBitAdder_L4/GEN_ADD[4].ADDX/oC3 (sCarry4)
     LUT5:I0->O            2   0.254   1.181  Inst_nBitAdder_L5/GEN_ADD[4].ADDX/oC3 (Inst_nBitAdder_L5/sCarry<4>)
     LUT6:I0->O            2   0.254   1.156  Inst_nBitAdder_L5/GEN_ADD[5].ADDX/oC1 (sCarry5)
     LUT5:I0->O            2   0.254   1.156  Inst_nBitAdder_L6/GEN_ADD[4].ADDX/oC3 (Inst_nBitAdder_L6/sCarry<4>)
     LUT6:I1->O            2   0.254   1.181  Inst_nBitAdder_L6/GEN_ADD[6].ADDX/oC1 (sCarry6)
     LUT6:I0->O            1   0.254   0.910  Inst_nBitAdder_L7/GEN_ADD[4].ADDX/Mxor_oFnc_xo<0>11 (Inst_nBitAdder_L7/GEN_ADD[4].ADDX/Mxor_oFnc_xo<0>1)
     LUT3:I0->O            2   0.235   1.156  Inst_nBitAdder_L7/GEN_ADD[4].ADDX/Mxor_oFnc_xo<0>1 (Inst_nBitAdder_L7/sFnc<4>)
     LUT6:I1->O            2   0.254   1.181  Inst_nBitAdder_L7/GEN_ADD[7].ADDX/oC1 (sCarry7)
     LUT6:I0->O            2   0.254   0.834  Inst_nBitAdder_L8/sCarry<8>4 (Inst_nBitAdder_L8/sCarry<8>_bdd1)
     LUT6:I4->O            2   0.250   1.181  Inst_nBitAdder_L8/sCarry<8>2 (sCarry8)
     LUT6:I0->O            2   0.254   0.834  Inst_nBitAdder_L9/sCarry<9>4 (Inst_nBitAdder_L9/sCarry<9>_bdd1)
     LUT6:I4->O            2   0.250   1.181  Inst_nBitAdder_L9/sCarry<9>2 (sCarry9)
     LUT6:I0->O            2   0.254   0.834  Inst_nBitAdder_L10/sCarry<10>4 (Inst_nBitAdder_L10/sCarry<10>_bdd1)
     LUT6:I4->O            2   0.250   1.181  Inst_nBitAdder_L10/sCarry<10>2 (sCarry10)
     LUT6:I0->O            2   0.254   0.834  Inst_nBitAdder_L11/sCarry<11>5 (Inst_nBitAdder_L11/sCarry<11>_bdd1)
     LUT6:I4->O            2   0.250   1.181  Inst_nBitAdder_L11/sCarry<11>2 (sCarry11)
     LUT6:I0->O            2   0.254   0.834  Inst_nBitAdder_L12/sCarry<12>53 (Inst_nBitAdder_L12/sCarry<12>_bdd1)
     LUT6:I4->O            2   0.250   0.954  Inst_nBitAdder_L12/sCarry<12>2 (sCarry12)
     LUT3:I0->O            2   0.235   0.834  Inst_nBitAdder_L13/sCarry<13>53 (Inst_nBitAdder_L13/sCarry<13>_bdd1)
     LUT6:I4->O            2   0.250   1.181  Inst_nBitAdder_L13/sCarry<13>2 (sCarry13)
     LUT6:I0->O            2   0.254   0.834  Inst_nBitAdder_L14/sCarry<14>63 (Inst_nBitAdder_L14/sCarry<14>_bdd1)
     LUT6:I4->O            2   0.250   1.181  Inst_nBitAdder_L14/sCarry<14>2 (sCarry14)
     LUT6:I0->O            2   0.254   0.834  Inst_nBitAdder_L15/sCarry<15>63 (Inst_nBitAdder_L15/sCarry<15>_bdd1)
     LUT6:I4->O            2   0.250   1.181  Inst_nBitAdder_L15/sCarry<15>2 (sCarry15)
     LUT6:I0->O            2   0.254   0.834  Inst_nBitAdder_L16/sCarry<14>63 (Inst_nBitAdder_L16/sCarry<14>_bdd1)
     LUT6:I4->O            2   0.250   0.954  Inst_nBitAdder_L16/sCarry<14>2 (sCarry16)
     LUT3:I0->O            2   0.235   0.834  Inst_nBitAdder_L17/sCarry<13>53 (Inst_nBitAdder_L17/sCarry<13>_bdd1)
     LUT6:I4->O            2   0.250   1.181  Inst_nBitAdder_L17/sCarry<13>2 (sCarry17)
     LUT6:I0->O            2   0.254   0.834  Inst_nBitAdder_L18/sCarry<12>53 (Inst_nBitAdder_L18/sCarry<12>_bdd1)
     LUT6:I4->O            2   0.250   1.181  Inst_nBitAdder_L18/sCarry<12>2 (sCarry18)
     LUT6:I0->O            2   0.254   0.834  Inst_nBitAdder_L19/sCarry<11>5 (Inst_nBitAdder_L19/sCarry<11>_bdd1)
     LUT6:I4->O            2   0.250   1.181  Inst_nBitAdder_L19/sCarry<11>2 (sCarry19)
     LUT6:I0->O            2   0.254   0.834  Inst_nBitAdder_L20/sCarry<10>4 (Inst_nBitAdder_L20/sCarry<10>_bdd1)
     LUT6:I4->O            2   0.250   1.181  Inst_nBitAdder_L20/sCarry<10>2 (sCarry20)
     LUT6:I0->O            2   0.254   0.834  Inst_nBitAdder_L21/sCarry<9>4 (Inst_nBitAdder_L21/sCarry<9>_bdd1)
     LUT6:I4->O            2   0.250   1.181  Inst_nBitAdder_L21/sCarry<9>2 (sCarry21)
     LUT6:I0->O            2   0.254   0.834  Inst_nBitAdder_L22/sCarry<8>4 (Inst_nBitAdder_L22/sCarry<8>_bdd1)
     LUT6:I4->O            2   0.250   1.181  Inst_nBitAdder_L22/sCarry<8>2 (sCarry22)
     LUT6:I0->O            1   0.254   0.910  Inst_nBitAdder_L23/GEN_ADD[4].ADDX/Mxor_oFnc_xo<0>11 (Inst_nBitAdder_L23/GEN_ADD[4].ADDX/Mxor_oFnc_xo<0>1)
     LUT3:I0->O            2   0.235   1.156  Inst_nBitAdder_L23/GEN_ADD[4].ADDX/Mxor_oFnc_xo<0>1 (Inst_nBitAdder_L23/sFnc<4>)
     LUT6:I1->O            2   0.254   1.156  Inst_nBitAdder_L23/GEN_ADD[7].ADDX/oC1 (sCarry23)
     LUT5:I0->O            2   0.254   1.156  Inst_nBitAdder_L24/GEN_ADD[4].ADDX/oC3 (Inst_nBitAdder_L24/sCarry<4>)
     LUT6:I1->O            2   0.254   1.156  Inst_nBitAdder_L24/GEN_ADD[6].ADDX/oC1 (sCarry24)
     LUT5:I0->O            2   0.254   1.181  Inst_nBitAdder_L25/GEN_ADD[4].ADDX/oC3 (Inst_nBitAdder_L25/sCarry<4>)
     LUT6:I0->O            2   0.254   1.156  Inst_nBitAdder_L25/GEN_ADD[5].ADDX/oC1 (sCarry25)
     LUT5:I0->O            2   0.254   0.954  Inst_nBitAdder_L26/GEN_ADD[4].ADDX/oC3 (sCarry26)
     LUT6:I3->O            3   0.235   0.994  Inst_nBitAdder_L27/GEN_ADD[3].ADDX/oC1 (sCarry27)
     LUT6:I3->O            2   0.235   0.954  Inst_nBitAdder_L29/GEN_ADD[1].ADDX/oC1 (sCarry29)
     LUT3:I0->O            1   0.235   0.681  Inst_fullAdder/iA_iC_AND_5_o1 (oResult_31_OBUF)
     OBUF:I->O                 2.912          oResult_31_OBUF (oResult<31>)
    ----------------------------------------
    Total                     72.088ns (17.232ns logic, 54.856ns route)
                                       (23.9% logic, 76.1% route)

=========================================================================

Cross Clock Domains Report:
--------------------------

=========================================================================


Total REAL time to Xst completion: 8.00 secs
Total CPU time to Xst completion: 7.58 secs
 
--> 

Total memory usage is 258008 kilobytes

Number of errors   :    0 (   0 filtered)
Number of warnings :    0 (   0 filtered)
Number of infos    :    0 (   0 filtered)

