Running: fuse.exe -relaunch -intstyle "ise" -incremental -lib "secureip" -o "D:/LPRS1_git/LPRS1/zbirka/08projektovanje_procesora/8.13/AddSub/ALU_tb_isim_beh.exe" -prj "D:/LPRS1_git/LPRS1/zbirka/08projektovanje_procesora/8.13/AddSub/ALU_tb_beh.prj" "work.ALU_tb" 
ISim P.20131013 (signature 0x7708f090)
Number of CPUs detected in this system: 4
Turning on mult-threading, number of parallel sub-compilation jobs: 8 
Determining compilation order of HDL files
Parsing VHDL file "D:/LPRS1_git/LPRS1/zbirka/08projektovanje_procesora/8.13/AddSub/fullAdder.vhd" into library work
Parsing VHDL file "D:/LPRS1_git/LPRS1/zbirka/08projektovanje_procesora/8.13/AddSub/shift.vhd" into library work
Parsing VHDL file "D:/LPRS1_git/LPRS1/zbirka/08projektovanje_procesora/8.13/AddSub/ALCell.vhd" into library work
Parsing VHDL file "D:/LPRS1_git/LPRS1/zbirka/08projektovanje_procesora/8.13/AddSub/ALU.vhd" into library work
Parsing VHDL file "D:/LPRS1_git/LPRS1/zbirka/08projektovanje_procesora/8.13/AddSub/ALU_tb.vhd" into library work
Starting static elaboration
Completed static elaboration
Compiling package standard
Compiling package std_logic_1164
Compiling architecture dataflow of entity fullAdder [fulladder_default]
Compiling architecture dataflow of entity ALCell [alcell_default]
Compiling architecture dataflow of entity shift [shift_default]
Compiling architecture rtl of entity ALU [alu_default]
Compiling architecture behavior of entity alu_tb
Time Resolution for simulation is 1ps.
Compiled 11 VHDL Units
Built simulation executable D:/LPRS1_git/LPRS1/zbirka/08projektovanje_procesora/8.13/AddSub/ALU_tb_isim_beh.exe
Fuse Memory Usage: 29520 KB
Fuse CPU Usage: 452 ms
