Release 14.7 - xst P.20131013 (nt64)
Copyright (c) 1995-2013 Xilinx, Inc.  All rights reserved.
--> Parameter TMPDIR set to xst/projnav.tmp


Total REAL time to Xst completion: 0.00 secs
Total CPU time to Xst completion: 0.10 secs
 
--> Parameter xsthdpdir set to xst


Total REAL time to Xst completion: 0.00 secs
Total CPU time to Xst completion: 0.10 secs
 
--> Reading design: fifo.prj

TABLE OF CONTENTS
  1) Synthesis Options Summary
  2) HDL Parsing
  3) HDL Elaboration
  4) HDL Synthesis
       4.1) HDL Synthesis Report
  5) Advanced HDL Synthesis
       5.1) Advanced HDL Synthesis Report
  6) Low Level Synthesis
  7) Partition Report
  8) Design Summary
       8.1) Primitive and Black Box Usage
       8.2) Device utilization summary
       8.3) Partition Resource Summary
       8.4) Timing Report
            8.4.1) Clock Information
            8.4.2) Asynchronous Control Signals Information
            8.4.3) Timing Summary
            8.4.4) Timing Details
            8.4.5) Cross Clock Domains Report


=========================================================================
*                      Synthesis Options Summary                        *
=========================================================================
---- Source Parameters
Input File Name                    : "fifo.prj"
Ignore Synthesis Constraint File   : NO

---- Target Parameters
Output File Name                   : "fifo"
Output Format                      : NGC
Target Device                      : xc6slx45-2-fgg676

---- Source Options
Top Module Name                    : fifo
Automatic FSM Extraction           : YES
FSM Encoding Algorithm             : Auto
Safe Implementation                : No
FSM Style                          : LUT
RAM Extraction                     : Yes
RAM Style                          : Auto
ROM Extraction                     : Yes
Shift Register Extraction          : YES
ROM Style                          : Auto
Resource Sharing                   : YES
Asynchronous To Synchronous        : NO
Shift Register Minimum Size        : 2
Use DSP Block                      : Auto
Automatic Register Balancing       : No

---- Target Options
LUT Combining                      : Auto
Reduce Control Sets                : Auto
Add IO Buffers                     : YES
Global Maximum Fanout              : 100000
Add Generic Clock Buffer(BUFG)     : 16
Register Duplication               : YES
Optimize Instantiated Primitives   : NO
Use Clock Enable                   : Auto
Use Synchronous Set                : Auto
Use Synchronous Reset              : Auto
Pack IO Registers into IOBs        : Auto
Equivalent register Removal        : YES

---- General Options
Optimization Goal                  : Speed
Optimization Effort                : 1
Power Reduction                    : NO
Keep Hierarchy                     : No
Netlist Hierarchy                  : As_Optimized
RTL Output                         : Yes
Global Optimization                : AllClockNets
Read Cores                         : YES
Write Timing Constraints           : NO
Cross Clock Analysis               : NO
Hierarchy Separator                : /
Bus Delimiter                      : <>
Case Specifier                     : Maintain
Slice Utilization Ratio            : 100
BRAM Utilization Ratio             : 100
DSP48 Utilization Ratio            : 100
Auto BRAM Packing                  : NO
Slice Utilization Ratio Delta      : 5

=========================================================================


=========================================================================
*                          HDL Parsing                                  *
=========================================================================
Parsing VHDL file "D:\LPRS1_git\LPRS1\zbirka\07memorije\7.3\fifo\fifio.vhd" into library work
Parsing entity <fifo>.
Parsing architecture <Behavioral> of entity <fifo>.

=========================================================================
*                            HDL Elaboration                            *
=========================================================================

Elaborating entity <fifo> (architecture <Behavioral>) from library <work>.

=========================================================================
*                           HDL Synthesis                               *
=========================================================================

Synthesizing Unit <fifo>.
    Related source file is "D:\LPRS1_git\LPRS1\zbirka\07memorije\7.3\fifo\fifio.vhd".
    Found 8-bit register for signal <s_fifo<8>>.
    Found 8-bit register for signal <s_fifo<7>>.
    Found 8-bit register for signal <s_fifo<6>>.
    Found 8-bit register for signal <s_fifo<5>>.
    Found 8-bit register for signal <s_fifo<4>>.
    Found 8-bit register for signal <s_fifo<3>>.
    Found 8-bit register for signal <s_fifo<2>>.
    Found 8-bit register for signal <s_fifo<1>>.
    Found 8-bit register for signal <s_fifo<0>>.
    Found 8-bit register for signal <oDATA>.
    Found 1-bit register for signal <oEMPTY>.
    Found 1-bit register for signal <oFULL>.
    Found 4-bit register for signal <sFifoTop>.
    Found 8-bit register for signal <s_fifo<9>>.
    Found 5-bit subtractor for signal <n0164[4:0]> created at line 80.
    Found 4-bit adder for signal <sFifoTop[3]_GND_4_o_add_15_OUT> created at line 81.
    Found 8-bit 10-to-1 multiplexer for signal <sFifoTop[3]_X_4_o_wide_mux_27_OUT> created at line 86.
    Summary:
	inferred   2 Adder/Subtractor(s).
	inferred  94 D-type flip-flop(s).
	inferred  35 Multiplexer(s).
Unit <fifo> synthesized.

=========================================================================
HDL Synthesis Report

Macro Statistics
# Adders/Subtractors                                   : 2
 4-bit adder                                           : 1
 5-bit subtractor                                      : 1
# Registers                                            : 14
 1-bit register                                        : 2
 4-bit register                                        : 1
 8-bit register                                        : 11
# Multiplexers                                         : 35
 4-bit 2-to-1 multiplexer                              : 1
 8-bit 10-to-1 multiplexer                             : 1
 8-bit 2-to-1 multiplexer                              : 33

=========================================================================

=========================================================================
*                       Advanced HDL Synthesis                          *
=========================================================================


Synthesizing (advanced) Unit <fifo>.
The following registers are absorbed into counter <sFifoTop>: 1 register on signal <sFifoTop>.
Unit <fifo> synthesized (advanced).

=========================================================================
Advanced HDL Synthesis Report

Macro Statistics
# Adders/Subtractors                                   : 1
 5-bit subtractor                                      : 1
# Counters                                             : 1
 4-bit up counter                                      : 1
# Registers                                            : 90
 Flip-Flops                                            : 90
# Multiplexers                                         : 48
 1-bit 10-to-1 multiplexer                             : 8
 1-bit 2-to-1 multiplexer                              : 8
 8-bit 2-to-1 multiplexer                              : 32

=========================================================================

=========================================================================
*                         Low Level Synthesis                           *
=========================================================================

Optimizing unit <fifo> ...

Mapping all equations...
Building and optimizing final netlist ...
Found area constraint ratio of 100 (+ 5) on block fifo, actual ratio is 0.
FlipFlop sFifoTop_0 has been replicated 4 time(s)
FlipFlop sFifoTop_1 has been replicated 2 time(s)
FlipFlop sFifoTop_2 has been replicated 2 time(s)
FlipFlop sFifoTop_3 has been replicated 3 time(s)
FlipFlop soEMPTY has been replicated 2 time(s)
FlipFlop soFULL has been replicated 1 time(s)

Final Macro Processing ...

=========================================================================
Final Register Report

Macro Statistics
# Registers                                            : 108
 Flip-Flops                                            : 108

=========================================================================

=========================================================================
*                           Partition Report                            *
=========================================================================

Partition Implementation Status
-------------------------------

  No Partitions were found in this design.

-------------------------------

=========================================================================
*                            Design Summary                             *
=========================================================================

Top Level Output File Name         : fifo.ngc

Primitive and Black Box Usage:
------------------------------
# BELS                             : 183
#      INV                         : 1
#      LUT2                        : 5
#      LUT3                        : 1
#      LUT4                        : 28
#      LUT5                        : 10
#      LUT6                        : 130
#      MUXF7                       : 8
# FlipFlops/Latches                : 108
#      FD                          : 21
#      FDR                         : 66
#      FDRE                        : 18
#      FDS                         : 3
# Clock Buffers                    : 1
#      BUFGP                       : 1
# IO Buffers                       : 21
#      IBUF                        : 11
#      OBUF                        : 10

Device utilization summary:
---------------------------

Selected Device : 6slx45fgg676-2 


Slice Logic Utilization: 
 Number of Slice Registers:             108  out of  54576     0%  
 Number of Slice LUTs:                  175  out of  27288     0%  
    Number used as Logic:               175  out of  27288     0%  

Slice Logic Distribution: 
 Number of LUT Flip Flop pairs used:    185
   Number with an unused Flip Flop:      77  out of    185    41%  
   Number with an unused LUT:            10  out of    185     5%  
   Number of fully used LUT-FF pairs:    98  out of    185    52%  
   Number of unique control sets:        12

IO Utilization: 
 Number of IOs:                          22
 Number of bonded IOBs:                  22  out of    358     6%  

Specific Feature Utilization:
 Number of BUFG/BUFGCTRLs:                1  out of     16     6%  

---------------------------
Partition Resource Summary:
---------------------------

  No Partitions were found in this design.

---------------------------


=========================================================================
Timing Report

NOTE: THESE TIMING NUMBERS ARE ONLY A SYNTHESIS ESTIMATE.
      FOR ACCURATE TIMING INFORMATION PLEASE REFER TO THE TRACE REPORT
      GENERATED AFTER PLACE-and-ROUTE.

Clock Information:
------------------
-----------------------------------+------------------------+-------+
Clock Signal                       | Clock buffer(FF name)  | Load  |
-----------------------------------+------------------------+-------+
iCLK                               | BUFGP                  | 108   |
-----------------------------------+------------------------+-------+

Asynchronous Control Signals Information:
----------------------------------------
No asynchronous control signals found in this design

Timing Summary:
---------------
Speed Grade: -2

   Minimum period: 4.332ns (Maximum Frequency: 230.840MHz)
   Minimum input arrival time before clock: 5.708ns
   Maximum output required time after clock: 4.889ns
   Maximum combinational path delay: No path found

Timing Details:
---------------
All values displayed in nanoseconds (ns)

=========================================================================
Timing constraint: Default period analysis for Clock 'iCLK'
  Clock period: 4.332ns (frequency: 230.840MHz)
  Total number of paths / destination ports: 1592 / 190
-------------------------------------------------------------------------
Delay:               4.332ns (Levels of Logic = 3)
  Source:            sFifoTop_1_1 (FF)
  Destination:       s_fifo_0_0 (FF)
  Source Clock:      iCLK rising
  Destination Clock: iCLK rising

  Data Path: sFifoTop_1_1 to s_fifo_0_0
                                Gate     Net
    Cell:in->out      fanout   Delay   Delay  Logical Name (Net Name)
    ----------------------------------------  ------------
     FDRE:C->Q             1   0.525   0.958  sFifoTop_1_1 (sFifoTop_1_1)
     LUT4:I0->O           12   0.254   1.069  _n1058<4>1 (_n1058)
     LUT5:I4->O            8   0.254   0.944  _n0267_inv11 (_n0267_inv1)
     LUT6:I5->O            1   0.254   0.000  s_fifo_0_0_rstpot (s_fifo_0_0_rstpot)
     FD:D                      0.074          s_fifo_0_0
    ----------------------------------------
    Total                      4.332ns (1.361ns logic, 2.971ns route)
                                       (31.4% logic, 68.6% route)

=========================================================================
Timing constraint: Default OFFSET IN BEFORE for Clock 'iCLK'
  Total number of paths / destination ports: 492 / 200
-------------------------------------------------------------------------
Offset:              5.708ns (Levels of Logic = 3)
  Source:            iRD (PAD)
  Destination:       s_fifo_8_0 (FF)
  Destination Clock: iCLK rising

  Data Path: iRD to s_fifo_8_0
                                Gate     Net
    Cell:in->out      fanout   Delay   Delay  Logical Name (Net Name)
    ----------------------------------------  ------------
     IBUF:I->O            23   1.328   1.466  iRD_IBUF (iRD_IBUF)
     LUT2:I0->O           10   0.250   1.008  iRD_soEMPTY_AND_33_o1_1 (iRD_soEMPTY_AND_33_o1)
     LUT6:I5->O            8   0.254   0.943  _n0240_01 (_n0240_0)
     FDR:R                     0.459          s_fifo_6_0
    ----------------------------------------
    Total                      5.708ns (2.291ns logic, 3.417ns route)
                                       (40.1% logic, 59.9% route)

=========================================================================
Timing constraint: Default OFFSET OUT AFTER for Clock 'iCLK'
  Total number of paths / destination ports: 10 / 10
-------------------------------------------------------------------------
Offset:              4.889ns (Levels of Logic = 1)
  Source:            soFULL (FF)
  Destination:       oFULL (PAD)
  Source Clock:      iCLK rising

  Data Path: soFULL to oFULL
                                Gate     Net
    Cell:in->out      fanout   Delay   Delay  Logical Name (Net Name)
    ----------------------------------------  ------------
     FDR:C->Q             28   0.525   1.452  soFULL (soFULL)
     OBUF:I->O                 2.912          oFULL_OBUF (oFULL)
    ----------------------------------------
    Total                      4.889ns (3.437ns logic, 1.452ns route)
                                       (70.3% logic, 29.7% route)

=========================================================================

Cross Clock Domains Report:
--------------------------

Clock to Setup on destination clock iCLK
---------------+---------+---------+---------+---------+
               | Src:Rise| Src:Fall| Src:Rise| Src:Fall|
Source Clock   |Dest:Rise|Dest:Rise|Dest:Fall|Dest:Fall|
---------------+---------+---------+---------+---------+
iCLK           |    4.332|         |         |         |
---------------+---------+---------+---------+---------+

=========================================================================


Total REAL time to Xst completion: 6.00 secs
Total CPU time to Xst completion: 6.26 secs
 
--> 

Total memory usage is 260464 kilobytes

Number of errors   :    0 (   0 filtered)
Number of warnings :    0 (   0 filtered)
Number of infos    :    0 (   0 filtered)

