ISim log file
Running: D:\LPRS1_git\LPRS1\zbirka\08projektovanje_procesora\8.8\mul\mul_tb_isim_beh.exe -intstyle ise -gui -tclbatch isim.cmd -wdb D:/LPRS1_git/LPRS1/zbirka/08projektovanje_procesora/8.8/mul/mul_tb_isim_beh.wdb 
ISim P.20131013 (signature 0x7708f090)
----------------------------------------------------------------------
INFO:Security:50 - The XILINXD_LICENSE_FILE environment variable is set to '2100@licserver'.
INFO:Security:53 - The LM_LICENSE_FILE environment variable is not set.
WARNING:Security:43 - No license file was found in the standard Xilinx license directory.
WARNING:Security:44 - Since no license file was found,
       please run the Xilinx License Configuration Manager
       (xlcm or "Manage Xilinx Licenses")
       to assist in obtaining a license.
WARNING:Security:42 - Your software subscription period has lapsed. Your current version of Xilinx tools will continue to function, but you no longer qualify for Xilinx software updates or new releases.


----------------------------------------------------------------------
This is a Full version of ISim.
Time resolution is 1 ps
# onerror resume
# wave add /
# run 1000 ns
Simulator is doing circuit initialization process.
at 0 ps, Instance /mul_tb/uut/ : Warning: NUMERIC_STD.TO_INTEGER: metavalue detected, returning 0
ERROR: In process mul.vhd:146 
 Target Size 4 and source size 1 for array dimension 0 does not match. 

INFO: Simulator is stopped.
ISim P.20131013 (signature 0x7708f090)
----------------------------------------------------------------------
INFO:Security:50 - The XILINXD_LICENSE_FILE environment variable is set to '2100@licserver'.
INFO:Security:53 - The LM_LICENSE_FILE environment variable is not set.
WARNING:Security:43 - No license file was found in the standard Xilinx license directory.
WARNING:Security:44 - Since no license file was found,
       please run the Xilinx License Configuration Manager
       (xlcm or "Manage Xilinx Licenses")
       to assist in obtaining a license.
WARNING:Security:42 - Your software subscription period has lapsed. Your current version of Xilinx tools will continue to function, but you no longer qualify for Xilinx software updates or new releases.


----------------------------------------------------------------------
This is a Full version of ISim.
# run 1000 ns
Simulator is doing circuit initialization process.
at 0 ps, Instance /mul_tb/uut/ : Warning: NUMERIC_STD.TO_INTEGER: metavalue detected, returning 0
ERROR: In process mul.vhd:146 
 Target Size 4 and source size 1 for array dimension 0 does not match. 

INFO: Simulator is stopped.
ISim P.20131013 (signature 0x7708f090)
----------------------------------------------------------------------
INFO:Security:50 - The XILINXD_LICENSE_FILE environment variable is set to '2100@licserver'.
INFO:Security:53 - The LM_LICENSE_FILE environment variable is not set.
WARNING:Security:43 - No license file was found in the standard Xilinx license directory.
WARNING:Security:44 - Since no license file was found,
       please run the Xilinx License Configuration Manager
       (xlcm or "Manage Xilinx Licenses")
       to assist in obtaining a license.
WARNING:Security:42 - Your software subscription period has lapsed. Your current version of Xilinx tools will continue to function, but you no longer qualify for Xilinx software updates or new releases.


----------------------------------------------------------------------
This is a Full version of ISim.
# run 1000 ns
Simulator is doing circuit initialization process.
at 0 ps, Instance /mul_tb/uut/ : Warning: NUMERIC_STD.TO_INTEGER: metavalue detected, returning 0
at 0 ps, Instance /mul_tb/uut/ : Warning: NUMERIC_STD.TO_INTEGER: metavalue detected, returning 0
ERROR: In process mul.vhd:146 
 Target Size 4 and source size 1 for array dimension 0 does not match. 

INFO: Simulator is stopped.
