Release 14.7 - xst P.20131013 (nt64)
Copyright (c) 1995-2013 Xilinx, Inc.  All rights reserved.
--> Parameter TMPDIR set to xst/projnav.tmp


Total REAL time to Xst completion: 0.00 secs
Total CPU time to Xst completion: 0.10 secs
 
--> Parameter xsthdpdir set to xst


Total REAL time to Xst completion: 0.00 secs
Total CPU time to Xst completion: 0.10 secs
 
--> Reading design: ALU.prj

TABLE OF CONTENTS
  1) Synthesis Options Summary
  2) HDL Parsing
  3) HDL Elaboration
  4) HDL Synthesis
       4.1) HDL Synthesis Report
  5) Advanced HDL Synthesis
       5.1) Advanced HDL Synthesis Report
  6) Low Level Synthesis
  7) Partition Report
  8) Design Summary
       8.1) Primitive and Black Box Usage
       8.2) Device utilization summary
       8.3) Partition Resource Summary
       8.4) Timing Report
            8.4.1) Clock Information
            8.4.2) Asynchronous Control Signals Information
            8.4.3) Timing Summary
            8.4.4) Timing Details
            8.4.5) Cross Clock Domains Report


=========================================================================
*                      Synthesis Options Summary                        *
=========================================================================
---- Source Parameters
Input File Name                    : "ALU.prj"
Ignore Synthesis Constraint File   : NO

---- Target Parameters
Output File Name                   : "ALU"
Output Format                      : NGC
Target Device                      : xc6slx45-2-fgg676

---- Source Options
Top Module Name                    : ALU
Automatic FSM Extraction           : YES
FSM Encoding Algorithm             : Auto
Safe Implementation                : No
FSM Style                          : LUT
RAM Extraction                     : Yes
RAM Style                          : Auto
ROM Extraction                     : Yes
Shift Register Extraction          : YES
ROM Style                          : Auto
Resource Sharing                   : YES
Asynchronous To Synchronous        : NO
Shift Register Minimum Size        : 2
Use DSP Block                      : Auto
Automatic Register Balancing       : No

---- Target Options
LUT Combining                      : Auto
Reduce Control Sets                : Auto
Add IO Buffers                     : YES
Global Maximum Fanout              : 100000
Add Generic Clock Buffer(BUFG)     : 16
Register Duplication               : YES
Optimize Instantiated Primitives   : NO
Use Clock Enable                   : Auto
Use Synchronous Set                : Auto
Use Synchronous Reset              : Auto
Pack IO Registers into IOBs        : Auto
Equivalent register Removal        : YES

---- General Options
Optimization Goal                  : Speed
Optimization Effort                : 1
Power Reduction                    : NO
Keep Hierarchy                     : No
Netlist Hierarchy                  : As_Optimized
RTL Output                         : Yes
Global Optimization                : AllClockNets
Read Cores                         : YES
Write Timing Constraints           : NO
Cross Clock Analysis               : NO
Hierarchy Separator                : /
Bus Delimiter                      : <>
Case Specifier                     : Maintain
Slice Utilization Ratio            : 100
BRAM Utilization Ratio             : 100
DSP48 Utilization Ratio            : 100
Auto BRAM Packing                  : NO
Slice Utilization Ratio Delta      : 5

=========================================================================


=========================================================================
*                          HDL Parsing                                  *
=========================================================================
Parsing VHDL file "D:\LPRS1_git\LPRS1\zbirka\08projektovanje_procesora\8.19\proc\ALU.vhd" into library work
Parsing entity <ALU>.
Parsing architecture <Behavioral> of entity <alu>.

=========================================================================
*                            HDL Elaboration                            *
=========================================================================

Elaborating entity <ALU> (architecture <Behavioral>) from library <work>.

=========================================================================
*                           HDL Synthesis                               *
=========================================================================

Synthesizing Unit <ALU>.
    Related source file is "D:\LPRS1_git\LPRS1\zbirka\08projektovanje_procesora\8.19\proc\ALU.vhd".
    Found 5-bit adder for signal <sA[4]_GND_4_o_add_3_OUT> created at line 1241.
    Found 5-bit adder for signal <n0035> created at line 58.
    Found 5-bit adder for signal <sA[4]_GND_4_o_add_9_OUT> created at line 1241.
    Found 5-bit subtractor for signal <GND_4_o_GND_4_o_sub_3_OUT<4:0>> created at line 1308.
    Found 5-bit subtractor for signal <GND_4_o_GND_4_o_sub_7_OUT<4:0>> created at line 57.
    Found 5-bit subtractor for signal <GND_4_o_GND_4_o_sub_8_OUT<4:0>> created at line 1308.
    Found 5-bit 8-to-1 multiplexer for signal <sF> created at line 51.
    Summary:
	inferred   6 Adder/Subtractor(s).
	inferred   1 Multiplexer(s).
Unit <ALU> synthesized.

=========================================================================
HDL Synthesis Report

Macro Statistics
# Adders/Subtractors                                   : 6
 5-bit adder                                           : 3
 5-bit subtractor                                      : 3
# Multiplexers                                         : 1
 5-bit 8-to-1 multiplexer                              : 1

=========================================================================

=========================================================================
*                       Advanced HDL Synthesis                          *
=========================================================================


=========================================================================
Advanced HDL Synthesis Report

Macro Statistics
# Adders/Subtractors                                   : 6
 5-bit adder                                           : 3
 5-bit subtractor                                      : 3
# Multiplexers                                         : 1
 5-bit 8-to-1 multiplexer                              : 1

=========================================================================

=========================================================================
*                         Low Level Synthesis                           *
=========================================================================

Optimizing unit <ALU> ...

Mapping all equations...
Building and optimizing final netlist ...
Found area constraint ratio of 100 (+ 5) on block ALU, actual ratio is 0.

Final Macro Processing ...

=========================================================================
Final Register Report

Found no macro
=========================================================================

=========================================================================
*                           Partition Report                            *
=========================================================================

Partition Implementation Status
-------------------------------

  No Partitions were found in this design.

-------------------------------

=========================================================================
*                            Design Summary                             *
=========================================================================

Top Level Output File Name         : ALU.ngc

Primitive and Black Box Usage:
------------------------------
# BELS                             : 28
#      LUT2                        : 3
#      LUT3                        : 1
#      LUT4                        : 2
#      LUT5                        : 8
#      LUT6                        : 10
#      MUXF7                       : 4
# IO Buffers                       : 16
#      IBUF                        : 11
#      OBUF                        : 5

Device utilization summary:
---------------------------

Selected Device : 6slx45fgg676-2 


Slice Logic Utilization: 
 Number of Slice LUTs:                   24  out of  27288     0%  
    Number used as Logic:                24  out of  27288     0%  

Slice Logic Distribution: 
 Number of LUT Flip Flop pairs used:     24
   Number with an unused Flip Flop:      24  out of     24   100%  
   Number with an unused LUT:             0  out of     24     0%  
   Number of fully used LUT-FF pairs:     0  out of     24     0%  
   Number of unique control sets:         0

IO Utilization: 
 Number of IOs:                          16
 Number of bonded IOBs:                  16  out of    358     4%  

Specific Feature Utilization:

---------------------------
Partition Resource Summary:
---------------------------

  No Partitions were found in this design.

---------------------------


=========================================================================
Timing Report

NOTE: THESE TIMING NUMBERS ARE ONLY A SYNTHESIS ESTIMATE.
      FOR ACCURATE TIMING INFORMATION PLEASE REFER TO THE TRACE REPORT
      GENERATED AFTER PLACE-and-ROUTE.

Clock Information:
------------------
No clock signals found in this design

Asynchronous Control Signals Information:
----------------------------------------
No asynchronous control signals found in this design

Timing Summary:
---------------
Speed Grade: -2

   Minimum period: No path found
   Minimum input arrival time before clock: No path found
   Maximum output required time after clock: No path found
   Maximum combinational path delay: 9.699ns

Timing Details:
---------------
All values displayed in nanoseconds (ns)

=========================================================================
Timing constraint: Default path analysis
  Total number of paths / destination ports: 178 / 5
-------------------------------------------------------------------------
Delay:               9.699ns (Levels of Logic = 6)
  Source:            iSEL<2> (PAD)
  Destination:       oC (PAD)

  Data Path: iSEL<2> to oC
                                Gate     Net
    Cell:in->out      fanout   Delay   Delay  Logical Name (Net Name)
    ----------------------------------------  ------------
     IBUF:I->O            12   1.328   1.524  iSEL_2_IBUF (iSEL_2_IBUF)
     LUT6:I0->O            2   0.254   0.726  Mmux_sF511 (Mmux_sF51)
     LUT5:I4->O            2   0.254   0.834  Mmux_sF581 (Mmux_sF58)
     LUT6:I4->O            1   0.250   0.682  Mmux_sF11 (Mmux_sF1)
     LUT6:I5->O            1   0.254   0.681  Mmux_sF13 (oC_OBUF)
     OBUF:I->O                 2.912          oC_OBUF (oC)
    ----------------------------------------
    Total                      9.699ns (5.252ns logic, 4.447ns route)
                                       (54.1% logic, 45.9% route)

=========================================================================

Cross Clock Domains Report:
--------------------------

=========================================================================


Total REAL time to Xst completion: 5.00 secs
Total CPU time to Xst completion: 5.09 secs
 
--> 

Total memory usage is 259184 kilobytes

Number of errors   :    0 (   0 filtered)
Number of warnings :    0 (   0 filtered)
Number of infos    :    0 (   0 filtered)

