Running: C:\Xilinx\14.7\ISE_DS\ISE\bin\nt64\unwrapped\fuse.exe -intstyle ise -incremental -lib secureip -o D:/LPRS1_git/LPRS1/zbirka/08projektovanje_procesora/8.12/8.12.b/Proc_CU/procCU_tb_isim_beh.exe -prj D:/LPRS1_git/LPRS1/zbirka/08projektovanje_procesora/8.12/8.12.b/Proc_CU/procCU_tb_beh.prj work.procCU_tb 
ISim P.20131013 (signature 0x7708f090)
Number of CPUs detected in this system: 4
Turning on mult-threading, number of parallel sub-compilation jobs: 8 
Determining compilation order of HDL files
Parsing VHDL file "D:/LPRS1_git/LPRS1/zbirka/08projektovanje_procesora/8.12/8.12.b/Proc_CU/JK_ff.vhd" into library work
Parsing VHDL file "D:/LPRS1_git/LPRS1/zbirka/08projektovanje_procesora/8.12/8.12.b/Proc_CU/../../../../03standardne_kombinacione_mreze/3.13/dec3x8/dec2x4.vhd" into library work
Parsing VHDL file "D:/LPRS1_git/LPRS1/zbirka/08projektovanje_procesora/8.12/8.12.b/Proc_CU/CU.vhd" into library work
Parsing VHDL file "D:/LPRS1_git/LPRS1/zbirka/08projektovanje_procesora/8.12/8.12.b/Proc_CU/../../../../03standardne_kombinacione_mreze/3.13/dec3x8/dec3x8.vhd" into library work
Parsing VHDL file "D:/LPRS1_git/LPRS1/zbirka/08projektovanje_procesora/8.12/8.12.b/Proc_CU/Proc_CU_top.vhd" into library work
Parsing VHDL file "D:/LPRS1_git/LPRS1/zbirka/08projektovanje_procesora/8.12/8.12.b/Proc_CU/procCU_tb.vhd" into library work
Starting static elaboration
Completed static elaboration
Compiling package standard
Compiling package std_logic_1164
Compiling architecture df of entity dec2x4 [dec2x4_default]
Compiling architecture behavioral of entity dec3x8 [dec3x8_default]
Compiling architecture behavioral of entity JK_ff [jk_ff_default]
Compiling architecture behavioral of entity CU [cu_default]
Compiling architecture behavioral of entity Proc_CU_top [proc_cu_top_default]
Compiling architecture behavior of entity proccu_tb
Time Resolution for simulation is 1ps.
Waiting for 1 sub-compilation(s) to finish...
Compiled 13 VHDL Units
Built simulation executable D:/LPRS1_git/LPRS1/zbirka/08projektovanje_procesora/8.12/8.12.b/Proc_CU/procCU_tb_isim_beh.exe
Fuse Memory Usage: 29508 KB
Fuse CPU Usage: 467 ms
