Release 14.7 - xst P.20131013 (nt64)
Copyright (c) 1995-2013 Xilinx, Inc.  All rights reserved.
--> Parameter TMPDIR set to xst/projnav.tmp


Total REAL time to Xst completion: 0.00 secs
Total CPU time to Xst completion: 0.10 secs
 
--> Parameter xsthdpdir set to xst


Total REAL time to Xst completion: 0.00 secs
Total CPU time to Xst completion: 0.10 secs
 
--> Reading design: Proc_CU_top.prj

TABLE OF CONTENTS
  1) Synthesis Options Summary
  2) HDL Parsing
  3) HDL Elaboration
  4) HDL Synthesis
       4.1) HDL Synthesis Report
  5) Advanced HDL Synthesis
       5.1) Advanced HDL Synthesis Report
  6) Low Level Synthesis
  7) Partition Report
  8) Design Summary
       8.1) Primitive and Black Box Usage
       8.2) Device utilization summary
       8.3) Partition Resource Summary
       8.4) Timing Report
            8.4.1) Clock Information
            8.4.2) Asynchronous Control Signals Information
            8.4.3) Timing Summary
            8.4.4) Timing Details
            8.4.5) Cross Clock Domains Report


=========================================================================
*                      Synthesis Options Summary                        *
=========================================================================
---- Source Parameters
Input File Name                    : "Proc_CU_top.prj"
Ignore Synthesis Constraint File   : NO

---- Target Parameters
Output File Name                   : "Proc_CU_top"
Output Format                      : NGC
Target Device                      : xc6slx45-2-fgg676

---- Source Options
Top Module Name                    : Proc_CU_top
Automatic FSM Extraction           : YES
FSM Encoding Algorithm             : Auto
Safe Implementation                : No
FSM Style                          : LUT
RAM Extraction                     : Yes
RAM Style                          : Auto
ROM Extraction                     : Yes
Shift Register Extraction          : YES
ROM Style                          : Auto
Resource Sharing                   : YES
Asynchronous To Synchronous        : NO
Shift Register Minimum Size        : 2
Use DSP Block                      : Auto
Automatic Register Balancing       : No

---- Target Options
LUT Combining                      : Auto
Reduce Control Sets                : Auto
Add IO Buffers                     : YES
Global Maximum Fanout              : 100000
Add Generic Clock Buffer(BUFG)     : 16
Register Duplication               : YES
Optimize Instantiated Primitives   : NO
Use Clock Enable                   : Auto
Use Synchronous Set                : Auto
Use Synchronous Reset              : Auto
Pack IO Registers into IOBs        : Auto
Equivalent register Removal        : YES

---- General Options
Optimization Goal                  : Speed
Optimization Effort                : 1
Power Reduction                    : NO
Keep Hierarchy                     : No
Netlist Hierarchy                  : As_Optimized
RTL Output                         : Yes
Global Optimization                : AllClockNets
Read Cores                         : YES
Write Timing Constraints           : NO
Cross Clock Analysis               : NO
Hierarchy Separator                : /
Bus Delimiter                      : <>
Case Specifier                     : Maintain
Slice Utilization Ratio            : 100
BRAM Utilization Ratio             : 100
DSP48 Utilization Ratio            : 100
Auto BRAM Packing                  : NO
Slice Utilization Ratio Delta      : 5

=========================================================================


=========================================================================
*                          HDL Parsing                                  *
=========================================================================
Parsing VHDL file "D:\LPRS1_git\LPRS1\zbirka\08projektovanje_procesora\8.12\8.12.b\Proc_CU\JK_ff.vhd" into library work
Parsing entity <JK_ff>.
Parsing architecture <Behavioral> of entity <jk_ff>.
Parsing VHDL file "D:\LPRS1_git\LPRS1\zbirka\03standardne_kombinacione_mreze\3.13\dec3x8\dec2x4.vhd" into library work
Parsing entity <dec2x4>.
Parsing architecture <DF> of entity <dec2x4>.
Parsing VHDL file "D:\LPRS1_git\LPRS1\zbirka\08projektovanje_procesora\8.12\8.12.b\Proc_CU\CU.vhd" into library work
Parsing entity <CU>.
Parsing architecture <Behavioral> of entity <cu>.
Parsing VHDL file "D:\LPRS1_git\LPRS1\zbirka\03standardne_kombinacione_mreze\3.13\dec3x8\dec3x8.vhd" into library work
Parsing entity <dec3x8>.
Parsing architecture <Behavioral> of entity <dec3x8>.
Parsing VHDL file "D:\LPRS1_git\LPRS1\zbirka\08projektovanje_procesora\8.12\8.12.b\Proc_CU\Proc_CU_top.vhd" into library work
Parsing entity <Proc_CU_top>.
Parsing architecture <Behavioral> of entity <proc_cu_top>.

=========================================================================
*                            HDL Elaboration                            *
=========================================================================

Elaborating entity <Proc_CU_top> (architecture <Behavioral>) from library <work>.

Elaborating entity <dec3x8> (architecture <Behavioral>) from library <work>.

Elaborating entity <dec2x4> (architecture <DF>) from library <work>.

Elaborating entity <CU> (architecture <Behavioral>) from library <work>.

Elaborating entity <JK_ff> (architecture <Behavioral>) from library <work>.

=========================================================================
*                           HDL Synthesis                               *
=========================================================================

Synthesizing Unit <Proc_CU_top>.
    Related source file is "D:\LPRS1_git\LPRS1\zbirka\08projektovanje_procesora\8.12\8.12.b\Proc_CU\Proc_CU_top.vhd".
INFO:Xst:3210 - "D:\LPRS1_git\LPRS1\zbirka\08projektovanje_procesora\8.12\8.12.b\Proc_CU\Proc_CU_top.vhd" line 92: Output port <oQn> of the instance <Inst_CU> is unconnected or connected to loadless signal.
    Summary:
	no macro.
Unit <Proc_CU_top> synthesized.

Synthesizing Unit <dec3x8>.
    Related source file is "D:\LPRS1_git\LPRS1\zbirka\03standardne_kombinacione_mreze\3.13\dec3x8\dec3x8.vhd".
    Summary:
	no macro.
Unit <dec3x8> synthesized.

Synthesizing Unit <dec2x4>.
    Related source file is "D:\LPRS1_git\LPRS1\zbirka\03standardne_kombinacione_mreze\3.13\dec3x8\dec2x4.vhd".
    Summary:
	no macro.
Unit <dec2x4> synthesized.

Synthesizing Unit <CU>.
    Related source file is "D:\LPRS1_git\LPRS1\zbirka\08projektovanje_procesora\8.12\8.12.b\Proc_CU\CU.vhd".
    Summary:
	no macro.
Unit <CU> synthesized.

Synthesizing Unit <JK_ff>.
    Related source file is "D:\LPRS1_git\LPRS1\zbirka\08projektovanje_procesora\8.12\8.12.b\Proc_CU\JK_ff.vhd".
    Found 1-bit register for signal <sQ>.
    Summary:
	inferred   1 D-type flip-flop(s).
	inferred   1 Multiplexer(s).
Unit <JK_ff> synthesized.

=========================================================================
HDL Synthesis Report

Macro Statistics
# Registers                                            : 3
 1-bit register                                        : 3
# Multiplexers                                         : 3
 1-bit 2-to-1 multiplexer                              : 3

=========================================================================

=========================================================================
*                       Advanced HDL Synthesis                          *
=========================================================================


=========================================================================
Advanced HDL Synthesis Report

Macro Statistics
# Registers                                            : 3
 Flip-Flops                                            : 3

=========================================================================

=========================================================================
*                         Low Level Synthesis                           *
=========================================================================

Optimizing unit <Proc_CU_top> ...

Mapping all equations...
Building and optimizing final netlist ...
Found area constraint ratio of 100 (+ 5) on block Proc_CU_top, actual ratio is 0.

Final Macro Processing ...

=========================================================================
Final Register Report

Macro Statistics
# Registers                                            : 3
 Flip-Flops                                            : 3

=========================================================================

=========================================================================
*                           Partition Report                            *
=========================================================================

Partition Implementation Status
-------------------------------

  No Partitions were found in this design.

-------------------------------

=========================================================================
*                            Design Summary                             *
=========================================================================

Top Level Output File Name         : Proc_CU_top.ngc

Primitive and Black Box Usage:
------------------------------
# BELS                             : 12
#      INV                         : 1
#      LUT4                        : 8
#      LUT5                        : 3
# FlipFlops/Latches                : 3
#      FDR                         : 3
# Clock Buffers                    : 1
#      BUFGP                       : 1
# IO Buffers                       : 11
#      IBUF                        : 3
#      OBUF                        : 8

Device utilization summary:
---------------------------

Selected Device : 6slx45fgg676-2 


Slice Logic Utilization: 
 Number of Slice Registers:               3  out of  54576     0%  
 Number of Slice LUTs:                   12  out of  27288     0%  
    Number used as Logic:                12  out of  27288     0%  

Slice Logic Distribution: 
 Number of LUT Flip Flop pairs used:     12
   Number with an unused Flip Flop:       9  out of     12    75%  
   Number with an unused LUT:             0  out of     12     0%  
   Number of fully used LUT-FF pairs:     3  out of     12    25%  
   Number of unique control sets:         1

IO Utilization: 
 Number of IOs:                          12
 Number of bonded IOBs:                  12  out of    358     3%  

Specific Feature Utilization:
 Number of BUFG/BUFGCTRLs:                1  out of     16     6%  

---------------------------
Partition Resource Summary:
---------------------------

  No Partitions were found in this design.

---------------------------


=========================================================================
Timing Report

NOTE: THESE TIMING NUMBERS ARE ONLY A SYNTHESIS ESTIMATE.
      FOR ACCURATE TIMING INFORMATION PLEASE REFER TO THE TRACE REPORT
      GENERATED AFTER PLACE-and-ROUTE.

Clock Information:
------------------
-----------------------------------+------------------------+-------+
Clock Signal                       | Clock buffer(FF name)  | Load  |
-----------------------------------+------------------------+-------+
iCLK                               | BUFGP                  | 3     |
-----------------------------------+------------------------+-------+

Asynchronous Control Signals Information:
----------------------------------------
No asynchronous control signals found in this design

Timing Summary:
---------------
Speed Grade: -2

   Minimum period: 2.101ns (Maximum Frequency: 475.964MHz)
   Minimum input arrival time before clock: 3.875ns
   Maximum output required time after clock: 5.687ns
   Maximum combinational path delay: 6.520ns

Timing Details:
---------------
All values displayed in nanoseconds (ns)

=========================================================================
Timing constraint: Default period analysis for Clock 'iCLK'
  Clock period: 2.101ns (frequency: 475.964MHz)
  Total number of paths / destination ports: 9 / 3
-------------------------------------------------------------------------
Delay:               2.101ns (Levels of Logic = 1)
  Source:            Inst_CU/Inst_JK_ff1/sQ (FF)
  Destination:       Inst_CU/Inst_JK_ff2/sQ (FF)
  Source Clock:      iCLK rising
  Destination Clock: iCLK rising

  Data Path: Inst_CU/Inst_JK_ff1/sQ to Inst_CU/Inst_JK_ff2/sQ
                                Gate     Net
    Cell:in->out      fanout   Delay   Delay  Logical Name (Net Name)
    ----------------------------------------  ------------
     FDR:C->Q             11   0.525   1.267  Inst_CU/Inst_JK_ff1/sQ (Inst_CU/Inst_JK_ff1/sQ)
     LUT5:I2->O            1   0.235   0.000  Inst_CU/Inst_JK_ff2/sQ_glue_set (Inst_CU/Inst_JK_ff2/sQ_glue_set)
     FDR:D                     0.074          Inst_CU/Inst_JK_ff2/sQ
    ----------------------------------------
    Total                      2.101ns (0.834ns logic, 1.267ns route)
                                       (39.7% logic, 60.3% route)

=========================================================================
Timing constraint: Default OFFSET IN BEFORE for Clock 'iCLK'
  Total number of paths / destination ports: 9 / 6
-------------------------------------------------------------------------
Offset:              3.875ns (Levels of Logic = 2)
  Source:            iRSTn (PAD)
  Destination:       Inst_CU/Inst_JK_ff2/sQ (FF)
  Destination Clock: iCLK rising

  Data Path: iRSTn to Inst_CU/Inst_JK_ff2/sQ
                                Gate     Net
    Cell:in->out      fanout   Delay   Delay  Logical Name (Net Name)
    ----------------------------------------  ------------
     IBUF:I->O            12   1.328   1.068  iRSTn_IBUF (iRSTn_IBUF)
     INV:I->O              3   0.255   0.765  Inst_CU/Inst_JK_ff0/iRSTn_inv1_INV_0 (Inst_CU/Inst_JK_ff0/iRSTn_inv)
     FDR:R                     0.459          Inst_CU/Inst_JK_ff2/sQ
    ----------------------------------------
    Total                      3.875ns (2.042ns logic, 1.833ns route)
                                       (52.7% logic, 47.3% route)

=========================================================================
Timing constraint: Default OFFSET OUT AFTER for Clock 'iCLK'
  Total number of paths / destination ports: 24 / 8
-------------------------------------------------------------------------
Offset:              5.687ns (Levels of Logic = 2)
  Source:            Inst_CU/Inst_JK_ff2/sQ (FF)
  Destination:       oD<7> (PAD)
  Source Clock:      iCLK rising

  Data Path: Inst_CU/Inst_JK_ff2/sQ to oD<7>
                                Gate     Net
    Cell:in->out      fanout   Delay   Delay  Logical Name (Net Name)
    ----------------------------------------  ------------
     FDR:C->Q             11   0.525   1.315  Inst_CU/Inst_JK_ff2/sQ (Inst_CU/Inst_JK_ff2/sQ)
     LUT4:I0->O            1   0.254   0.681  Inst_dec3x8/G1/oD<0>1 (oD_0_OBUF)
     OBUF:I->O                 2.912          oD_0_OBUF (oD<0>)
    ----------------------------------------
    Total                      5.687ns (3.691ns logic, 1.996ns route)
                                       (64.9% logic, 35.1% route)

=========================================================================
Timing constraint: Default path analysis
  Total number of paths / destination ports: 8 / 8
-------------------------------------------------------------------------
Delay:               6.520ns (Levels of Logic = 3)
  Source:            iRSTn (PAD)
  Destination:       oD<2> (PAD)

  Data Path: iRSTn to oD<2>
                                Gate     Net
    Cell:in->out      fanout   Delay   Delay  Logical Name (Net Name)
    ----------------------------------------  ------------
     IBUF:I->O            12   1.328   1.345  iRSTn_IBUF (iRSTn_IBUF)
     LUT4:I0->O            1   0.254   0.681  Inst_dec3x8/G1/oD<2>1 (oD_2_OBUF)
     OBUF:I->O                 2.912          oD_2_OBUF (oD<2>)
    ----------------------------------------
    Total                      6.520ns (4.494ns logic, 2.026ns route)
                                       (68.9% logic, 31.1% route)

=========================================================================

Cross Clock Domains Report:
--------------------------

Clock to Setup on destination clock iCLK
---------------+---------+---------+---------+---------+
               | Src:Rise| Src:Fall| Src:Rise| Src:Fall|
Source Clock   |Dest:Rise|Dest:Rise|Dest:Fall|Dest:Fall|
---------------+---------+---------+---------+---------+
iCLK           |    2.101|         |         |         |
---------------+---------+---------+---------+---------+

=========================================================================


Total REAL time to Xst completion: 5.00 secs
Total CPU time to Xst completion: 4.89 secs
 
--> 

Total memory usage is 257136 kilobytes

Number of errors   :    0 (   0 filtered)
Number of warnings :    0 (   0 filtered)
Number of infos    :    1 (   0 filtered)

