--------------------------------------------------------------------------------
Release 14.7 Trace  (nt64)
Copyright (c) 1995-2013 Xilinx, Inc.  All rights reserved.

C:\Xilinx\14.7\ISE_DS\ISE\bin\nt64\unwrapped\trce.exe -intstyle ise -v 3 -s 2
-n 3 -fastpaths -xml ram16x8.twx ram16x8.ncd -o ram16x8.twr ram16x8.pcf

Design file:              ram16x8.ncd
Physical constraint file: ram16x8.pcf
Device,package,speed:     xc6slx4,tqg144,C,-2 (PRODUCTION 1.23 2013-10-13)
Report level:             verbose report

Environment Variable      Effect 
--------------------      ------ 
NONE                      No environment variables were set
--------------------------------------------------------------------------------

INFO:Timing:2698 - No timing constraints found, doing default enumeration.
INFO:Timing:3412 - To improve timing, see the Timing Closure User Guide (UG612).
INFO:Timing:2752 - To get complete path coverage, use the unconstrained paths 
   option. All paths that are not constrained will be reported in the 
   unconstrained paths section(s) of the report.
INFO:Timing:3339 - The clock-to-out numbers in this timing report are based on 
   a 50 Ohm transmission line loading model.  For the details of this model, 
   and for more information on accounting for different loading conditions, 
   please see the device datasheet.



Data Sheet report:
-----------------
All values displayed in nanoseconds (ns)

Setup/Hold to clock iWR
------------+------------+------------+------------+------------+------------------+--------+
            |Max Setup to|  Process   |Max Hold to |  Process   |                  | Clock  |
Source      | clk (edge) |   Corner   | clk (edge) |   Corner   |Internal Clock(s) | Phase  |
------------+------------+------------+------------+------------+------------------+--------+
iADDRESS<0> |    5.104(F)|      SLOW  |   -0.802(F)|      FAST  |iWR_BUFGP         |   0.000|
iADDRESS<1> |    4.708(F)|      SLOW  |   -0.564(F)|      SLOW  |iWR_BUFGP         |   0.000|
iADDRESS<2> |    5.021(F)|      SLOW  |   -0.762(F)|      FAST  |iWR_BUFGP         |   0.000|
iADDRESS<3> |    4.461(F)|      SLOW  |   -0.748(F)|      FAST  |iWR_BUFGP         |   0.000|
iDATA<0>    |    2.231(F)|      SLOW  |    0.193(F)|      SLOW  |iWR_BUFGP         |   0.000|
iDATA<1>    |    2.318(F)|      SLOW  |    0.211(F)|      SLOW  |iWR_BUFGP         |   0.000|
iDATA<2>    |    2.859(F)|      SLOW  |    0.086(F)|      SLOW  |iWR_BUFGP         |   0.000|
iDATA<3>    |    2.489(F)|      SLOW  |    0.353(F)|      SLOW  |iWR_BUFGP         |   0.000|
iDATA<4>    |    2.704(F)|      SLOW  |    0.168(F)|      SLOW  |iWR_BUFGP         |   0.000|
iDATA<5>    |    2.139(F)|      SLOW  |    0.547(F)|      SLOW  |iWR_BUFGP         |   0.000|
iDATA<6>    |    2.671(F)|      SLOW  |    0.026(F)|      SLOW  |iWR_BUFGP         |   0.000|
iDATA<7>    |    2.715(F)|      SLOW  |    0.345(F)|      SLOW  |iWR_BUFGP         |   0.000|
------------+------------+------------+------------+------------+------------------+--------+

Clock iWR to Pad
------------+-----------------+------------+-----------------+------------+------------------+--------+
            |Max (slowest) clk|  Process   |Min (fastest) clk|  Process   |                  | Clock  |
Destination |  (edge) to PAD  |   Corner   |  (edge) to PAD  |   Corner   |Internal Clock(s) | Phase  |
------------+-----------------+------------+-----------------+------------+------------------+--------+
oDATA<0>    |        11.307(F)|      SLOW  |         4.349(F)|      FAST  |iWR_BUFGP         |   0.000|
oDATA<1>    |        11.129(F)|      SLOW  |         4.313(F)|      FAST  |iWR_BUFGP         |   0.000|
oDATA<2>    |        10.904(F)|      SLOW  |         4.246(F)|      FAST  |iWR_BUFGP         |   0.000|
oDATA<3>    |        10.807(F)|      SLOW  |         3.909(F)|      FAST  |iWR_BUFGP         |   0.000|
oDATA<4>    |        11.345(F)|      SLOW  |         4.445(F)|      FAST  |iWR_BUFGP         |   0.000|
oDATA<5>    |        11.497(F)|      SLOW  |         4.408(F)|      FAST  |iWR_BUFGP         |   0.000|
oDATA<6>    |        11.594(F)|      SLOW  |         4.528(F)|      FAST  |iWR_BUFGP         |   0.000|
oDATA<7>    |        11.608(F)|      SLOW  |         4.495(F)|      FAST  |iWR_BUFGP         |   0.000|
------------+-----------------+------------+-----------------+------------+------------------+--------+

Pad to Pad
---------------+---------------+---------+
Source Pad     |Destination Pad|  Delay  |
---------------+---------------+---------+
iADDRESS<0>    |oDATA<0>       |   10.611|
iADDRESS<0>    |oDATA<1>       |   10.098|
iADDRESS<0>    |oDATA<2>       |   10.053|
iADDRESS<0>    |oDATA<3>       |    9.971|
iADDRESS<0>    |oDATA<4>       |   12.038|
iADDRESS<0>    |oDATA<5>       |   11.337|
iADDRESS<0>    |oDATA<6>       |   11.858|
iADDRESS<0>    |oDATA<7>       |   12.117|
iADDRESS<1>    |oDATA<0>       |   10.411|
iADDRESS<1>    |oDATA<1>       |    9.986|
iADDRESS<1>    |oDATA<2>       |   10.130|
iADDRESS<1>    |oDATA<3>       |    9.482|
iADDRESS<1>    |oDATA<4>       |   11.635|
iADDRESS<1>    |oDATA<5>       |   11.678|
iADDRESS<1>    |oDATA<6>       |   11.999|
iADDRESS<1>    |oDATA<7>       |   12.272|
iADDRESS<2>    |oDATA<0>       |   11.112|
iADDRESS<2>    |oDATA<1>       |    9.486|
iADDRESS<2>    |oDATA<2>       |   10.391|
iADDRESS<2>    |oDATA<3>       |    9.646|
iADDRESS<2>    |oDATA<4>       |   11.493|
iADDRESS<2>    |oDATA<5>       |   11.231|
iADDRESS<2>    |oDATA<6>       |   11.559|
iADDRESS<2>    |oDATA<7>       |   11.819|
iADDRESS<3>    |oDATA<0>       |    9.913|
iADDRESS<3>    |oDATA<1>       |    9.303|
iADDRESS<3>    |oDATA<2>       |    9.481|
iADDRESS<3>    |oDATA<3>       |    9.051|
iADDRESS<3>    |oDATA<4>       |   10.891|
iADDRESS<3>    |oDATA<5>       |   10.625|
iADDRESS<3>    |oDATA<6>       |   11.108|
iADDRESS<3>    |oDATA<7>       |   11.374|
iRD            |oDATA<0>       |   10.237|
iRD            |oDATA<1>       |   10.237|
iRD            |oDATA<2>       |    9.653|
iRD            |oDATA<3>       |    9.653|
iRD            |oDATA<4>       |    9.893|
iRD            |oDATA<5>       |    9.893|
iRD            |oDATA<6>       |    9.068|
iRD            |oDATA<7>       |    9.068|
---------------+---------------+---------+


Analysis completed Thu Nov 08 10:53:51 2018 
--------------------------------------------------------------------------------

Trace Settings:
-------------------------
Trace Settings 

Peak Memory Usage: 207 MB



