Release 14.7 - xst P.20131013 (nt64)
Copyright (c) 1995-2013 Xilinx, Inc.  All rights reserved.
--> Parameter TMPDIR set to xst/projnav.tmp


Total REAL time to Xst completion: 0.00 secs
Total CPU time to Xst completion: 0.10 secs
 
--> Parameter xsthdpdir set to xst


Total REAL time to Xst completion: 0.00 secs
Total CPU time to Xst completion: 0.10 secs
 
--> Reading design: sm_4_5.prj

TABLE OF CONTENTS
  1) Synthesis Options Summary
  2) HDL Parsing
  3) HDL Elaboration
  4) HDL Synthesis
       4.1) HDL Synthesis Report
  5) Advanced HDL Synthesis
       5.1) Advanced HDL Synthesis Report
  6) Low Level Synthesis
  7) Partition Report
  8) Design Summary
       8.1) Primitive and Black Box Usage
       8.2) Device utilization summary
       8.3) Partition Resource Summary
       8.4) Timing Report
            8.4.1) Clock Information
            8.4.2) Asynchronous Control Signals Information
            8.4.3) Timing Summary
            8.4.4) Timing Details
            8.4.5) Cross Clock Domains Report


=========================================================================
*                      Synthesis Options Summary                        *
=========================================================================
---- Source Parameters
Input File Name                    : "sm_4_5.prj"
Ignore Synthesis Constraint File   : NO

---- Target Parameters
Output File Name                   : "sm_4_5"
Output Format                      : NGC
Target Device                      : xc6slx4-2-tqg144

---- Source Options
Top Module Name                    : sm_4_5
Automatic FSM Extraction           : YES
FSM Encoding Algorithm             : Auto
Safe Implementation                : No
FSM Style                          : LUT
RAM Extraction                     : Yes
RAM Style                          : Auto
ROM Extraction                     : Yes
Shift Register Extraction          : YES
ROM Style                          : Auto
Resource Sharing                   : YES
Asynchronous To Synchronous        : NO
Shift Register Minimum Size        : 2
Use DSP Block                      : Auto
Automatic Register Balancing       : No

---- Target Options
LUT Combining                      : Auto
Reduce Control Sets                : Auto
Add IO Buffers                     : YES
Global Maximum Fanout              : 100000
Add Generic Clock Buffer(BUFG)     : 16
Register Duplication               : YES
Optimize Instantiated Primitives   : NO
Use Clock Enable                   : Auto
Use Synchronous Set                : Auto
Use Synchronous Reset              : Auto
Pack IO Registers into IOBs        : Auto
Equivalent register Removal        : YES

---- General Options
Optimization Goal                  : Speed
Optimization Effort                : 1
Power Reduction                    : NO
Keep Hierarchy                     : No
Netlist Hierarchy                  : As_Optimized
RTL Output                         : Yes
Global Optimization                : AllClockNets
Read Cores                         : YES
Write Timing Constraints           : NO
Cross Clock Analysis               : NO
Hierarchy Separator                : /
Bus Delimiter                      : <>
Case Specifier                     : Maintain
Slice Utilization Ratio            : 100
BRAM Utilization Ratio             : 100
DSP48 Utilization Ratio            : 100
Auto BRAM Packing                  : NO
Slice Utilization Ratio Delta      : 5

=========================================================================


=========================================================================
*                          HDL Parsing                                  *
=========================================================================
Parsing VHDL file "D:\LPRS1_git\LPRS1\zbirka\04automati\4.5\sm_4.5\sm_4_5.vhd" into library work
Parsing entity <sm_4_5>.
Parsing architecture <Behavioral> of entity <sm_4_5>.

=========================================================================
*                            HDL Elaboration                            *
=========================================================================

Elaborating entity <sm_4_5> (architecture <Behavioral>) from library <work>.

=========================================================================
*                           HDL Synthesis                               *
=========================================================================

Synthesizing Unit <sm_4_5>.
    Related source file is "D:\LPRS1_git\LPRS1\zbirka\04automati\4.5\sm_4.5\sm_4_5.vhd".
    Found 2-bit register for signal <oY>.
    Found 3-bit register for signal <stateNext>.
    Found 3-bit register for signal <stateCurrent>.
    Found 8x11-bit Read Only RAM for signal <_n0063>
    Summary:
	inferred   1 RAM(s).
	inferred   8 D-type flip-flop(s).
	inferred   2 Multiplexer(s).
Unit <sm_4_5> synthesized.

=========================================================================
HDL Synthesis Report

Macro Statistics
# RAMs                                                 : 1
 8x11-bit single-port Read Only RAM                    : 1
# Registers                                            : 3
 2-bit register                                        : 1
 3-bit register                                        : 2
# Multiplexers                                         : 2
 3-bit 2-to-1 multiplexer                              : 2

=========================================================================

=========================================================================
*                       Advanced HDL Synthesis                          *
=========================================================================


Synthesizing (advanced) Unit <sm_4_5>.
INFO:Xst:3231 - The small RAM <Mram__n0063> will be implemented on LUTs in order to maximize performance and save block RAM resources. If you want to force its implementation on block, use option/constraint ram_style.
    -----------------------------------------------------------------------
    | ram_type           | Distributed                         |          |
    -----------------------------------------------------------------------
    | Port A                                                              |
    |     aspect ratio   | 8-word x 11-bit                     |          |
    |     weA            | connected to signal <GND>           | high     |
    |     addrA          | connected to signal <stateCurrent>  |          |
    |     diA            | connected to signal <GND>           |          |
    |     doA            | connected to internal node          |          |
    -----------------------------------------------------------------------
Unit <sm_4_5> synthesized (advanced).

=========================================================================
Advanced HDL Synthesis Report

Macro Statistics
# RAMs                                                 : 1
 8x11-bit single-port distributed Read Only RAM        : 1
# Registers                                            : 8
 Flip-Flops                                            : 8
# Multiplexers                                         : 2
 3-bit 2-to-1 multiplexer                              : 2

=========================================================================

=========================================================================
*                         Low Level Synthesis                           *
=========================================================================

Optimizing unit <sm_4_5> ...

Mapping all equations...
Building and optimizing final netlist ...
Found area constraint ratio of 100 (+ 5) on block sm_4_5, actual ratio is 0.

Final Macro Processing ...

=========================================================================
Final Register Report

Macro Statistics
# Registers                                            : 8
 Flip-Flops                                            : 8

=========================================================================

=========================================================================
*                           Partition Report                            *
=========================================================================

Partition Implementation Status
-------------------------------

  No Partitions were found in this design.

-------------------------------

=========================================================================
*                            Design Summary                             *
=========================================================================

Top Level Output File Name         : sm_4_5.ngc

Primitive and Black Box Usage:
------------------------------
# BELS                             : 7
#      INV                         : 1
#      LUT2                        : 2
#      LUT3                        : 1
#      LUT5                        : 3
# FlipFlops/Latches                : 8
#      FDE                         : 3
#      FDR                         : 3
#      FDRE                        : 2
# Clock Buffers                    : 1
#      BUFGP                       : 1
# IO Buffers                       : 5
#      IBUF                        : 3
#      OBUF                        : 2

Device utilization summary:
---------------------------

Selected Device : 6slx4tqg144-2 


Slice Logic Utilization: 
 Number of Slice Registers:               8  out of   4800     0%  
 Number of Slice LUTs:                    7  out of   2400     0%  
    Number used as Logic:                 7  out of   2400     0%  

Slice Logic Distribution: 
 Number of LUT Flip Flop pairs used:     15
   Number with an unused Flip Flop:       7  out of     15    46%  
   Number with an unused LUT:             8  out of     15    53%  
   Number of fully used LUT-FF pairs:     0  out of     15     0%  
   Number of unique control sets:         3

IO Utilization: 
 Number of IOs:                           6
 Number of bonded IOBs:                   6  out of    102     5%  

Specific Feature Utilization:
 Number of BUFG/BUFGCTRLs:                1  out of     16     6%  

---------------------------
Partition Resource Summary:
---------------------------

  No Partitions were found in this design.

---------------------------


=========================================================================
Timing Report

NOTE: THESE TIMING NUMBERS ARE ONLY A SYNTHESIS ESTIMATE.
      FOR ACCURATE TIMING INFORMATION PLEASE REFER TO THE TRACE REPORT
      GENERATED AFTER PLACE-and-ROUTE.

Clock Information:
------------------
-----------------------------------+------------------------+-------+
Clock Signal                       | Clock buffer(FF name)  | Load  |
-----------------------------------+------------------------+-------+
CLK                                | BUFGP                  | 8     |
-----------------------------------+------------------------+-------+

Asynchronous Control Signals Information:
----------------------------------------
No asynchronous control signals found in this design

Timing Summary:
---------------
Speed Grade: -2

   Minimum period: 1.828ns (Maximum Frequency: 547.046MHz)
   Minimum input arrival time before clock: 3.607ns
   Maximum output required time after clock: 4.118ns
   Maximum combinational path delay: No path found

Timing Details:
---------------
All values displayed in nanoseconds (ns)

=========================================================================
Timing constraint: Default period analysis for Clock 'CLK'
  Clock period: 1.828ns (frequency: 547.046MHz)
  Total number of paths / destination ports: 15 / 8
-------------------------------------------------------------------------
Delay:               1.828ns (Levels of Logic = 1)
  Source:            stateCurrent_0 (FF)
  Destination:       stateNext_0 (FF)
  Source Clock:      CLK rising
  Destination Clock: CLK rising

  Data Path: stateCurrent_0 to stateNext_0
                                Gate     Net
    Cell:in->out      fanout   Delay   Delay  Logical Name (Net Name)
    ----------------------------------------  ------------
     FDR:C->Q              3   0.525   0.994  stateCurrent_0 (stateCurrent_0)
     LUT5:I2->O            1   0.235   0.000  Mmux_stateNext[2]_stateCurrent[2]_mux_11_OUT21 (stateNext[2]_stateCurrent[2]_mux_11_OUT<1>)
     FDE:D                     0.074          stateNext_1
    ----------------------------------------
    Total                      1.828ns (0.834ns logic, 0.994ns route)
                                       (45.6% logic, 54.4% route)

=========================================================================
Timing constraint: Default OFFSET IN BEFORE for Clock 'CLK'
  Total number of paths / destination ports: 24 / 13
-------------------------------------------------------------------------
Offset:              3.607ns (Levels of Logic = 2)
  Source:            RSTn (PAD)
  Destination:       sY_0 (FF)
  Destination Clock: CLK rising

  Data Path: RSTn to sY_0
                                Gate     Net
    Cell:in->out      fanout   Delay   Delay  Logical Name (Net Name)
    ----------------------------------------  ------------
     IBUF:I->O             2   1.328   0.725  RSTn_IBUF (RSTn_IBUF)
     INV:I->O              5   0.255   0.840  RSTn_inv1_INV_0 (RSTn_inv)
     FDRE:R                    0.459          sY_0
    ----------------------------------------
    Total                      3.607ns (2.042ns logic, 1.565ns route)
                                       (56.6% logic, 43.4% route)

=========================================================================
Timing constraint: Default OFFSET OUT AFTER for Clock 'CLK'
  Total number of paths / destination ports: 2 / 2
-------------------------------------------------------------------------
Offset:              4.118ns (Levels of Logic = 1)
  Source:            sY_1 (FF)
  Destination:       oY<1> (PAD)
  Source Clock:      CLK rising

  Data Path: sY_1 to oY<1>
                                Gate     Net
    Cell:in->out      fanout   Delay   Delay  Logical Name (Net Name)
    ----------------------------------------  ------------
     FDRE:C->Q             1   0.525   0.681  sY_1 (sY_1)
     OBUF:I->O                 2.912          oY_1_OBUF (oY<1>)
    ----------------------------------------
    Total                      4.118ns (3.437ns logic, 0.681ns route)
                                       (83.5% logic, 16.5% route)

=========================================================================

Cross Clock Domains Report:
--------------------------

Clock to Setup on destination clock CLK
---------------+---------+---------+---------+---------+
               | Src:Rise| Src:Fall| Src:Rise| Src:Fall|
Source Clock   |Dest:Rise|Dest:Rise|Dest:Fall|Dest:Fall|
---------------+---------+---------+---------+---------+
CLK            |    1.828|         |         |         |
---------------+---------+---------+---------+---------+

=========================================================================


Total REAL time to Xst completion: 5.00 secs
Total CPU time to Xst completion: 4.92 secs
 
--> 

Total memory usage is 258288 kilobytes

Number of errors   :    0 (   0 filtered)
Number of warnings :    0 (   0 filtered)
Number of infos    :    1 (   0 filtered)

