Release 14.7 - xst P.20131013 (nt64)
Copyright (c) 1995-2013 Xilinx, Inc.  All rights reserved.
--> Parameter TMPDIR set to xst/projnav.tmp


Total REAL time to Xst completion: 0.00 secs
Total CPU time to Xst completion: 0.10 secs
 
--> Parameter xsthdpdir set to xst


Total REAL time to Xst completion: 0.00 secs
Total CPU time to Xst completion: 0.10 secs
 
--> Reading design: RAM_mem.prj

TABLE OF CONTENTS
  1) Synthesis Options Summary
  2) HDL Parsing
  3) HDL Elaboration
  4) HDL Synthesis
       4.1) HDL Synthesis Report
  5) Advanced HDL Synthesis
       5.1) Advanced HDL Synthesis Report
  6) Low Level Synthesis
  7) Partition Report
  8) Design Summary
       8.1) Primitive and Black Box Usage
       8.2) Device utilization summary
       8.3) Partition Resource Summary
       8.4) Timing Report
            8.4.1) Clock Information
            8.4.2) Asynchronous Control Signals Information
            8.4.3) Timing Summary
            8.4.4) Timing Details
            8.4.5) Cross Clock Domains Report


=========================================================================
*                      Synthesis Options Summary                        *
=========================================================================
---- Source Parameters
Input File Name                    : "RAM_mem.prj"
Ignore Synthesis Constraint File   : NO

---- Target Parameters
Output File Name                   : "RAM_mem"
Output Format                      : NGC
Target Device                      : xc6slx45-2-fgg676

---- Source Options
Top Module Name                    : RAM_mem
Automatic FSM Extraction           : YES
FSM Encoding Algorithm             : Auto
Safe Implementation                : No
FSM Style                          : LUT
RAM Extraction                     : Yes
RAM Style                          : Auto
ROM Extraction                     : Yes
Shift Register Extraction          : YES
ROM Style                          : Auto
Resource Sharing                   : YES
Asynchronous To Synchronous        : NO
Shift Register Minimum Size        : 2
Use DSP Block                      : Auto
Automatic Register Balancing       : No

---- Target Options
LUT Combining                      : Auto
Reduce Control Sets                : Auto
Add IO Buffers                     : YES
Global Maximum Fanout              : 100000
Add Generic Clock Buffer(BUFG)     : 16
Register Duplication               : YES
Optimize Instantiated Primitives   : NO
Use Clock Enable                   : Auto
Use Synchronous Set                : Auto
Use Synchronous Reset              : Auto
Pack IO Registers into IOBs        : Auto
Equivalent register Removal        : YES

---- General Options
Optimization Goal                  : Speed
Optimization Effort                : 1
Power Reduction                    : NO
Keep Hierarchy                     : No
Netlist Hierarchy                  : As_Optimized
RTL Output                         : Yes
Global Optimization                : AllClockNets
Read Cores                         : YES
Write Timing Constraints           : NO
Cross Clock Analysis               : NO
Hierarchy Separator                : /
Bus Delimiter                      : <>
Case Specifier                     : Maintain
Slice Utilization Ratio            : 100
BRAM Utilization Ratio             : 100
DSP48 Utilization Ratio            : 100
Auto BRAM Packing                  : NO
Slice Utilization Ratio Delta      : 5

=========================================================================


=========================================================================
*                          HDL Parsing                                  *
=========================================================================
Parsing VHDL file "D:\LPRS1_git\LPRS1\LPRS1_Lab08\procesor\procRamRom\RAM_mem.vhd" into library work
Parsing entity <RAM_mem>.
Parsing architecture <Behavioral> of entity <ram_mem>.

=========================================================================
*                            HDL Elaboration                            *
=========================================================================

Elaborating entity <RAM_mem> (architecture <Behavioral>) from library <work>.

=========================================================================
*                           HDL Synthesis                               *
=========================================================================

Synthesizing Unit <RAM_mem>.
    Related source file is "D:\LPRS1_git\LPRS1\LPRS1_Lab08\procesor\procRamRom\RAM_mem.vhd".
WARNING:Xst:647 - Input <iADDR<3:3>> is never used. This port will be preserved and left unconnected if it belongs to a top-level block or it belongs to a sub-block and the hierarchy of this sub-block is preserved.
    Found 16-bit register for signal <ram_Mem<1>>.
    Found 16-bit register for signal <ram_Mem<2>>.
    Found 16-bit register for signal <ram_Mem<3>>.
    Found 16-bit register for signal <ram_Mem<4>>.
    Found 16-bit register for signal <ram_Mem<5>>.
    Found 16-bit register for signal <ram_Mem<6>>.
    Found 16-bit register for signal <ram_Mem<7>>.
    Found 16-bit register for signal <oDATA>.
    Found 16-bit register for signal <ram_Mem<0>>.
    Found 16-bit 8-to-1 multiplexer for signal <iADDR[2]_ram_Mem[7][15]_wide_mux_0_OUT> created at line 56.
    Summary:
	inferred 144 D-type flip-flop(s).
	inferred   1 Multiplexer(s).
Unit <RAM_mem> synthesized.

=========================================================================
HDL Synthesis Report

Macro Statistics
# Registers                                            : 9
 16-bit register                                       : 9
# Multiplexers                                         : 1
 16-bit 8-to-1 multiplexer                             : 1

=========================================================================

=========================================================================
*                       Advanced HDL Synthesis                          *
=========================================================================


=========================================================================
Advanced HDL Synthesis Report

Macro Statistics
# Registers                                            : 144
 Flip-Flops                                            : 144
# Multiplexers                                         : 1
 16-bit 8-to-1 multiplexer                             : 1

=========================================================================

=========================================================================
*                         Low Level Synthesis                           *
=========================================================================

Optimizing unit <RAM_mem> ...

Mapping all equations...
Building and optimizing final netlist ...
Found area constraint ratio of 100 (+ 5) on block RAM_mem, actual ratio is 0.

Final Macro Processing ...

=========================================================================
Final Register Report

Macro Statistics
# Registers                                            : 144
 Flip-Flops                                            : 144

=========================================================================

=========================================================================
*                           Partition Report                            *
=========================================================================

Partition Implementation Status
-------------------------------

  No Partitions were found in this design.

-------------------------------

=========================================================================
*                            Design Summary                             *
=========================================================================

Top Level Output File Name         : RAM_mem.ngc

Primitive and Black Box Usage:
------------------------------
# BELS                             : 57
#      LUT2                        : 1
#      LUT5                        : 8
#      LUT6                        : 32
#      MUXF7                       : 16
# FlipFlops/Latches                : 144
#      FDE                         : 16
#      FDRE                        : 128
# Clock Buffers                    : 1
#      BUFGP                       : 1
# IO Buffers                       : 38
#      IBUF                        : 22
#      OBUF                        : 16

Device utilization summary:
---------------------------

Selected Device : 6slx45fgg676-2 


Slice Logic Utilization: 
 Number of Slice Registers:             144  out of  54576     0%  
 Number of Slice LUTs:                   41  out of  27288     0%  
    Number used as Logic:                41  out of  27288     0%  

Slice Logic Distribution: 
 Number of LUT Flip Flop pairs used:    149
   Number with an unused Flip Flop:       5  out of    149     3%  
   Number with an unused LUT:           108  out of    149    72%  
   Number of fully used LUT-FF pairs:    36  out of    149    24%  
   Number of unique control sets:         9

IO Utilization: 
 Number of IOs:                          40
 Number of bonded IOBs:                  39  out of    358    10%  

Specific Feature Utilization:
 Number of BUFG/BUFGCTRLs:                1  out of     16     6%  

---------------------------
Partition Resource Summary:
---------------------------

  No Partitions were found in this design.

---------------------------


=========================================================================
Timing Report

NOTE: THESE TIMING NUMBERS ARE ONLY A SYNTHESIS ESTIMATE.
      FOR ACCURATE TIMING INFORMATION PLEASE REFER TO THE TRACE REPORT
      GENERATED AFTER PLACE-and-ROUTE.

Clock Information:
------------------
-----------------------------------+------------------------+-------+
Clock Signal                       | Clock buffer(FF name)  | Load  |
-----------------------------------+------------------------+-------+
iCLK                               | BUFGP                  | 144   |
-----------------------------------+------------------------+-------+

Asynchronous Control Signals Information:
----------------------------------------
No asynchronous control signals found in this design

Timing Summary:
---------------
Speed Grade: -2

   Minimum period: 1.986ns (Maximum Frequency: 503.525MHz)
   Minimum input arrival time before clock: 5.467ns
   Maximum output required time after clock: 4.118ns
   Maximum combinational path delay: No path found

Timing Details:
---------------
All values displayed in nanoseconds (ns)

=========================================================================
Timing constraint: Default period analysis for Clock 'iCLK'
  Clock period: 1.986ns (frequency: 503.525MHz)
  Total number of paths / destination ports: 128 / 16
-------------------------------------------------------------------------
Delay:               1.986ns (Levels of Logic = 2)
  Source:            ram_Mem_6_0 (FF)
  Destination:       oDATA_0 (FF)
  Source Clock:      iCLK rising
  Destination Clock: iCLK rising

  Data Path: ram_Mem_6_0 to oDATA_0
                                Gate     Net
    Cell:in->out      fanout   Delay   Delay  Logical Name (Net Name)
    ----------------------------------------  ------------
     FDRE:C->Q             1   0.525   0.958  ram_Mem_6_0 (ram_Mem_6_0)
     LUT6:I2->O            1   0.254   0.000  Mmux_iADDR[2]_ram_Mem[7][15]_wide_mux_0_OUT_3 (Mmux_iADDR[2]_ram_Mem[7][15]_wide_mux_0_OUT_3)
     MUXF7:I1->O           1   0.175   0.000  Mmux_iADDR[2]_ram_Mem[7][15]_wide_mux_0_OUT_2_f7 (iADDR[2]_ram_Mem[7][15]_wide_mux_0_OUT<0>)
     FDE:D                     0.074          oDATA_0
    ----------------------------------------
    Total                      1.986ns (1.028ns logic, 0.958ns route)
                                       (51.8% logic, 48.2% route)

=========================================================================
Timing constraint: Default OFFSET IN BEFORE for Clock 'iCLK'
  Total number of paths / destination ports: 1008 / 416
-------------------------------------------------------------------------
Offset:              5.467ns (Levels of Logic = 2)
  Source:            iRST (PAD)
  Destination:       oDATA_0 (FF)
  Destination Clock: iCLK rising

  Data Path: iRST to oDATA_0
                                Gate     Net
    Cell:in->out      fanout   Delay   Delay  Logical Name (Net Name)
    ----------------------------------------  ------------
     IBUF:I->O           129   1.328   2.406  iRST_IBUF (iRST_IBUF)
     LUT2:I0->O           16   0.250   1.181  _n0095_inv1 (_n0095_inv)
     FDE:CE                    0.302          oDATA_0
    ----------------------------------------
    Total                      5.467ns (1.880ns logic, 3.587ns route)
                                       (34.4% logic, 65.6% route)

=========================================================================
Timing constraint: Default OFFSET OUT AFTER for Clock 'iCLK'
  Total number of paths / destination ports: 16 / 16
-------------------------------------------------------------------------
Offset:              4.118ns (Levels of Logic = 1)
  Source:            oDATA_15 (FF)
  Destination:       oDATA<15> (PAD)
  Source Clock:      iCLK rising

  Data Path: oDATA_15 to oDATA<15>
                                Gate     Net
    Cell:in->out      fanout   Delay   Delay  Logical Name (Net Name)
    ----------------------------------------  ------------
     FDE:C->Q              1   0.525   0.681  oDATA_15 (oDATA_15)
     OBUF:I->O                 2.912          oDATA_15_OBUF (oDATA<15>)
    ----------------------------------------
    Total                      4.118ns (3.437ns logic, 0.681ns route)
                                       (83.5% logic, 16.5% route)

=========================================================================

Cross Clock Domains Report:
--------------------------

Clock to Setup on destination clock iCLK
---------------+---------+---------+---------+---------+
               | Src:Rise| Src:Fall| Src:Rise| Src:Fall|
Source Clock   |Dest:Rise|Dest:Rise|Dest:Fall|Dest:Fall|
---------------+---------+---------+---------+---------+
iCLK           |    1.986|         |         |         |
---------------+---------+---------+---------+---------+

=========================================================================


Total REAL time to Xst completion: 5.00 secs
Total CPU time to Xst completion: 5.20 secs
 
--> 

Total memory usage is 259376 kilobytes

Number of errors   :    0 (   0 filtered)
Number of warnings :    1 (   0 filtered)
Number of infos    :    0 (   0 filtered)

