Release 14.7 - xst P.20131013 (nt64)
Copyright (c) 1995-2013 Xilinx, Inc.  All rights reserved.
--> Parameter TMPDIR set to xst/projnav.tmp


Total REAL time to Xst completion: 0.00 secs
Total CPU time to Xst completion: 0.10 secs
 
--> Parameter xsthdpdir set to xst


Total REAL time to Xst completion: 0.00 secs
Total CPU time to Xst completion: 0.10 secs
 
--> Reading design: ROM_mem.prj

TABLE OF CONTENTS
  1) Synthesis Options Summary
  2) HDL Parsing
  3) HDL Elaboration
  4) HDL Synthesis
       4.1) HDL Synthesis Report
  5) Advanced HDL Synthesis
       5.1) Advanced HDL Synthesis Report
  6) Low Level Synthesis
  7) Partition Report
  8) Design Summary
       8.1) Primitive and Black Box Usage
       8.2) Device utilization summary
       8.3) Partition Resource Summary
       8.4) Timing Report
            8.4.1) Clock Information
            8.4.2) Asynchronous Control Signals Information
            8.4.3) Timing Summary
            8.4.4) Timing Details
            8.4.5) Cross Clock Domains Report


=========================================================================
*                      Synthesis Options Summary                        *
=========================================================================
---- Source Parameters
Input File Name                    : "ROM_mem.prj"
Ignore Synthesis Constraint File   : NO

---- Target Parameters
Output File Name                   : "ROM_mem"
Output Format                      : NGC
Target Device                      : xc6slx45-2-fgg676

---- Source Options
Top Module Name                    : ROM_mem
Automatic FSM Extraction           : YES
FSM Encoding Algorithm             : Auto
Safe Implementation                : No
FSM Style                          : LUT
RAM Extraction                     : Yes
RAM Style                          : Auto
ROM Extraction                     : Yes
Shift Register Extraction          : YES
ROM Style                          : Auto
Resource Sharing                   : YES
Asynchronous To Synchronous        : NO
Shift Register Minimum Size        : 2
Use DSP Block                      : Auto
Automatic Register Balancing       : No

---- Target Options
LUT Combining                      : Auto
Reduce Control Sets                : Auto
Add IO Buffers                     : YES
Global Maximum Fanout              : 100000
Add Generic Clock Buffer(BUFG)     : 16
Register Duplication               : YES
Optimize Instantiated Primitives   : NO
Use Clock Enable                   : Auto
Use Synchronous Set                : Auto
Use Synchronous Reset              : Auto
Pack IO Registers into IOBs        : Auto
Equivalent register Removal        : YES

---- General Options
Optimization Goal                  : Speed
Optimization Effort                : 1
Power Reduction                    : NO
Keep Hierarchy                     : No
Netlist Hierarchy                  : As_Optimized
RTL Output                         : Yes
Global Optimization                : AllClockNets
Read Cores                         : YES
Write Timing Constraints           : NO
Cross Clock Analysis               : NO
Hierarchy Separator                : /
Bus Delimiter                      : <>
Case Specifier                     : Maintain
Slice Utilization Ratio            : 100
BRAM Utilization Ratio             : 100
DSP48 Utilization Ratio            : 100
Auto BRAM Packing                  : NO
Slice Utilization Ratio Delta      : 5

=========================================================================


=========================================================================
*                          HDL Parsing                                  *
=========================================================================
Parsing VHDL file "D:\LPRS1_git\LPRS1\LPRS1_Lab08\procesor\procRamRom\ROM_mem.vhd" into library work
Parsing entity <ROM_mem>.
Parsing architecture <Behavioral> of entity <rom_mem>.

=========================================================================
*                            HDL Elaboration                            *
=========================================================================

Elaborating entity <ROM_mem> (architecture <Behavioral>) from library <work>.
WARNING:HDLCompiler:634 - "D:\LPRS1_git\LPRS1\LPRS1_Lab08\procesor\procRamRom\ROM_mem.vhd" Line 39: Net <rom_Mem[28][9]> does not have a driver.

=========================================================================
*                           HDL Synthesis                               *
=========================================================================

Synthesizing Unit <ROM_mem>.
    Related source file is "D:\LPRS1_git\LPRS1\LPRS1_Lab08\procesor\procRamRom\ROM_mem.vhd".
WARNING:Xst:647 - Input <iADDR<15:5>> is never used. This port will be preserved and left unconnected if it belongs to a top-level block or it belongs to a sub-block and the hierarchy of this sub-block is preserved.
WARNING:Xst:653 - Signal <rom_Mem<28>> is used but never assigned. This sourceless signal will be automatically connected to value GND.
    Found 10-bit adder for signal <rom_Mem<1>> created at line 1241.
    Found 10-bit adder for signal <rom_Mem<2>> created at line 1241.
    Found 10-bit adder for signal <rom_Mem<3>> created at line 1241.
    Found 10-bit adder for signal <rom_Mem<4>> created at line 1241.
    Found 10-bit adder for signal <rom_Mem<5>> created at line 1241.
    Found 10-bit adder for signal <rom_Mem<6>> created at line 1241.
    Found 10-bit adder for signal <rom_Mem<7>> created at line 1241.
    Found 10-bit adder for signal <rom_Mem<8>> created at line 1241.
    Found 10-bit adder for signal <rom_Mem<9>> created at line 1241.
    Found 10-bit adder for signal <rom_Mem<10>> created at line 1241.
    Found 10-bit adder for signal <rom_Mem<11>> created at line 1241.
    Found 10-bit adder for signal <rom_Mem<12>> created at line 1241.
    Found 10-bit adder for signal <rom_Mem<13>> created at line 1241.
    Found 10-bit adder for signal <rom_Mem<14>> created at line 1241.
    Found 10-bit adder for signal <rom_Mem<15>> created at line 1241.
    Found 10-bit adder for signal <rom_Mem<16>> created at line 1241.
    Found 10-bit adder for signal <rom_Mem<17>> created at line 1241.
    Found 10-bit adder for signal <rom_Mem<18>> created at line 1241.
    Found 10-bit adder for signal <rom_Mem<19>> created at line 1241.
    Found 10-bit adder for signal <rom_Mem<20>> created at line 1241.
    Found 10-bit adder for signal <rom_Mem<21>> created at line 1241.
    Found 10-bit adder for signal <rom_Mem<22>> created at line 1241.
    Found 10-bit adder for signal <rom_Mem<23>> created at line 1241.
    Found 10-bit adder for signal <rom_Mem<24>> created at line 1241.
    Found 10-bit adder for signal <rom_Mem<25>> created at line 1241.
    Found 10-bit adder for signal <rom_Mem<26>> created at line 1241.
    Found 10-bit adder for signal <rom_Mem<27>> created at line 1241.
    Found 10-bit 29-to-1 multiplexer for signal <oDATA> created at line 51.
    Summary:
	inferred  27 Adder/Subtractor(s).
	inferred   1 Multiplexer(s).
Unit <ROM_mem> synthesized.

=========================================================================
HDL Synthesis Report

Macro Statistics
# Adders/Subtractors                                   : 27
 10-bit adder                                          : 27
# Multiplexers                                         : 1
 10-bit 29-to-1 multiplexer                            : 1

=========================================================================

=========================================================================
*                       Advanced HDL Synthesis                          *
=========================================================================


=========================================================================
Advanced HDL Synthesis Report

Macro Statistics
# Adders/Subtractors                                   : 27
 10-bit adder                                          : 27
# Multiplexers                                         : 1
 10-bit 29-to-1 multiplexer                            : 1

=========================================================================

=========================================================================
*                         Low Level Synthesis                           *
=========================================================================
WARNING:Xst:2170 - Unit ROM_mem : the following signal(s) form a combinatorial loop: Madd_rom_Mem<4>_cy<1>.
WARNING:Xst:2170 - Unit ROM_mem : the following signal(s) form a combinatorial loop: Madd_rom_Mem<24>_lut<6>.
WARNING:Xst:2170 - Unit ROM_mem : the following signal(s) form a combinatorial loop: Madd_rom_Mem<11>_lut<9>.
WARNING:Xst:2170 - Unit ROM_mem : the following signal(s) form a combinatorial loop: rom_Mem<14><3>.
WARNING:Xst:2170 - Unit ROM_mem : the following signal(s) form a combinatorial loop: Madd_rom_Mem<16>_lut<7>.
WARNING:Xst:2170 - Unit ROM_mem : the following signal(s) form a combinatorial loop: Madd_rom_Mem<4>_lut<0>.
WARNING:Xst:2170 - Unit ROM_mem : the following signal(s) form a combinatorial loop: Madd_rom_Mem<19>_lut<5>.
WARNING:Xst:2170 - Unit ROM_mem : the following signal(s) form a combinatorial loop: Madd_rom_Mem<8>_lut<8>.
WARNING:Xst:2170 - Unit ROM_mem : the following signal(s) form a combinatorial loop: rom_Mem<1><3>.
WARNING:Xst:2170 - Unit ROM_mem : the following signal(s) form a combinatorial loop: Madd_rom_Mem<11>_lut<6>.
WARNING:Xst:2170 - Unit ROM_mem : the following signal(s) form a combinatorial loop: Madd_rom_Mem<16>_lut<4>.
WARNING:Xst:2170 - Unit ROM_mem : the following signal(s) form a combinatorial loop: Madd_rom_Mem<6>_lut<7>.
WARNING:Xst:2170 - Unit ROM_mem : the following signal(s) form a combinatorial loop: Madd_rom_Mem<24>_cy<1>.
WARNING:Xst:2170 - Unit ROM_mem : the following signal(s) form a combinatorial loop: rom_Mem<21><3>.
WARNING:Xst:2170 - Unit ROM_mem : the following signal(s) form a combinatorial loop: Madd_rom_Mem<19>_lut<2>.
WARNING:Xst:2170 - Unit ROM_mem : the following signal(s) form a combinatorial loop: Madd_rom_Mem<8>_lut<5>.
WARNING:Xst:2170 - Unit ROM_mem : the following signal(s) form a combinatorial loop: Madd_rom_Mem<24>_lut<0>.
WARNING:Xst:2170 - Unit ROM_mem : the following signal(s) form a combinatorial loop: Madd_rom_Mem<26>_lut<8>.
WARNING:Xst:2170 - Unit ROM_mem : the following signal(s) form a combinatorial loop: Madd_rom_Mem<6>_lut<4>.
WARNING:Xst:2170 - Unit ROM_mem : the following signal(s) form a combinatorial loop: Madd_rom_Mem<11>_cy<1>.
WARNING:Xst:2170 - Unit ROM_mem : the following signal(s) form a combinatorial loop: Madd_rom_Mem<18>_lut<9>.
WARNING:Xst:2170 - Unit ROM_mem : the following signal(s) form a combinatorial loop: Madd_rom_Mem<8>_lut<2>.
WARNING:Xst:2170 - Unit ROM_mem : the following signal(s) form a combinatorial loop: Madd_rom_Mem<23>_lut<7>.
WARNING:Xst:2170 - Unit ROM_mem : the following signal(s) form a combinatorial loop: Madd_rom_Mem<11>_lut<0>.
WARNING:Xst:2170 - Unit ROM_mem : the following signal(s) form a combinatorial loop: Madd_rom_Mem<26>_lut<5>.
WARNING:Xst:2170 - Unit ROM_mem : the following signal(s) form a combinatorial loop: Madd_rom_Mem<15>_lut<8>.
WARNING:Xst:2170 - Unit ROM_mem : the following signal(s) form a combinatorial loop: Madd_rom_Mem<18>_lut<6>.
WARNING:Xst:2170 - Unit ROM_mem : the following signal(s) form a combinatorial loop: Madd_rom_Mem<7>_lut<9>.
WARNING:Xst:2170 - Unit ROM_mem : the following signal(s) form a combinatorial loop: Madd_rom_Mem<23>_lut<4>.
WARNING:Xst:2170 - Unit ROM_mem : the following signal(s) form a combinatorial loop: Madd_rom_Mem<2>_cy<1>.
WARNING:Xst:2170 - Unit ROM_mem : the following signal(s) form a combinatorial loop: Madd_rom_Mem<13>_lut<7>.
WARNING:Xst:2170 - Unit ROM_mem : the following signal(s) form a combinatorial loop: Madd_rom_Mem<26>_lut<2>.
WARNING:Xst:2170 - Unit ROM_mem : the following signal(s) form a combinatorial loop: Madd_rom_Mem<15>_lut<5>.
WARNING:Xst:2170 - Unit ROM_mem : the following signal(s) form a combinatorial loop: Madd_rom_Mem<3>_lut<8>.
WARNING:Xst:2170 - Unit ROM_mem : the following signal(s) form a combinatorial loop: Madd_rom_Mem<7>_lut<6>.
WARNING:Xst:2170 - Unit ROM_mem : the following signal(s) form a combinatorial loop: Madd_rom_Mem<1>_lut<9>.
WARNING:Xst:2170 - Unit ROM_mem : the following signal(s) form a combinatorial loop: Madd_rom_Mem<13>_lut<4>.
WARNING:Xst:2170 - Unit ROM_mem : the following signal(s) form a combinatorial loop: Madd_rom_Mem<18>_cy<1>.
WARNING:Xst:2170 - Unit ROM_mem : the following signal(s) form a combinatorial loop: rom_Mem<11><3>.
WARNING:Xst:2170 - Unit ROM_mem : the following signal(s) form a combinatorial loop: Madd_rom_Mem<25>_lut<9>.
WARNING:Xst:2170 - Unit ROM_mem : the following signal(s) form a combinatorial loop: Madd_rom_Mem<15>_lut<2>.
WARNING:Xst:2170 - Unit ROM_mem : the following signal(s) form a combinatorial loop: Madd_rom_Mem<3>_lut<5>.
WARNING:Xst:2170 - Unit ROM_mem : the following signal(s) form a combinatorial loop: Madd_rom_Mem<18>_lut<0>.
WARNING:Xst:2170 - Unit ROM_mem : the following signal(s) form a combinatorial loop: Madd_rom_Mem<22>_lut<8>.
WARNING:Xst:2170 - Unit ROM_mem : the following signal(s) form a combinatorial loop: Madd_rom_Mem<1>_lut<6>.
WARNING:Xst:2170 - Unit ROM_mem : the following signal(s) form a combinatorial loop: Madd_rom_Mem<7>_cy<1>.
WARNING:Xst:2170 - Unit ROM_mem : the following signal(s) form a combinatorial loop: Madd_rom_Mem<25>_lut<6>.
WARNING:Xst:2170 - Unit ROM_mem : the following signal(s) form a combinatorial loop: Madd_rom_Mem<14>_lut<9>.
WARNING:Xst:2170 - Unit ROM_mem : the following signal(s) form a combinatorial loop: Madd_rom_Mem<3>_lut<2>.
WARNING:Xst:2170 - Unit ROM_mem : the following signal(s) form a combinatorial loop: rom_Mem<18><3>.
WARNING:Xst:2170 - Unit ROM_mem : the following signal(s) form a combinatorial loop: Madd_rom_Mem<20>_lut<7>.
WARNING:Xst:2170 - Unit ROM_mem : the following signal(s) form a combinatorial loop: Madd_rom_Mem<7>_lut<0>.
WARNING:Xst:2170 - Unit ROM_mem : the following signal(s) form a combinatorial loop: Madd_rom_Mem<22>_lut<5>.
WARNING:Xst:2170 - Unit ROM_mem : the following signal(s) form a combinatorial loop: Madd_rom_Mem<10>_lut<8>.
WARNING:Xst:2170 - Unit ROM_mem : the following signal(s) form a combinatorial loop: Madd_rom_Mem<14>_lut<6>.
WARNING:Xst:2170 - Unit ROM_mem : the following signal(s) form a combinatorial loop: Madd_rom_Mem<2>_lut<9>.
WARNING:Xst:2170 - Unit ROM_mem : the following signal(s) form a combinatorial loop: Madd_rom_Mem<1>_lut<2>.
WARNING:Xst:2170 - Unit ROM_mem : the following signal(s) form a combinatorial loop: Madd_rom_Mem<20>_lut<4>.
WARNING:Xst:2170 - Unit ROM_mem : the following signal(s) form a combinatorial loop: Madd_rom_Mem<5>_lut<7>.
WARNING:Xst:2170 - Unit ROM_mem : the following signal(s) form a combinatorial loop: Madd_rom_Mem<25>_cy<1>.
WARNING:Xst:2170 - Unit ROM_mem : the following signal(s) form a combinatorial loop: rom_Mem<25><3>.
WARNING:Xst:2170 - Unit ROM_mem : the following signal(s) form a combinatorial loop: Madd_rom_Mem<22>_lut<2>.
WARNING:Xst:2170 - Unit ROM_mem : the following signal(s) form a combinatorial loop: Madd_rom_Mem<10>_lut<5>.
WARNING:Xst:2170 - Unit ROM_mem : the following signal(s) form a combinatorial loop: Madd_rom_Mem<25>_lut<0>.
WARNING:Xst:2170 - Unit ROM_mem : the following signal(s) form a combinatorial loop: Madd_rom_Mem<2>_lut<6>.
WARNING:Xst:2170 - Unit ROM_mem : the following signal(s) form a combinatorial loop: Madd_rom_Mem<5>_lut<4>.
WARNING:Xst:2170 - Unit ROM_mem : the following signal(s) form a combinatorial loop: Madd_rom_Mem<14>_cy<1>.
WARNING:Xst:2170 - Unit ROM_mem : the following signal(s) form a combinatorial loop: Madd_rom_Mem<21>_lut<9>.
WARNING:Xst:2170 - Unit ROM_mem : the following signal(s) form a combinatorial loop: Madd_rom_Mem<10>_lut<2>.
WARNING:Xst:2170 - Unit ROM_mem : the following signal(s) form a combinatorial loop: Madd_rom_Mem<27>_lut<7>.
WARNING:Xst:2170 - Unit ROM_mem : the following signal(s) form a combinatorial loop: Madd_rom_Mem<14>_lut<0>.
WARNING:Xst:2170 - Unit ROM_mem : the following signal(s) form a combinatorial loop: Madd_rom_Mem<17>_lut<8>.
WARNING:Xst:2170 - Unit ROM_mem : the following signal(s) form a combinatorial loop: Madd_rom_Mem<21>_lut<6>.
WARNING:Xst:2170 - Unit ROM_mem : the following signal(s) form a combinatorial loop: Madd_rom_Mem<9>_lut<9>.
WARNING:Xst:2170 - Unit ROM_mem : the following signal(s) form a combinatorial loop: Madd_rom_Mem<27>_lut<4>.
WARNING:Xst:2170 - Unit ROM_mem : the following signal(s) form a combinatorial loop: Madd_rom_Mem<12>_lut<7>.
WARNING:Xst:2170 - Unit ROM_mem : the following signal(s) form a combinatorial loop: Madd_rom_Mem<17>_lut<5>.
WARNING:Xst:2170 - Unit ROM_mem : the following signal(s) form a combinatorial loop: Madd_rom_Mem<4>_lut<8>.
WARNING:Xst:2170 - Unit ROM_mem : the following signal(s) form a combinatorial loop: Madd_rom_Mem<9>_lut<6>.
WARNING:Xst:2170 - Unit ROM_mem : the following signal(s) form a combinatorial loop: Madd_rom_Mem<12>_lut<4>.
WARNING:Xst:2170 - Unit ROM_mem : the following signal(s) form a combinatorial loop: Madd_rom_Mem<21>_cy<1>.
WARNING:Xst:2170 - Unit ROM_mem : the following signal(s) form a combinatorial loop: rom_Mem<15><3>.
WARNING:Xst:2170 - Unit ROM_mem : the following signal(s) form a combinatorial loop: Madd_rom_Mem<17>_lut<2>.
WARNING:Xst:2170 - Unit ROM_mem : the following signal(s) form a combinatorial loop: Madd_rom_Mem<4>_lut<5>.
WARNING:Xst:2170 - Unit ROM_mem : the following signal(s) form a combinatorial loop: Madd_rom_Mem<21>_lut<0>.
WARNING:Xst:2170 - Unit ROM_mem : the following signal(s) form a combinatorial loop: Madd_rom_Mem<24>_lut<8>.
WARNING:Xst:2170 - Unit ROM_mem : the following signal(s) form a combinatorial loop: Madd_rom_Mem<9>_cy<1>.
WARNING:Xst:2170 - Unit ROM_mem : the following signal(s) form a combinatorial loop: Madd_rom_Mem<16>_lut<9>.
WARNING:Xst:2170 - Unit ROM_mem : the following signal(s) form a combinatorial loop: Madd_rom_Mem<4>_lut<2>.
WARNING:Xst:2170 - Unit ROM_mem : the following signal(s) form a combinatorial loop: rom_Mem<22><3>.
WARNING:Xst:2170 - Unit ROM_mem : the following signal(s) form a combinatorial loop: Madd_rom_Mem<19>_lut<7>.
WARNING:Xst:2170 - Unit ROM_mem : the following signal(s) form a combinatorial loop: Madd_rom_Mem<9>_lut<0>.
WARNING:Xst:2170 - Unit ROM_mem : the following signal(s) form a combinatorial loop: Madd_rom_Mem<24>_lut<5>.
WARNING:Xst:2170 - Unit ROM_mem : the following signal(s) form a combinatorial loop: Madd_rom_Mem<11>_lut<8>.
WARNING:Xst:2170 - Unit ROM_mem : the following signal(s) form a combinatorial loop: Madd_rom_Mem<16>_lut<6>.
WARNING:Xst:2170 - Unit ROM_mem : the following signal(s) form a combinatorial loop: Madd_rom_Mem<6>_lut<9>.
WARNING:Xst:2170 - Unit ROM_mem : the following signal(s) form a combinatorial loop: Madd_rom_Mem<19>_lut<4>.
WARNING:Xst:2170 - Unit ROM_mem : the following signal(s) form a combinatorial loop: Madd_rom_Mem<8>_lut<7>.
WARNING:Xst:2170 - Unit ROM_mem : the following signal(s) form a combinatorial loop: Madd_rom_Mem<24>_lut<2>.
WARNING:Xst:2170 - Unit ROM_mem : the following signal(s) form a combinatorial loop: Madd_rom_Mem<11>_lut<5>.
WARNING:Xst:2170 - Unit ROM_mem : the following signal(s) form a combinatorial loop: Madd_rom_Mem<6>_lut<6>.
WARNING:Xst:2170 - Unit ROM_mem : the following signal(s) form a combinatorial loop: rom_Mem<2><3>.
WARNING:Xst:2170 - Unit ROM_mem : the following signal(s) form a combinatorial loop: Madd_rom_Mem<8>_lut<4>.
WARNING:Xst:2170 - Unit ROM_mem : the following signal(s) form a combinatorial loop: Madd_rom_Mem<16>_cy<1>.
WARNING:Xst:2170 - Unit ROM_mem : the following signal(s) form a combinatorial loop: Madd_rom_Mem<23>_lut<9>.
WARNING:Xst:2170 - Unit ROM_mem : the following signal(s) form a combinatorial loop: Madd_rom_Mem<11>_lut<2>.
WARNING:Xst:2170 - Unit ROM_mem : the following signal(s) form a combinatorial loop: Madd_rom_Mem<26>_lut<7>.
WARNING:Xst:2170 - Unit ROM_mem : the following signal(s) form a combinatorial loop: Madd_rom_Mem<16>_lut<0>.
WARNING:Xst:2170 - Unit ROM_mem : the following signal(s) form a combinatorial loop: Madd_rom_Mem<18>_lut<8>.
WARNING:Xst:2170 - Unit ROM_mem : the following signal(s) form a combinatorial loop: Madd_rom_Mem<6>_cy<1>.
WARNING:Xst:2170 - Unit ROM_mem : the following signal(s) form a combinatorial loop: Madd_rom_Mem<23>_lut<6>.
WARNING:Xst:2170 - Unit ROM_mem : the following signal(s) form a combinatorial loop: Madd_rom_Mem<13>_lut<9>.
WARNING:Xst:2170 - Unit ROM_mem : the following signal(s) form a combinatorial loop: Madd_rom_Mem<26>_lut<4>.
WARNING:Xst:2170 - Unit ROM_mem : the following signal(s) form a combinatorial loop: rom_Mem<12><3>.
WARNING:Xst:2170 - Unit ROM_mem : the following signal(s) form a combinatorial loop: Madd_rom_Mem<15>_lut<7>.
WARNING:Xst:2170 - Unit ROM_mem : the following signal(s) form a combinatorial loop: Madd_rom_Mem<6>_lut<0>.
WARNING:Xst:2170 - Unit ROM_mem : the following signal(s) form a combinatorial loop: Madd_rom_Mem<18>_lut<5>.
WARNING:Xst:2170 - Unit ROM_mem : the following signal(s) form a combinatorial loop: Madd_rom_Mem<7>_lut<8>.
WARNING:Xst:2170 - Unit ROM_mem : the following signal(s) form a combinatorial loop: Madd_rom_Mem<13>_lut<6>.
WARNING:Xst:2170 - Unit ROM_mem : the following signal(s) form a combinatorial loop: Madd_rom_Mem<15>_lut<4>.
WARNING:Xst:2170 - Unit ROM_mem : the following signal(s) form a combinatorial loop: Madd_rom_Mem<3>_lut<7>.
WARNING:Xst:2170 - Unit ROM_mem : the following signal(s) form a combinatorial loop: Madd_rom_Mem<23>_cy<1>.
WARNING:Xst:2170 - Unit ROM_mem : the following signal(s) form a combinatorial loop: rom_Mem<19><3>.
WARNING:Xst:2170 - Unit ROM_mem : the following signal(s) form a combinatorial loop: Madd_rom_Mem<18>_lut<2>.
WARNING:Xst:2170 - Unit ROM_mem : the following signal(s) form a combinatorial loop: Madd_rom_Mem<7>_lut<5>.
WARNING:Xst:2170 - Unit ROM_mem : the following signal(s) form a combinatorial loop: Madd_rom_Mem<1>_lut<8>.
WARNING:Xst:2170 - Unit ROM_mem : the following signal(s) form a combinatorial loop: Madd_rom_Mem<23>_lut<0>.
WARNING:Xst:2170 - Unit ROM_mem : the following signal(s) form a combinatorial loop: Madd_rom_Mem<25>_lut<8>.
WARNING:Xst:2170 - Unit ROM_mem : the following signal(s) form a combinatorial loop: Madd_rom_Mem<3>_lut<4>.
WARNING:Xst:2170 - Unit ROM_mem : the following signal(s) form a combinatorial loop: Madd_rom_Mem<13>_cy<1>.
WARNING:Xst:2170 - Unit ROM_mem : the following signal(s) form a combinatorial loop: rom_Mem<3><3>.
WARNING:Xst:2170 - Unit ROM_mem : the following signal(s) form a combinatorial loop: Madd_rom_Mem<20>_lut<9>.
WARNING:Xst:2170 - Unit ROM_mem : the following signal(s) form a combinatorial loop: Madd_rom_Mem<7>_lut<2>.
WARNING:Xst:2170 - Unit ROM_mem : the following signal(s) form a combinatorial loop: rom_Mem<26><3>.
WARNING:Xst:2170 - Unit ROM_mem : the following signal(s) form a combinatorial loop: Madd_rom_Mem<22>_lut<7>.
WARNING:Xst:2170 - Unit ROM_mem : the following signal(s) form a combinatorial loop: Madd_rom_Mem<1>_lut<5>.
WARNING:Xst:2170 - Unit ROM_mem : the following signal(s) form a combinatorial loop: Madd_rom_Mem<13>_lut<0>.
WARNING:Xst:2170 - Unit ROM_mem : the following signal(s) form a combinatorial loop: Madd_rom_Mem<25>_lut<5>.
WARNING:Xst:2170 - Unit ROM_mem : the following signal(s) form a combinatorial loop: Madd_rom_Mem<14>_lut<8>.
WARNING:Xst:2170 - Unit ROM_mem : the following signal(s) form a combinatorial loop: Madd_rom_Mem<1>_lut<4>.
WARNING:Xst:2170 - Unit ROM_mem : the following signal(s) form a combinatorial loop: Madd_rom_Mem<20>_lut<6>.
WARNING:Xst:2170 - Unit ROM_mem : the following signal(s) form a combinatorial loop: Madd_rom_Mem<5>_lut<9>.
WARNING:Xst:2170 - Unit ROM_mem : the following signal(s) form a combinatorial loop: Madd_rom_Mem<22>_lut<4>.
WARNING:Xst:2170 - Unit ROM_mem : the following signal(s) form a combinatorial loop: Madd_rom_Mem<10>_lut<7>.
WARNING:Xst:2170 - Unit ROM_mem : the following signal(s) form a combinatorial loop: Madd_rom_Mem<25>_lut<2>.
WARNING:Xst:2170 - Unit ROM_mem : the following signal(s) form a combinatorial loop: Madd_rom_Mem<14>_lut<5>.
WARNING:Xst:2170 - Unit ROM_mem : the following signal(s) form a combinatorial loop: Madd_rom_Mem<2>_lut<8>.
WARNING:Xst:2170 - Unit ROM_mem : the following signal(s) form a combinatorial loop: Madd_rom_Mem<5>_lut<6>.
WARNING:Xst:2170 - Unit ROM_mem : the following signal(s) form a combinatorial loop: Madd_rom_Mem<10>_lut<4>.
WARNING:Xst:2170 - Unit ROM_mem : the following signal(s) form a combinatorial loop: Madd_rom_Mem<20>_cy<1>.
WARNING:Xst:2170 - Unit ROM_mem : the following signal(s) form a combinatorial loop: Madd_rom_Mem<27>_lut<9>.
WARNING:Xst:2170 - Unit ROM_mem : the following signal(s) form a combinatorial loop: rom_Mem<9><3>.
WARNING:Xst:2170 - Unit ROM_mem : the following signal(s) form a combinatorial loop: Madd_rom_Mem<14>_lut<2>.
WARNING:Xst:2170 - Unit ROM_mem : the following signal(s) form a combinatorial loop: Madd_rom_Mem<2>_lut<5>.
WARNING:Xst:2170 - Unit ROM_mem : the following signal(s) form a combinatorial loop: Madd_rom_Mem<20>_lut<0>.
WARNING:Xst:2170 - Unit ROM_mem : the following signal(s) form a combinatorial loop: Madd_rom_Mem<21>_lut<8>.
WARNING:Xst:2170 - Unit ROM_mem : the following signal(s) form a combinatorial loop: Madd_rom_Mem<5>_cy<1>.
WARNING:Xst:2170 - Unit ROM_mem : the following signal(s) form a combinatorial loop: Madd_rom_Mem<27>_lut<6>.
WARNING:Xst:2170 - Unit ROM_mem : the following signal(s) form a combinatorial loop: Madd_rom_Mem<12>_lut<9>.
WARNING:Xst:2170 - Unit ROM_mem : the following signal(s) form a combinatorial loop: rom_Mem<16><3>.
WARNING:Xst:2170 - Unit ROM_mem : the following signal(s) form a combinatorial loop: Madd_rom_Mem<17>_lut<7>.
WARNING:Xst:2170 - Unit ROM_mem : the following signal(s) form a combinatorial loop: rom_Mem<8><3>.
WARNING:Xst:2170 - Unit ROM_mem : the following signal(s) form a combinatorial loop: Madd_rom_Mem<5>_lut<0>.
WARNING:Xst:2170 - Unit ROM_mem : the following signal(s) form a combinatorial loop: Madd_rom_Mem<21>_lut<5>.
WARNING:Xst:2170 - Unit ROM_mem : the following signal(s) form a combinatorial loop: Madd_rom_Mem<9>_lut<8>.
WARNING:Xst:2170 - Unit ROM_mem : the following signal(s) form a combinatorial loop: Madd_rom_Mem<12>_lut<6>.
WARNING:Xst:2170 - Unit ROM_mem : the following signal(s) form a combinatorial loop: Madd_rom_Mem<17>_lut<4>.
WARNING:Xst:2170 - Unit ROM_mem : the following signal(s) form a combinatorial loop: Madd_rom_Mem<4>_lut<7>.
WARNING:Xst:2170 - Unit ROM_mem : the following signal(s) form a combinatorial loop: Madd_rom_Mem<27>_cy<1>.
WARNING:Xst:2170 - Unit ROM_mem : the following signal(s) form a combinatorial loop: rom_Mem<23><3>.
WARNING:Xst:2170 - Unit ROM_mem : the following signal(s) form a combinatorial loop: Madd_rom_Mem<21>_lut<2>.
WARNING:Xst:2170 - Unit ROM_mem : the following signal(s) form a combinatorial loop: rom_Mem<5><3>.
WARNING:Xst:2170 - Unit ROM_mem : the following signal(s) form a combinatorial loop: Madd_rom_Mem<9>_lut<5>.
WARNING:Xst:2170 - Unit ROM_mem : the following signal(s) form a combinatorial loop: Madd_rom_Mem<27>_lut<0>.
WARNING:Xst:2170 - Unit ROM_mem : the following signal(s) form a combinatorial loop: Madd_rom_Mem<4>_lut<4>.
WARNING:Xst:2170 - Unit ROM_mem : the following signal(s) form a combinatorial loop: Madd_rom_Mem<12>_cy<1>.
WARNING:Xst:2170 - Unit ROM_mem : the following signal(s) form a combinatorial loop: Madd_rom_Mem<19>_lut<9>.
WARNING:Xst:2170 - Unit ROM_mem : the following signal(s) form a combinatorial loop: Madd_rom_Mem<9>_lut<2>.
WARNING:Xst:2170 - Unit ROM_mem : the following signal(s) form a combinatorial loop: Madd_rom_Mem<24>_lut<7>.
WARNING:Xst:2170 - Unit ROM_mem : the following signal(s) form a combinatorial loop: Madd_rom_Mem<12>_lut<0>.
WARNING:Xst:2170 - Unit ROM_mem : the following signal(s) form a combinatorial loop: rom_Mem<6><3>.
WARNING:Xst:2170 - Unit ROM_mem : the following signal(s) form a combinatorial loop: Madd_rom_Mem<26>_lut<9>.
WARNING:Xst:2170 - Unit ROM_mem : the following signal(s) form a combinatorial loop: Madd_rom_Mem<16>_lut<8>.
WARNING:Xst:2170 - Unit ROM_mem : the following signal(s) form a combinatorial loop: Madd_rom_Mem<19>_lut<6>.
WARNING:Xst:2170 - Unit ROM_mem : the following signal(s) form a combinatorial loop: Madd_rom_Mem<8>_lut<9>.
WARNING:Xst:2170 - Unit ROM_mem : the following signal(s) form a combinatorial loop: Madd_rom_Mem<24>_lut<4>.
WARNING:Xst:2170 - Unit ROM_mem : the following signal(s) form a combinatorial loop: Madd_rom_Mem<11>_lut<7>.
WARNING:Xst:2170 - Unit ROM_mem : the following signal(s) form a combinatorial loop: Madd_rom_Mem<16>_lut<5>.
WARNING:Xst:2170 - Unit ROM_mem : the following signal(s) form a combinatorial loop: Madd_rom_Mem<6>_lut<8>.
WARNING:Xst:2170 - Unit ROM_mem : the following signal(s) form a combinatorial loop: Madd_rom_Mem<8>_lut<6>.
WARNING:Xst:2170 - Unit ROM_mem : the following signal(s) form a combinatorial loop: Madd_rom_Mem<11>_lut<4>.
WARNING:Xst:2170 - Unit ROM_mem : the following signal(s) form a combinatorial loop: Madd_rom_Mem<19>_cy<1>.
WARNING:Xst:2170 - Unit ROM_mem : the following signal(s) form a combinatorial loop: rom_Mem<13><3>.
WARNING:Xst:2170 - Unit ROM_mem : the following signal(s) form a combinatorial loop: Madd_rom_Mem<16>_lut<2>.
WARNING:Xst:2170 - Unit ROM_mem : the following signal(s) form a combinatorial loop: Madd_rom_Mem<6>_lut<5>.
WARNING:Xst:2170 - Unit ROM_mem : the following signal(s) form a combinatorial loop: Madd_rom_Mem<19>_lut<0>.
WARNING:Xst:2170 - Unit ROM_mem : the following signal(s) form a combinatorial loop: Madd_rom_Mem<23>_lut<8>.
WARNING:Xst:2170 - Unit ROM_mem : the following signal(s) form a combinatorial loop: Madd_rom_Mem<1>_lut<0>.
WARNING:Xst:2170 - Unit ROM_mem : the following signal(s) form a combinatorial loop: Madd_rom_Mem<8>_cy<1>.
WARNING:Xst:2170 - Unit ROM_mem : the following signal(s) form a combinatorial loop: Madd_rom_Mem<26>_lut<6>.
WARNING:Xst:2170 - Unit ROM_mem : the following signal(s) form a combinatorial loop: Madd_rom_Mem<15>_lut<9>.
WARNING:Xst:2170 - Unit ROM_mem : the following signal(s) form a combinatorial loop: Madd_rom_Mem<6>_lut<2>.
WARNING:Xst:2170 - Unit ROM_mem : the following signal(s) form a combinatorial loop: rom_Mem<20><3>.
WARNING:Xst:2170 - Unit ROM_mem : the following signal(s) form a combinatorial loop: Madd_rom_Mem<18>_lut<7>.
WARNING:Xst:2170 - Unit ROM_mem : the following signal(s) form a combinatorial loop: Madd_rom_Mem<8>_lut<0>.
WARNING:Xst:2170 - Unit ROM_mem : the following signal(s) form a combinatorial loop: Madd_rom_Mem<23>_lut<5>.
WARNING:Xst:2170 - Unit ROM_mem : the following signal(s) form a combinatorial loop: Madd_rom_Mem<13>_lut<8>.
WARNING:Xst:2170 - Unit ROM_mem : the following signal(s) form a combinatorial loop: rom_Mem<7><3>.
WARNING:Xst:2170 - Unit ROM_mem : the following signal(s) form a combinatorial loop: Madd_rom_Mem<15>_lut<6>.
WARNING:Xst:2170 - Unit ROM_mem : the following signal(s) form a combinatorial loop: Madd_rom_Mem<3>_lut<9>.
WARNING:Xst:2170 - Unit ROM_mem : the following signal(s) form a combinatorial loop: Madd_rom_Mem<18>_lut<4>.
WARNING:Xst:2170 - Unit ROM_mem : the following signal(s) form a combinatorial loop: Madd_rom_Mem<7>_lut<7>.
WARNING:Xst:2170 - Unit ROM_mem : the following signal(s) form a combinatorial loop: Madd_rom_Mem<26>_cy<1>.
WARNING:Xst:2170 - Unit ROM_mem : the following signal(s) form a combinatorial loop: rom_Mem<27><3>.
WARNING:Xst:2170 - Unit ROM_mem : the following signal(s) form a combinatorial loop: Madd_rom_Mem<23>_lut<2>.
WARNING:Xst:2170 - Unit ROM_mem : the following signal(s) form a combinatorial loop: Madd_rom_Mem<2>_lut<0>.
WARNING:Xst:2170 - Unit ROM_mem : the following signal(s) form a combinatorial loop: Madd_rom_Mem<13>_lut<5>.
WARNING:Xst:2170 - Unit ROM_mem : the following signal(s) form a combinatorial loop: Madd_rom_Mem<26>_lut<0>.
WARNING:Xst:2170 - Unit ROM_mem : the following signal(s) form a combinatorial loop: Madd_rom_Mem<3>_lut<6>.
WARNING:Xst:2170 - Unit ROM_mem : the following signal(s) form a combinatorial loop: Madd_rom_Mem<7>_lut<4>.
WARNING:Xst:2170 - Unit ROM_mem : the following signal(s) form a combinatorial loop: Madd_rom_Mem<15>_cy<1>.
WARNING:Xst:2170 - Unit ROM_mem : the following signal(s) form a combinatorial loop: Madd_rom_Mem<22>_lut<9>.
WARNING:Xst:2170 - Unit ROM_mem : the following signal(s) form a combinatorial loop: Madd_rom_Mem<13>_lut<2>.
WARNING:Xst:2170 - Unit ROM_mem : the following signal(s) form a combinatorial loop: Madd_rom_Mem<25>_lut<7>.
WARNING:Xst:2170 - Unit ROM_mem : the following signal(s) form a combinatorial loop: Madd_rom_Mem<15>_lut<0>.
WARNING:Xst:2170 - Unit ROM_mem : the following signal(s) form a combinatorial loop: Madd_rom_Mem<20>_lut<8>.
WARNING:Xst:2170 - Unit ROM_mem : the following signal(s) form a combinatorial loop: Madd_rom_Mem<2>_lut<2>.
WARNING:Xst:2170 - Unit ROM_mem : the following signal(s) form a combinatorial loop: Madd_rom_Mem<3>_cy<1>.
WARNING:Xst:2170 - Unit ROM_mem : the following signal(s) form a combinatorial loop: Madd_rom_Mem<22>_lut<6>.
WARNING:Xst:2170 - Unit ROM_mem : the following signal(s) form a combinatorial loop: Madd_rom_Mem<10>_lut<9>.
WARNING:Xst:2170 - Unit ROM_mem : the following signal(s) form a combinatorial loop: Madd_rom_Mem<25>_lut<4>.
WARNING:Xst:2170 - Unit ROM_mem : the following signal(s) form a combinatorial loop: rom_Mem<10><3>.
WARNING:Xst:2170 - Unit ROM_mem : the following signal(s) form a combinatorial loop: Madd_rom_Mem<14>_lut<7>.
WARNING:Xst:2170 - Unit ROM_mem : the following signal(s) form a combinatorial loop: Madd_rom_Mem<1>_lut<7>.
WARNING:Xst:2170 - Unit ROM_mem : the following signal(s) form a combinatorial loop: Madd_rom_Mem<3>_lut<0>.
WARNING:Xst:2170 - Unit ROM_mem : the following signal(s) form a combinatorial loop: Madd_rom_Mem<20>_lut<5>.
WARNING:Xst:2170 - Unit ROM_mem : the following signal(s) form a combinatorial loop: Madd_rom_Mem<5>_lut<8>.
WARNING:Xst:2170 - Unit ROM_mem : the following signal(s) form a combinatorial loop: Madd_rom_Mem<1>_cy<1>.
WARNING:Xst:2170 - Unit ROM_mem : the following signal(s) form a combinatorial loop: Madd_rom_Mem<10>_lut<6>.
WARNING:Xst:2170 - Unit ROM_mem : the following signal(s) form a combinatorial loop: Madd_rom_Mem<14>_lut<4>.
WARNING:Xst:2170 - Unit ROM_mem : the following signal(s) form a combinatorial loop: Madd_rom_Mem<2>_lut<7>.
WARNING:Xst:2170 - Unit ROM_mem : the following signal(s) form a combinatorial loop: Madd_rom_Mem<22>_cy<1>.
WARNING:Xst:2170 - Unit ROM_mem : the following signal(s) form a combinatorial loop: rom_Mem<17><3>.
WARNING:Xst:2170 - Unit ROM_mem : the following signal(s) form a combinatorial loop: Madd_rom_Mem<20>_lut<2>.
WARNING:Xst:2170 - Unit ROM_mem : the following signal(s) form a combinatorial loop: Madd_rom_Mem<5>_lut<5>.
WARNING:Xst:2170 - Unit ROM_mem : the following signal(s) form a combinatorial loop: Madd_rom_Mem<22>_lut<0>.
WARNING:Xst:2170 - Unit ROM_mem : the following signal(s) form a combinatorial loop: Madd_rom_Mem<27>_lut<8>.
WARNING:Xst:2170 - Unit ROM_mem : the following signal(s) form a combinatorial loop: Madd_rom_Mem<2>_lut<4>.
WARNING:Xst:2170 - Unit ROM_mem : the following signal(s) form a combinatorial loop: Madd_rom_Mem<10>_cy<1>.
WARNING:Xst:2170 - Unit ROM_mem : the following signal(s) form a combinatorial loop: Madd_rom_Mem<17>_lut<9>.
WARNING:Xst:2170 - Unit ROM_mem : the following signal(s) form a combinatorial loop: Madd_rom_Mem<5>_lut<2>.
WARNING:Xst:2170 - Unit ROM_mem : the following signal(s) form a combinatorial loop: rom_Mem<24><3>.
WARNING:Xst:2170 - Unit ROM_mem : the following signal(s) form a combinatorial loop: rom_Mem<4><3>.
WARNING:Xst:2170 - Unit ROM_mem : the following signal(s) form a combinatorial loop: Madd_rom_Mem<21>_lut<7>.
WARNING:Xst:2170 - Unit ROM_mem : the following signal(s) form a combinatorial loop: Madd_rom_Mem<10>_lut<0>.
WARNING:Xst:2170 - Unit ROM_mem : the following signal(s) form a combinatorial loop: Madd_rom_Mem<27>_lut<5>.
WARNING:Xst:2170 - Unit ROM_mem : the following signal(s) form a combinatorial loop: Madd_rom_Mem<12>_lut<8>.
WARNING:Xst:2170 - Unit ROM_mem : the following signal(s) form a combinatorial loop: Madd_rom_Mem<17>_lut<6>.
WARNING:Xst:2170 - Unit ROM_mem : the following signal(s) form a combinatorial loop: Madd_rom_Mem<4>_lut<9>.
WARNING:Xst:2170 - Unit ROM_mem : the following signal(s) form a combinatorial loop: Madd_rom_Mem<21>_lut<4>.
WARNING:Xst:2170 - Unit ROM_mem : the following signal(s) form a combinatorial loop: Madd_rom_Mem<9>_lut<7>.
WARNING:Xst:2170 - Unit ROM_mem : the following signal(s) form a combinatorial loop: Madd_rom_Mem<27>_lut<2>.
WARNING:Xst:2170 - Unit ROM_mem : the following signal(s) form a combinatorial loop: Madd_rom_Mem<12>_lut<5>.
WARNING:Xst:2170 - Unit ROM_mem : the following signal(s) form a combinatorial loop: Madd_rom_Mem<4>_lut<6>.
WARNING:Xst:2170 - Unit ROM_mem : the following signal(s) form a combinatorial loop: Madd_rom_Mem<9>_lut<4>.
WARNING:Xst:2170 - Unit ROM_mem : the following signal(s) form a combinatorial loop: Madd_rom_Mem<17>_cy<1>.
WARNING:Xst:2170 - Unit ROM_mem : the following signal(s) form a combinatorial loop: Madd_rom_Mem<24>_lut<9>.
WARNING:Xst:2170 - Unit ROM_mem : the following signal(s) form a combinatorial loop: Madd_rom_Mem<12>_lut<2>.
WARNING:Xst:2170 - Unit ROM_mem : the following signal(s) form a combinatorial loop: Madd_rom_Mem<17>_lut<0>.
WARNING:Xst:2170 - Unit ROM_mem : the following signal(s) form a combinatorial loop: Madd_rom_Mem<19>_lut<8>.

Optimizing unit <ROM_mem> ...

Mapping all equations...
Building and optimizing final netlist ...
Found area constraint ratio of 100 (+ 5) on block ROM_mem, actual ratio is 2.

Final Macro Processing ...

=========================================================================
Final Register Report

Found no macro
=========================================================================

=========================================================================
*                           Partition Report                            *
=========================================================================

Partition Implementation Status
-------------------------------

  No Partitions were found in this design.

-------------------------------

=========================================================================
*                            Design Summary                             *
=========================================================================

Top Level Output File Name         : ROM_mem.ngc

Primitive and Black Box Usage:
------------------------------
# BELS                             : 397
#      INV                         : 27
#      LUT1                        : 27
#      LUT2                        : 54
#      LUT3                        : 54
#      LUT4                        : 54
#      LUT5                        : 47
#      LUT6                        : 124
#      MUXF7                       : 10
# IO Buffers                       : 15
#      IBUF                        : 5
#      OBUF                        : 10

Device utilization summary:
---------------------------

Selected Device : 6slx45fgg676-2 


Slice Logic Utilization: 
 Number of Slice LUTs:                  387  out of  27288     1%  
    Number used as Logic:               387  out of  27288     1%  

Slice Logic Distribution: 
 Number of LUT Flip Flop pairs used:    387
   Number with an unused Flip Flop:     387  out of    387   100%  
   Number with an unused LUT:             0  out of    387     0%  
   Number of fully used LUT-FF pairs:     0  out of    387     0%  
   Number of unique control sets:         0

IO Utilization: 
 Number of IOs:                          26
 Number of bonded IOBs:                  15  out of    358     4%  

Specific Feature Utilization:

---------------------------
Partition Resource Summary:
---------------------------

  No Partitions were found in this design.

---------------------------


=========================================================================
Timing Report

NOTE: THESE TIMING NUMBERS ARE ONLY A SYNTHESIS ESTIMATE.
      FOR ACCURATE TIMING INFORMATION PLEASE REFER TO THE TRACE REPORT
      GENERATED AFTER PLACE-and-ROUTE.

Clock Information:
------------------
No clock signals found in this design

Asynchronous Control Signals Information:
----------------------------------------
No asynchronous control signals found in this design

Timing Summary:
---------------
Speed Grade: -2

   Minimum period: No path found
   Minimum input arrival time before clock: No path found
   Maximum output required time after clock: No path found
   Maximum combinational path delay: 8.981ns

Timing Details:
---------------
All values displayed in nanoseconds (ns)

=========================================================================
Timing constraint: Default path analysis
  Total number of paths / destination ports: 190 / 10
-------------------------------------------------------------------------
Delay:               8.981ns (Levels of Logic = 5)
  Source:            iADDR<0> (PAD)
  Destination:       oDATA<9> (PAD)

  Data Path: iADDR<0> to oDATA<9>
                                Gate     Net
    Cell:in->out      fanout   Delay   Delay  Logical Name (Net Name)
    ----------------------------------------  ------------
     IBUF:I->O            70   1.328   2.431  iADDR_0_IBUF (iADDR_0_IBUF)
     LUT6:I0->O            1   0.254   0.958  Mmux_oDATA_91 (Mmux_oDATA_91)
     LUT6:I2->O            1   0.254   0.000  Mmux_oDATA_41 (Mmux_oDATA_4)
     MUXF7:I0->O           1   0.163   0.681  Mmux_oDATA_2_f7 (oDATA_0_OBUF)
     OBUF:I->O                 2.912          oDATA_0_OBUF (oDATA<0>)
    ----------------------------------------
    Total                      8.981ns (4.911ns logic, 4.070ns route)
                                       (54.7% logic, 45.3% route)

=========================================================================

Cross Clock Domains Report:
--------------------------

=========================================================================


Total REAL time to Xst completion: 7.00 secs
Total CPU time to Xst completion: 7.05 secs
 
--> 

Total memory usage is 259888 kilobytes

Number of errors   :    0 (   0 filtered)
Number of warnings :  273 (   0 filtered)
Number of infos    :    0 (   0 filtered)

