Release 14.7 - xst P.20131013 (nt64)
Copyright (c) 1995-2013 Xilinx, Inc.  All rights reserved.
--> Parameter TMPDIR set to xst/projnav.tmp


Total REAL time to Xst completion: 1.00 secs
Total CPU time to Xst completion: 0.10 secs
 
--> Parameter xsthdpdir set to xst


Total REAL time to Xst completion: 1.00 secs
Total CPU time to Xst completion: 0.10 secs
 
--> Reading design: UART.prj

TABLE OF CONTENTS
  1) Synthesis Options Summary
  2) HDL Parsing
  3) HDL Elaboration
  4) HDL Synthesis
       4.1) HDL Synthesis Report
  5) Advanced HDL Synthesis
       5.1) Advanced HDL Synthesis Report
  6) Low Level Synthesis
  7) Partition Report
  8) Design Summary
       8.1) Primitive and Black Box Usage
       8.2) Device utilization summary
       8.3) Partition Resource Summary
       8.4) Timing Report
            8.4.1) Clock Information
            8.4.2) Asynchronous Control Signals Information
            8.4.3) Timing Summary
            8.4.4) Timing Details
            8.4.5) Cross Clock Domains Report


=========================================================================
*                      Synthesis Options Summary                        *
=========================================================================
---- Source Parameters
Input File Name                    : "UART.prj"
Ignore Synthesis Constraint File   : NO

---- Target Parameters
Output File Name                   : "UART"
Output Format                      : NGC
Target Device                      : xc6slx45-2-fgg676

---- Source Options
Top Module Name                    : UART
Automatic FSM Extraction           : YES
FSM Encoding Algorithm             : Auto
Safe Implementation                : No
FSM Style                          : LUT
RAM Extraction                     : Yes
RAM Style                          : Auto
ROM Extraction                     : Yes
Shift Register Extraction          : YES
ROM Style                          : Auto
Resource Sharing                   : YES
Asynchronous To Synchronous        : NO
Shift Register Minimum Size        : 2
Use DSP Block                      : Auto
Automatic Register Balancing       : No

---- Target Options
LUT Combining                      : Auto
Reduce Control Sets                : Auto
Add IO Buffers                     : YES
Global Maximum Fanout              : 100000
Add Generic Clock Buffer(BUFG)     : 16
Register Duplication               : YES
Optimize Instantiated Primitives   : NO
Use Clock Enable                   : Auto
Use Synchronous Set                : Auto
Use Synchronous Reset              : Auto
Pack IO Registers into IOBs        : Auto
Equivalent register Removal        : YES

---- General Options
Optimization Goal                  : Speed
Optimization Effort                : 1
Power Reduction                    : NO
Keep Hierarchy                     : No
Netlist Hierarchy                  : As_Optimized
RTL Output                         : Yes
Global Optimization                : AllClockNets
Read Cores                         : YES
Write Timing Constraints           : NO
Cross Clock Analysis               : NO
Hierarchy Separator                : /
Bus Delimiter                      : <>
Case Specifier                     : Maintain
Slice Utilization Ratio            : 100
BRAM Utilization Ratio             : 100
DSP48 Utilization Ratio            : 100
Auto BRAM Packing                  : NO
Slice Utilization Ratio Delta      : 5

=========================================================================


=========================================================================
*                          HDL Parsing                                  *
=========================================================================
Parsing VHDL file "D:\LPRS1_git\LPRS1\zbirka\08projektovanje_procesora\8.3333\uart\uart_parity.vhd" into library work
Parsing entity <UART_PARITY>.
Parsing architecture <FULL> of entity <uart_parity>.
Parsing VHDL file "D:\LPRS1_git\LPRS1\zbirka\08projektovanje_procesora\8.3333\uart\uart_tx.vhd" into library work
Parsing entity <UART_TX>.
Parsing architecture <FULL> of entity <uart_tx>.
Parsing VHDL file "D:\LPRS1_git\LPRS1\zbirka\08projektovanje_procesora\8.3333\uart\uart_rx.vhd" into library work
Parsing entity <UART_RX>.
Parsing architecture <FULL> of entity <uart_rx>.
Parsing VHDL file "D:\LPRS1_git\LPRS1\zbirka\08projektovanje_procesora\8.3333\uart\uart.vhd" into library work
Parsing entity <UART>.
Parsing architecture <FULL> of entity <uart>.

=========================================================================
*                            HDL Elaboration                            *
=========================================================================

Elaborating entity <UART> (architecture <FULL>) with generics from library <work>.

Elaborating entity <UART_TX> (architecture <FULL>) with generics from library <work>.
INFO:HDLCompiler:679 - "D:\LPRS1_git\LPRS1\zbirka\08projektovanje_procesora\8.3333\uart\uart_tx.vhd" Line 265. Case statement is complete. others clause is never selected

Elaborating entity <UART_RX> (architecture <FULL>) with generics from library <work>.
INFO:HDLCompiler:679 - "D:\LPRS1_git\LPRS1\zbirka\08projektovanje_procesora\8.3333\uart\uart_rx.vhd" Line 260. Case statement is complete. others clause is never selected

=========================================================================
*                           HDL Synthesis                               *
=========================================================================

Synthesizing Unit <UART>.
    Related source file is "D:\LPRS1_git\LPRS1\zbirka\08projektovanje_procesora\8.3333\uart\uart.vhd".
        CLK_FREQ = 50000000
        BAUD_RATE = 115200
        PARITY_BIT = "none"
        USE_DEBOUNCER = true
    Found 1-bit register for signal <uart_clk_en>.
    Found 4-bit register for signal <uart_rxd_shreg>.
    Found 1-bit register for signal <uart_rxd_debounced>.
    Found 5-bit register for signal <uart_clk_cnt>.
    Found 5-bit adder for signal <uart_clk_cnt[4]_GND_5_o_add_1_OUT> created at line 1241.
    Summary:
	inferred   1 Adder/Subtractor(s).
	inferred  11 D-type flip-flop(s).
Unit <UART> synthesized.

Synthesizing Unit <UART_TX>.
    Related source file is "D:\LPRS1_git\LPRS1\zbirka\08projektovanje_procesora\8.3333\uart\uart_tx.vhd".
        PARITY_BIT = "none"
    Found 1-bit register for signal <tx_clk_en>.
    Found 8-bit register for signal <tx_data>.
    Found 3-bit register for signal <tx_bit_count>.
    Found 1-bit register for signal <UART_TXD>.
    Found 3-bit register for signal <tx_pstate>.
    Found 4-bit register for signal <tx_ticks>.
INFO:Xst:1799 - State paritybit is never reached in FSM <tx_pstate>.
    Found finite state machine <FSM_0> for signal <tx_pstate>.
    -----------------------------------------------------------------------
    | States             | 6                                              |
    | Transitions        | 12                                             |
    | Inputs             | 3                                              |
    | Outputs            | 5                                              |
    | Clock              | CLK (rising_edge)                              |
    | Reset              | RST (positive)                                 |
    | Reset type         | synchronous                                    |
    | Reset State        | idle                                           |
    | Power Up State     | idle                                           |
    | Encoding           | auto                                           |
    | Implementation     | LUT                                            |
    -----------------------------------------------------------------------
    Found 4-bit adder for signal <tx_ticks[3]_GND_6_o_add_1_OUT> created at line 1241.
    Found 3-bit adder for signal <tx_bit_count[2]_GND_6_o_add_11_OUT> created at line 1241.
    Found 1-bit 8-to-1 multiplexer for signal <tx_bit_count[2]_tx_data[7]_Mux_16_o> created at line 155.
    Found 1-bit 4-to-1 multiplexer for signal <tx_data_out_sel[1]_tx_parity_bit_Mux_17_o> created at line 151.
    Found 1-bit tristate buffer for signal <tx_parity_bit> created at line 138
    Summary:
	inferred   2 Adder/Subtractor(s).
	inferred  17 D-type flip-flop(s).
	inferred   3 Multiplexer(s).
	inferred   1 Tristate(s).
	inferred   1 Finite State Machine(s).
Unit <UART_TX> synthesized.

Synthesizing Unit <UART_RX>.
    Related source file is "D:\LPRS1_git\LPRS1\zbirka\08projektovanje_procesora\8.3333\uart\uart_rx.vhd".
        PARITY_BIT = "none"
    Found 1-bit register for signal <rx_clk_en>.
    Found 3-bit register for signal <rx_bit_count>.
    Found 8-bit register for signal <rx_data>.
    Found 1-bit register for signal <DATA_VLD>.
    Found 1-bit register for signal <FRAME_ERROR>.
    Found 3-bit register for signal <rx_pstate>.
    Found 4-bit register for signal <rx_ticks>.
INFO:Xst:1799 - State paritybit is never reached in FSM <rx_pstate>.
    Found finite state machine <FSM_1> for signal <rx_pstate>.
    -----------------------------------------------------------------------
    | States             | 5                                              |
    | Transitions        | 9                                              |
    | Inputs             | 3                                              |
    | Outputs            | 3                                              |
    | Clock              | CLK (rising_edge)                              |
    | Reset              | RST (positive)                                 |
    | Reset type         | synchronous                                    |
    | Reset State        | idle                                           |
    | Power Up State     | idle                                           |
    | Encoding           | auto                                           |
    | Implementation     | LUT                                            |
    -----------------------------------------------------------------------
    Found 4-bit adder for signal <rx_ticks[3]_GND_8_o_add_1_OUT> created at line 1241.
    Found 3-bit adder for signal <rx_bit_count[2]_GND_8_o_add_8_OUT> created at line 1241.
    Summary:
	inferred   2 Adder/Subtractor(s).
	inferred  18 D-type flip-flop(s).
	inferred   1 Multiplexer(s).
	inferred   1 Finite State Machine(s).
Unit <UART_RX> synthesized.

=========================================================================
HDL Synthesis Report

Macro Statistics
# Adders/Subtractors                                   : 5
 3-bit adder                                           : 2
 4-bit adder                                           : 2
 5-bit adder                                           : 1
# Registers                                            : 15
 1-bit register                                        : 7
 3-bit register                                        : 2
 4-bit register                                        : 3
 5-bit register                                        : 1
 8-bit register                                        : 2
# Multiplexers                                         : 4
 1-bit 4-to-1 multiplexer                              : 1
 1-bit 8-to-1 multiplexer                              : 1
 4-bit 2-to-1 multiplexer                              : 2
# Tristates                                            : 1
 1-bit tristate buffer                                 : 1
# FSMs                                                 : 2

=========================================================================

=========================================================================
*                       Advanced HDL Synthesis                          *
=========================================================================


Synthesizing (advanced) Unit <UART>.
The following registers are absorbed into counter <uart_clk_cnt>: 1 register on signal <uart_clk_cnt>.
Unit <UART> synthesized (advanced).

Synthesizing (advanced) Unit <UART_RX>.
The following registers are absorbed into counter <rx_ticks>: 1 register on signal <rx_ticks>.
The following registers are absorbed into counter <rx_bit_count>: 1 register on signal <rx_bit_count>.
Unit <UART_RX> synthesized (advanced).

Synthesizing (advanced) Unit <UART_TX>.
The following registers are absorbed into counter <tx_bit_count>: 1 register on signal <tx_bit_count>.
The following registers are absorbed into counter <tx_ticks>: 1 register on signal <tx_ticks>.
Unit <UART_TX> synthesized (advanced).

=========================================================================
Advanced HDL Synthesis Report

Macro Statistics
# Counters                                             : 5
 3-bit up counter                                      : 2
 4-bit up counter                                      : 2
 5-bit up counter                                      : 1
# Registers                                            : 27
 Flip-Flops                                            : 27
# Multiplexers                                         : 2
 1-bit 4-to-1 multiplexer                              : 1
 1-bit 8-to-1 multiplexer                              : 1
# FSMs                                                 : 2

=========================================================================

=========================================================================
*                         Low Level Synthesis                           *
=========================================================================
Analyzing FSM <MFsm> for best encoding.
Optimizing FSM <uart_tx_i/FSM_0> on signal <tx_pstate[1:3]> with gray encoding.
-----------------------
 State     | Encoding
-----------------------
 idle      | 000
 txsync    | 001
 startbit  | 011
 databits  | 010
 paritybit | unreached
 stopbit   | 110
-----------------------
Analyzing FSM <MFsm> for best encoding.
Optimizing FSM <uart_rx_i/FSM_1> on signal <rx_pstate[1:2]> with gray encoding.
-----------------------
 State     | Encoding
-----------------------
 idle      | 00
 startbit  | 01
 databits  | 11
 paritybit | unreached
 stopbit   | 10
-----------------------

Optimizing unit <UART> ...

Optimizing unit <UART_TX> ...

Optimizing unit <UART_RX> ...

Mapping all equations...
Building and optimizing final netlist ...
Found area constraint ratio of 100 (+ 5) on block UART, actual ratio is 0.

Final Macro Processing ...

=========================================================================
Final Register Report

Macro Statistics
# Registers                                            : 51
 Flip-Flops                                            : 51

=========================================================================

=========================================================================
*                           Partition Report                            *
=========================================================================

Partition Implementation Status
-------------------------------

  No Partitions were found in this design.

-------------------------------

=========================================================================
*                            Design Summary                             *
=========================================================================

Top Level Output File Name         : UART.ngc

Primitive and Black Box Usage:
------------------------------
# BELS                             : 52
#      INV                         : 1
#      LUT2                        : 5
#      LUT3                        : 4
#      LUT4                        : 7
#      LUT5                        : 18
#      LUT6                        : 16
#      MUXF7                       : 1
# FlipFlops/Latches                : 51
#      FD                          : 21
#      FDR                         : 8
#      FDRE                        : 16
#      FDS                         : 6
# Clock Buffers                    : 1
#      BUFGP                       : 1
# IO Buffers                       : 23
#      IBUF                        : 11
#      OBUF                        : 12

Device utilization summary:
---------------------------

Selected Device : 6slx45fgg676-2 


Slice Logic Utilization: 
 Number of Slice Registers:              51  out of  54576     0%  
 Number of Slice LUTs:                   51  out of  27288     0%  
    Number used as Logic:                51  out of  27288     0%  

Slice Logic Distribution: 
 Number of LUT Flip Flop pairs used:     61
   Number with an unused Flip Flop:      10  out of     61    16%  
   Number with an unused LUT:            10  out of     61    16%  
   Number of fully used LUT-FF pairs:    41  out of     61    67%  
   Number of unique control sets:         5

IO Utilization: 
 Number of IOs:                          24
 Number of bonded IOBs:                  24  out of    358     6%  

Specific Feature Utilization:
 Number of BUFG/BUFGCTRLs:                1  out of     16     6%  

---------------------------
Partition Resource Summary:
---------------------------

  No Partitions were found in this design.

---------------------------


=========================================================================
Timing Report

NOTE: THESE TIMING NUMBERS ARE ONLY A SYNTHESIS ESTIMATE.
      FOR ACCURATE TIMING INFORMATION PLEASE REFER TO THE TRACE REPORT
      GENERATED AFTER PLACE-and-ROUTE.

Clock Information:
------------------
-----------------------------------+------------------------+-------+
Clock Signal                       | Clock buffer(FF name)  | Load  |
-----------------------------------+------------------------+-------+
CLK                                | BUFGP                  | 51    |
-----------------------------------+------------------------+-------+

Asynchronous Control Signals Information:
----------------------------------------
No asynchronous control signals found in this design

Timing Summary:
---------------
Speed Grade: -2

   Minimum period: 3.197ns (Maximum Frequency: 312.793MHz)
   Minimum input arrival time before clock: 4.557ns
   Maximum output required time after clock: 5.711ns
   Maximum combinational path delay: No path found

Timing Details:
---------------
All values displayed in nanoseconds (ns)

=========================================================================
Timing constraint: Default period analysis for Clock 'CLK'
  Clock period: 3.197ns (frequency: 312.793MHz)
  Total number of paths / destination ports: 240 / 68
-------------------------------------------------------------------------
Delay:               3.197ns (Levels of Logic = 1)
  Source:            uart_rx_i/rx_pstate_FSM_FFd2 (FF)
  Destination:       uart_rx_i/rx_data_7 (FF)
  Source Clock:      CLK rising
  Destination Clock: CLK rising

  Data Path: uart_rx_i/rx_pstate_FSM_FFd2 to uart_rx_i/rx_data_7
                                Gate     Net
    Cell:in->out      fanout   Delay   Delay  Logical Name (Net Name)
    ----------------------------------------  ------------
     FDR:C->Q             12   0.525   1.177  uart_rx_i/rx_pstate_FSM_FFd2 (uart_rx_i/rx_pstate_FSM_FFd2)
     LUT3:I1->O            8   0.250   0.943  uart_rx_i/Mcount_rx_bit_count_val111 (uart_rx_i/Mcount_rx_bit_count_val1)
     FDRE:CE                   0.302          uart_rx_i/rx_data_0
    ----------------------------------------
    Total                      3.197ns (1.077ns logic, 2.120ns route)
                                       (33.7% logic, 66.3% route)

=========================================================================
Timing constraint: Default OFFSET IN BEFORE for Clock 'CLK'
  Total number of paths / destination ports: 63 / 55
-------------------------------------------------------------------------
Offset:              4.557ns (Levels of Logic = 2)
  Source:            RST (PAD)
  Destination:       uart_tx_i/tx_clk_en (FF)
  Destination Clock: CLK rising

  Data Path: RST to uart_tx_i/tx_clk_en
                                Gate     Net
    Cell:in->out      fanout   Delay   Delay  Logical Name (Net Name)
    ----------------------------------------  ------------
     IBUF:I->O            42   1.328   1.795  RST_IBUF (RST_IBUF)
     LUT2:I0->O            2   0.250   0.725  uart_tx_i/UART_CLK_EN1 (uart_rx_i/UART_CLK_EN_0)
     FDR:R                     0.459          uart_rx_i/rx_clk_en
    ----------------------------------------
    Total                      4.557ns (2.037ns logic, 2.520ns route)
                                       (44.7% logic, 55.3% route)

=========================================================================
Timing constraint: Default OFFSET OUT AFTER for Clock 'CLK'
  Total number of paths / destination ports: 14 / 12
-------------------------------------------------------------------------
Offset:              5.711ns (Levels of Logic = 2)
  Source:            uart_tx_i/tx_pstate_FSM_FFd2 (FF)
  Destination:       BUSY (PAD)
  Source Clock:      CLK rising

  Data Path: uart_tx_i/tx_pstate_FSM_FFd2 to BUSY
                                Gate     Net
    Cell:in->out      fanout   Delay   Delay  Logical Name (Net Name)
    ----------------------------------------  ------------
     FDR:C->Q             18   0.525   1.343  uart_tx_i/tx_pstate_FSM_FFd2 (uart_tx_i/tx_pstate_FSM_FFd2)
     LUT3:I1->O            1   0.250   0.681  uart_tx_i/tx_pstate__n0091<0>1 (BUSY_OBUF)
     OBUF:I->O                 2.912          BUSY_OBUF (BUSY)
    ----------------------------------------
    Total                      5.711ns (3.687ns logic, 2.024ns route)
                                       (64.6% logic, 35.4% route)

=========================================================================

Cross Clock Domains Report:
--------------------------

Clock to Setup on destination clock CLK
---------------+---------+---------+---------+---------+
               | Src:Rise| Src:Fall| Src:Rise| Src:Fall|
Source Clock   |Dest:Rise|Dest:Rise|Dest:Fall|Dest:Fall|
---------------+---------+---------+---------+---------+
CLK            |    3.197|         |         |         |
---------------+---------+---------+---------+---------+

=========================================================================


Total REAL time to Xst completion: 6.00 secs
Total CPU time to Xst completion: 5.69 secs
 
--> 

Total memory usage is 260848 kilobytes

Number of errors   :    0 (   0 filtered)
Number of warnings :    0 (   0 filtered)
Number of infos    :    2 (   0 filtered)

