Release 14.7 - xst P.20131013 (nt64)
Copyright (c) 1995-2013 Xilinx, Inc.  All rights reserved.
--> Parameter TMPDIR set to xst/projnav.tmp


Total REAL time to Xst completion: 0.00 secs
Total CPU time to Xst completion: 0.10 secs
 
--> Parameter xsthdpdir set to xst


Total REAL time to Xst completion: 0.00 secs
Total CPU time to Xst completion: 0.10 secs
 
--> Reading design: digSys_6_5.prj

TABLE OF CONTENTS
  1) Synthesis Options Summary
  2) HDL Parsing
  3) HDL Elaboration
  4) HDL Synthesis
       4.1) HDL Synthesis Report
  5) Advanced HDL Synthesis
       5.1) Advanced HDL Synthesis Report
  6) Low Level Synthesis
  7) Partition Report
  8) Design Summary
       8.1) Primitive and Black Box Usage
       8.2) Device utilization summary
       8.3) Partition Resource Summary
       8.4) Timing Report
            8.4.1) Clock Information
            8.4.2) Asynchronous Control Signals Information
            8.4.3) Timing Summary
            8.4.4) Timing Details
            8.4.5) Cross Clock Domains Report


=========================================================================
*                      Synthesis Options Summary                        *
=========================================================================
---- Source Parameters
Input File Name                    : "digSys_6_5.prj"
Ignore Synthesis Constraint File   : NO

---- Target Parameters
Output File Name                   : "digSys_6_5"
Output Format                      : NGC
Target Device                      : xc6slx4-2-tqg144

---- Source Options
Top Module Name                    : digSys_6_5
Automatic FSM Extraction           : YES
FSM Encoding Algorithm             : Auto
Safe Implementation                : No
FSM Style                          : LUT
RAM Extraction                     : Yes
RAM Style                          : Auto
ROM Extraction                     : Yes
Shift Register Extraction          : YES
ROM Style                          : Auto
Resource Sharing                   : YES
Asynchronous To Synchronous        : NO
Shift Register Minimum Size        : 2
Use DSP Block                      : Auto
Automatic Register Balancing       : No

---- Target Options
LUT Combining                      : Auto
Reduce Control Sets                : Auto
Add IO Buffers                     : YES
Global Maximum Fanout              : 100000
Add Generic Clock Buffer(BUFG)     : 16
Register Duplication               : YES
Optimize Instantiated Primitives   : NO
Use Clock Enable                   : Auto
Use Synchronous Set                : Auto
Use Synchronous Reset              : Auto
Pack IO Registers into IOBs        : Auto
Equivalent register Removal        : YES

---- General Options
Optimization Goal                  : Speed
Optimization Effort                : 1
Power Reduction                    : NO
Keep Hierarchy                     : No
Netlist Hierarchy                  : As_Optimized
RTL Output                         : Yes
Global Optimization                : AllClockNets
Read Cores                         : YES
Write Timing Constraints           : NO
Cross Clock Analysis               : NO
Hierarchy Separator                : /
Bus Delimiter                      : <>
Case Specifier                     : Maintain
Slice Utilization Ratio            : 100
BRAM Utilization Ratio             : 100
DSP48 Utilization Ratio            : 100
Auto BRAM Packing                  : NO
Slice Utilization Ratio Delta      : 5

=========================================================================


=========================================================================
*                          HDL Parsing                                  *
=========================================================================
Parsing VHDL file "D:\LPRS1_git\LPRS1\zbirka\06slozeni_digitalni_sistemi\6.5\digSys_6_5\reg.vhd" into library work
Parsing entity <reg>.
Parsing architecture <Behavioral> of entity <reg>.
Parsing VHDL file "D:\LPRS1_git\LPRS1\zbirka\06slozeni_digitalni_sistemi\6.5\digSys_6_5\dec2x4.vhd" into library work
Parsing entity <dec2x4>.
Parsing architecture <dafaFlow> of entity <dec2x4>.
Parsing VHDL file "D:\LPRS1_git\LPRS1\zbirka\03standardne_kombinacione_mreze\3.15\mux8x1\mux4x1.vhd" into library work
Parsing entity <mux4x1>.
Parsing architecture <Behavioral> of entity <mux4x1>.
Parsing VHDL file "D:\LPRS1_git\LPRS1\zbirka\06slozeni_digitalni_sistemi\6.5\digSys_6_5\dig.vhd" into library work
Parsing entity <digSys_6_5>.
Parsing architecture <Behavioral> of entity <digsys_6_5>.

=========================================================================
*                            HDL Elaboration                            *
=========================================================================

Elaborating entity <digSys_6_5> (architecture <Behavioral>) from library <work>.

Elaborating entity <dec2x4> (architecture <dafaFlow>) from library <work>.

Elaborating entity <reg> (architecture <Behavioral>) from library <work>.

Elaborating entity <mux4x1> (architecture <Behavioral>) from library <work>.

=========================================================================
*                           HDL Synthesis                               *
=========================================================================

Synthesizing Unit <digSys_6_5>.
    Related source file is "D:\LPRS1_git\LPRS1\zbirka\06slozeni_digitalni_sistemi\6.5\digSys_6_5\dig.vhd".
    Summary:
	no macro.
Unit <digSys_6_5> synthesized.

Synthesizing Unit <dec2x4>.
    Related source file is "D:\LPRS1_git\LPRS1\zbirka\06slozeni_digitalni_sistemi\6.5\digSys_6_5\dec2x4.vhd".
    Found 4-bit 4-to-1 multiplexer for signal <oQ> created at line 42.
    Summary:
	inferred   1 Multiplexer(s).
Unit <dec2x4> synthesized.

Synthesizing Unit <reg>.
    Related source file is "D:\LPRS1_git\LPRS1\zbirka\06slozeni_digitalni_sistemi\6.5\digSys_6_5\reg.vhd".
    Found 4-bit register for signal <sRegVal>.
    Summary:
	inferred   4 D-type flip-flop(s).
Unit <reg> synthesized.

Synthesizing Unit <mux4x1>.
    Related source file is "D:\LPRS1_git\LPRS1\zbirka\03standardne_kombinacione_mreze\3.15\mux8x1\mux4x1.vhd".
    Found 4-bit 4-to-1 multiplexer for signal <oY> created at line 42.
    Summary:
	inferred   1 Multiplexer(s).
Unit <mux4x1> synthesized.

=========================================================================
HDL Synthesis Report

Macro Statistics
# Registers                                            : 4
 4-bit register                                        : 4
# Multiplexers                                         : 2
 4-bit 4-to-1 multiplexer                              : 2

=========================================================================

=========================================================================
*                       Advanced HDL Synthesis                          *
=========================================================================


=========================================================================
Advanced HDL Synthesis Report

Macro Statistics
# Registers                                            : 16
 Flip-Flops                                            : 16
# Multiplexers                                         : 1
 4-bit 4-to-1 multiplexer                              : 1

=========================================================================

=========================================================================
*                         Low Level Synthesis                           *
=========================================================================

Optimizing unit <digSys_6_5> ...

Mapping all equations...
Building and optimizing final netlist ...
Found area constraint ratio of 100 (+ 5) on block digSys_6_5, actual ratio is 1.

Final Macro Processing ...

=========================================================================
Final Register Report

Macro Statistics
# Registers                                            : 16
 Flip-Flops                                            : 16

=========================================================================

=========================================================================
*                           Partition Report                            *
=========================================================================

Partition Implementation Status
-------------------------------

  No Partitions were found in this design.

-------------------------------

=========================================================================
*                            Design Summary                             *
=========================================================================

Top Level Output File Name         : digSys_6_5.ngc

Primitive and Black Box Usage:
------------------------------
# BELS                             : 8
#      LUT3                        : 4
#      LUT6                        : 4
# FlipFlops/Latches                : 16
#      FDRE                        : 16
# Clock Buffers                    : 1
#      BUFGP                       : 1
# IO Buffers                       : 12
#      IBUF                        : 8
#      OBUF                        : 4

Device utilization summary:
---------------------------

Selected Device : 6slx4tqg144-2 


Slice Logic Utilization: 
 Number of Slice Registers:              16  out of   4800     0%  
 Number of Slice LUTs:                    8  out of   2400     0%  
    Number used as Logic:                 8  out of   2400     0%  

Slice Logic Distribution: 
 Number of LUT Flip Flop pairs used:     18
   Number with an unused Flip Flop:       2  out of     18    11%  
   Number with an unused LUT:            10  out of     18    55%  
   Number of fully used LUT-FF pairs:     6  out of     18    33%  
   Number of unique control sets:         4

IO Utilization: 
 Number of IOs:                          13
 Number of bonded IOBs:                  13  out of    102    12%  

Specific Feature Utilization:
 Number of BUFG/BUFGCTRLs:                1  out of     16     6%  

---------------------------
Partition Resource Summary:
---------------------------

  No Partitions were found in this design.

---------------------------


=========================================================================
Timing Report

NOTE: THESE TIMING NUMBERS ARE ONLY A SYNTHESIS ESTIMATE.
      FOR ACCURATE TIMING INFORMATION PLEASE REFER TO THE TRACE REPORT
      GENERATED AFTER PLACE-and-ROUTE.

Clock Information:
------------------
-----------------------------------+------------------------+-------+
Clock Signal                       | Clock buffer(FF name)  | Load  |
-----------------------------------+------------------------+-------+
iCLK                               | BUFGP                  | 16    |
-----------------------------------+------------------------+-------+

Asynchronous Control Signals Information:
----------------------------------------
No asynchronous control signals found in this design

Timing Summary:
---------------
Speed Grade: -2

   Minimum period: No path found
   Minimum input arrival time before clock: 3.997ns
   Maximum output required time after clock: 5.330ns
   Maximum combinational path delay: 6.574ns

Timing Details:
---------------
All values displayed in nanoseconds (ns)

=========================================================================
Timing constraint: Default OFFSET IN BEFORE for Clock 'iCLK'
  Total number of paths / destination ports: 80 / 48
-------------------------------------------------------------------------
Offset:              3.997ns (Levels of Logic = 2)
  Source:            iAddress<0> (PAD)
  Destination:       Inst_reg3/sRegVal_3 (FF)
  Destination Clock: iCLK rising

  Data Path: iAddress<0> to Inst_reg3/sRegVal_3
                                Gate     Net
    Cell:in->out      fanout   Delay   Delay  Logical Name (Net Name)
    ----------------------------------------  ------------
     IBUF:I->O             8   1.328   1.172  iAddress_0_IBUF (iAddress_0_IBUF)
     LUT3:I0->O            4   0.235   0.803  Inst_reg3/iRSTn_inv1 (Inst_reg3/iRSTn_inv)
     FDRE:R                    0.459          Inst_reg3/sRegVal_0
    ----------------------------------------
    Total                      3.997ns (2.022ns logic, 1.975ns route)
                                       (50.6% logic, 49.4% route)

=========================================================================
Timing constraint: Default OFFSET OUT AFTER for Clock 'iCLK'
  Total number of paths / destination ports: 16 / 4
-------------------------------------------------------------------------
Offset:              5.330ns (Levels of Logic = 2)
  Source:            Inst_reg1/sRegVal_3 (FF)
  Destination:       oQ<3> (PAD)
  Source Clock:      iCLK rising

  Data Path: Inst_reg1/sRegVal_3 to oQ<3>
                                Gate     Net
    Cell:in->out      fanout   Delay   Delay  Logical Name (Net Name)
    ----------------------------------------  ------------
     FDRE:C->Q             1   0.525   0.958  Inst_reg1/sRegVal_3 (Inst_reg1/sRegVal_3)
     LUT6:I2->O            1   0.254   0.681  Inst_mux4x1/Mmux_oY41 (oQ_3_OBUF)
     OBUF:I->O                 2.912          oQ_3_OBUF (oQ<3>)
    ----------------------------------------
    Total                      5.330ns (3.691ns logic, 1.639ns route)
                                       (69.2% logic, 30.8% route)

=========================================================================
Timing constraint: Default path analysis
  Total number of paths / destination ports: 8 / 4
-------------------------------------------------------------------------
Delay:               6.574ns (Levels of Logic = 3)
  Source:            iAddress<0> (PAD)
  Destination:       oQ<3> (PAD)

  Data Path: iAddress<0> to oQ<3>
                                Gate     Net
    Cell:in->out      fanout   Delay   Delay  Logical Name (Net Name)
    ----------------------------------------  ------------
     IBUF:I->O             8   1.328   1.399  iAddress_0_IBUF (iAddress_0_IBUF)
     LUT6:I0->O            1   0.254   0.681  Inst_mux4x1/Mmux_oY11 (oQ_0_OBUF)
     OBUF:I->O                 2.912          oQ_0_OBUF (oQ<0>)
    ----------------------------------------
    Total                      6.574ns (4.494ns logic, 2.080ns route)
                                       (68.4% logic, 31.6% route)

=========================================================================

Cross Clock Domains Report:
--------------------------

=========================================================================


Total REAL time to Xst completion: 5.00 secs
Total CPU time to Xst completion: 5.34 secs
 
--> 

Total memory usage is 257072 kilobytes

Number of errors   :    0 (   0 filtered)
Number of warnings :    0 (   0 filtered)
Number of infos    :    0 (   0 filtered)

