Running: fuse.exe -relaunch -intstyle "ise" -incremental -lib "secureip" -o "D:/LPRS1_git/LPRS1/zbirka/04automati/4.7/sm_4_7/sm_4_7_tb_isim_beh.exe" -prj "D:/LPRS1_git/LPRS1/zbirka/04automati/4.7/sm_4_7/sm_4_7_tb_beh.prj" "work.sm_4_7_tb" 
ISim P.20131013 (signature 0x7708f090)
Number of CPUs detected in this system: 4
Turning on mult-threading, number of parallel sub-compilation jobs: 8 
Determining compilation order of HDL files
Parsing VHDL file "D:/LPRS1_git/LPRS1/zbirka/04automati/4.7/sm_4_7/counter.vhd" into library work
Parsing VHDL file "D:/LPRS1_git/LPRS1/zbirka/04automati/4.7/sm_4_7/mux4x1.vhd" into library work
Parsing VHDL file "D:/LPRS1_git/LPRS1/zbirka/04automati/4.7/sm_4_7/fsm.vhd" into library work
Parsing VHDL file "D:/LPRS1_git/LPRS1/zbirka/04automati/4.7/sm_4_7/sm_4_7.vhd" into library work
Parsing VHDL file "D:/LPRS1_git/LPRS1/zbirka/04automati/4.7/sm_4_7/sm_4_7_tb.vhd" into library work
Starting static elaboration
Completed static elaboration
Compiling package standard
Compiling package std_logic_1164
Compiling package numeric_std
Compiling architecture behavioral of entity mux4x1 [mux4x1_default]
Compiling architecture behavioral of entity counter [counter_default]
Compiling architecture behavioral of entity fsm [fsm_default]
Compiling architecture behavioral of entity sm_4_7 [sm_4_7_default]
Compiling architecture behavior of entity sm_4_7_tb
Time Resolution for simulation is 1ps.
Waiting for 1 sub-compilation(s) to finish...
Compiled 12 VHDL Units
Built simulation executable D:/LPRS1_git/LPRS1/zbirka/04automati/4.7/sm_4_7/sm_4_7_tb_isim_beh.exe
Fuse Memory Usage: 35620 KB
Fuse CPU Usage: 529 ms
