Release 14.7 - xst P.20131013 (nt64)
Copyright (c) 1995-2013 Xilinx, Inc.  All rights reserved.
--> Parameter TMPDIR set to xst/projnav.tmp


Total REAL time to Xst completion: 0.00 secs
Total CPU time to Xst completion: 0.10 secs
 
--> Parameter xsthdpdir set to xst


Total REAL time to Xst completion: 0.00 secs
Total CPU time to Xst completion: 0.10 secs
 
--> Reading design: sm_4_7.prj

TABLE OF CONTENTS
  1) Synthesis Options Summary
  2) HDL Parsing
  3) HDL Elaboration
  4) HDL Synthesis
       4.1) HDL Synthesis Report
  5) Advanced HDL Synthesis
       5.1) Advanced HDL Synthesis Report
  6) Low Level Synthesis
  7) Partition Report
  8) Design Summary
       8.1) Primitive and Black Box Usage
       8.2) Device utilization summary
       8.3) Partition Resource Summary
       8.4) Timing Report
            8.4.1) Clock Information
            8.4.2) Asynchronous Control Signals Information
            8.4.3) Timing Summary
            8.4.4) Timing Details
            8.4.5) Cross Clock Domains Report


=========================================================================
*                      Synthesis Options Summary                        *
=========================================================================
---- Source Parameters
Input File Name                    : "sm_4_7.prj"
Ignore Synthesis Constraint File   : NO

---- Target Parameters
Output File Name                   : "sm_4_7"
Output Format                      : NGC
Target Device                      : xc6slx4-2-tqg144

---- Source Options
Top Module Name                    : sm_4_7
Automatic FSM Extraction           : YES
FSM Encoding Algorithm             : Auto
Safe Implementation                : No
FSM Style                          : LUT
RAM Extraction                     : Yes
RAM Style                          : Auto
ROM Extraction                     : Yes
Shift Register Extraction          : YES
ROM Style                          : Auto
Resource Sharing                   : YES
Asynchronous To Synchronous        : NO
Shift Register Minimum Size        : 2
Use DSP Block                      : Auto
Automatic Register Balancing       : No

---- Target Options
LUT Combining                      : Auto
Reduce Control Sets                : Auto
Add IO Buffers                     : YES
Global Maximum Fanout              : 100000
Add Generic Clock Buffer(BUFG)     : 16
Register Duplication               : YES
Optimize Instantiated Primitives   : NO
Use Clock Enable                   : Auto
Use Synchronous Set                : Auto
Use Synchronous Reset              : Auto
Pack IO Registers into IOBs        : Auto
Equivalent register Removal        : YES

---- General Options
Optimization Goal                  : Speed
Optimization Effort                : 1
Power Reduction                    : NO
Keep Hierarchy                     : No
Netlist Hierarchy                  : As_Optimized
RTL Output                         : Yes
Global Optimization                : AllClockNets
Read Cores                         : YES
Write Timing Constraints           : NO
Cross Clock Analysis               : NO
Hierarchy Separator                : /
Bus Delimiter                      : <>
Case Specifier                     : Maintain
Slice Utilization Ratio            : 100
BRAM Utilization Ratio             : 100
DSP48 Utilization Ratio            : 100
Auto BRAM Packing                  : NO
Slice Utilization Ratio Delta      : 5

=========================================================================


=========================================================================
*                          HDL Parsing                                  *
=========================================================================
Parsing VHDL file "D:\LPRS1_git\LPRS1\zbirka\04automati\4.7\sm_4_7\counter.vhd" into library work
Parsing entity <counter>.
Parsing architecture <Behavioral> of entity <counter>.
Parsing VHDL file "D:\LPRS1_git\LPRS1\zbirka\04automati\4.7\sm_4_7\mux4x1.vhd" into library work
Parsing entity <mux4x1>.
Parsing architecture <Behavioral> of entity <mux4x1>.
Parsing VHDL file "D:\LPRS1_git\LPRS1\zbirka\04automati\4.7\sm_4_7\fsm.vhd" into library work
Parsing entity <fsm>.
Parsing architecture <Behavioral> of entity <fsm>.
Parsing VHDL file "D:\LPRS1_git\LPRS1\zbirka\04automati\4.7\sm_4_7\sm_4_7.vhd" into library work
Parsing entity <sm_4_7>.
Parsing architecture <Behavioral> of entity <sm_4_7>.

=========================================================================
*                            HDL Elaboration                            *
=========================================================================

Elaborating entity <sm_4_7> (architecture <Behavioral>) from library <work>.

Elaborating entity <mux4x1> (architecture <Behavioral>) from library <work>.

Elaborating entity <fsm> (architecture <Behavioral>) from library <work>.

Elaborating entity <counter> (architecture <Behavioral>) from library <work>.

=========================================================================
*                           HDL Synthesis                               *
=========================================================================

Synthesizing Unit <sm_4_7>.
    Related source file is "D:\LPRS1_git\LPRS1\zbirka\04automati\4.7\sm_4_7\sm_4_7.vhd".
    Summary:
Unit <sm_4_7> synthesized.

Synthesizing Unit <mux4x1>.
    Related source file is "D:\LPRS1_git\LPRS1\zbirka\04automati\4.7\sm_4_7\mux4x1.vhd".
    Found 1-bit 4-to-1 multiplexer for signal <oY> created at line 42.
    Summary:
	inferred   1 Multiplexer(s).
Unit <mux4x1> synthesized.

Synthesizing Unit <fsm>.
    Related source file is "D:\LPRS1_git\LPRS1\zbirka\04automati\4.7\sm_4_7\fsm.vhd".
    Found 2-bit register for signal <S>.
    Found 1-bit register for signal <equl>.
    Found 2-bit register for signal <stateCurrent>.
    Found 2-bit register for signal <stateNext>.
    Found 2-bit comparator greater for signal <sCntVal[1]_PWR_5_o_LessThan_2_o> created at line 91
    Summary:
	inferred   7 D-type flip-flop(s).
	inferred   1 Comparator(s).
	inferred   2 Multiplexer(s).
Unit <fsm> synthesized.

Synthesizing Unit <counter>.
    Related source file is "D:\LPRS1_git\LPRS1\zbirka\04automati\4.7\sm_4_7\counter.vhd".
    Found 2-bit register for signal <vCount>.
    Found 2-bit register for signal <oCnt>.
    Found 2-bit adder for signal <vCount[1]_GND_7_o_add_1_OUT> created at line 1241.
    Found 2-bit comparator lessequal for signal <vCount[1]_PWR_7_o_LessThan_1_o> created at line 53
    Summary:
	inferred   1 Adder/Subtractor(s).
	inferred   4 D-type flip-flop(s).
	inferred   1 Comparator(s).
Unit <counter> synthesized.

=========================================================================
HDL Synthesis Report

Macro Statistics
# Adders/Subtractors                                   : 1
 2-bit adder                                           : 1
# Registers                                            : 6
 1-bit register                                        : 1
 2-bit register                                        : 5
# Comparators                                          : 2
 2-bit comparator greater                              : 1
 2-bit comparator lessequal                            : 1
# Multiplexers                                         : 4
 1-bit 4-to-1 multiplexer                              : 2
 2-bit 2-to-1 multiplexer                              : 2
# Xors                                                 : 1
 1-bit xor2                                            : 1

=========================================================================

=========================================================================
*                       Advanced HDL Synthesis                          *
=========================================================================

WARNING:Xst:1290 - Hierarchical block <G1> is unconnected in block <sm_4_7>.
   It will be removed from the design.
WARNING:Xst:1290 - Hierarchical block <G2> is unconnected in block <sm_4_7>.
   It will be removed from the design.

Synthesizing (advanced) Unit <counter>.
The following registers are absorbed into counter <vCount>: 1 register on signal <vCount>.
Unit <counter> synthesized (advanced).

=========================================================================
Advanced HDL Synthesis Report

Macro Statistics
# Adders/Subtractors                                   : 1
 2-bit adder                                           : 1
# Counters                                             : 1
 2-bit up counter                                      : 1
# Registers                                            : 9
 Flip-Flops                                            : 9
# Comparators                                          : 2
 2-bit comparator greater                              : 1
 2-bit comparator lessequal                            : 1
# Multiplexers                                         : 4
 1-bit 4-to-1 multiplexer                              : 2
 2-bit 2-to-1 multiplexer                              : 2
# Xors                                                 : 1
 1-bit xor2                                            : 1

=========================================================================

=========================================================================
*                         Low Level Synthesis                           *
=========================================================================
INFO:Xst:2261 - The FF/Latch <vCount_0> in Unit <counter> is equivalent to the following FF/Latch, which will be removed : <oCnt_0> 
INFO:Xst:2261 - The FF/Latch <vCount_1> in Unit <counter> is equivalent to the following FF/Latch, which will be removed : <oCnt_1> 

Optimizing unit <sm_4_7> ...

Optimizing unit <fsm> ...

Optimizing unit <counter> ...
WARNING:Xst:2677 - Node <Inst_fsm/S_1> of sequential type is unconnected in block <sm_4_7>.
WARNING:Xst:2677 - Node <Inst_fsm/S_0> of sequential type is unconnected in block <sm_4_7>.
WARNING:Xst:2677 - Node <Inst_fsm/Inst_counter/vCount_1> of sequential type is unconnected in block <sm_4_7>.
WARNING:Xst:2677 - Node <Inst_fsm/Inst_counter/vCount_0> of sequential type is unconnected in block <sm_4_7>.

Mapping all equations...
Building and optimizing final netlist ...
Found area constraint ratio of 100 (+ 5) on block sm_4_7, actual ratio is 0.

Final Macro Processing ...

=========================================================================
Final Register Report

Macro Statistics
# Registers                                            : 5
 Flip-Flops                                            : 5

=========================================================================

=========================================================================
*                           Partition Report                            *
=========================================================================

Partition Implementation Status
-------------------------------

  No Partitions were found in this design.

-------------------------------

=========================================================================
*                            Design Summary                             *
=========================================================================

Top Level Output File Name         : sm_4_7.ngc

Primitive and Black Box Usage:
------------------------------
# BELS                             : 5
#      INV                         : 1
#      LUT3                        : 1
#      LUT4                        : 2
#      VCC                         : 1
# FlipFlops/Latches                : 5
#      FD                          : 1
#      FDR                         : 4
# Clock Buffers                    : 1
#      BUFGP                       : 1
# IO Buffers                       : 4
#      IBUF                        : 2
#      OBUF                        : 2

Device utilization summary:
---------------------------

Selected Device : 6slx4tqg144-2 


Slice Logic Utilization: 
 Number of Slice Registers:               5  out of   4800     0%  
 Number of Slice LUTs:                    4  out of   2400     0%  
    Number used as Logic:                 4  out of   2400     0%  

Slice Logic Distribution: 
 Number of LUT Flip Flop pairs used:      9
   Number with an unused Flip Flop:       4  out of      9    44%  
   Number with an unused LUT:             5  out of      9    55%  
   Number of fully used LUT-FF pairs:     0  out of      9     0%  
   Number of unique control sets:         2

IO Utilization: 
 Number of IOs:                          13
 Number of bonded IOBs:                   5  out of    102     4%  

Specific Feature Utilization:
 Number of BUFG/BUFGCTRLs:                1  out of     16     6%  

---------------------------
Partition Resource Summary:
---------------------------

  No Partitions were found in this design.

---------------------------


=========================================================================
Timing Report

NOTE: THESE TIMING NUMBERS ARE ONLY A SYNTHESIS ESTIMATE.
      FOR ACCURATE TIMING INFORMATION PLEASE REFER TO THE TRACE REPORT
      GENERATED AFTER PLACE-and-ROUTE.

Clock Information:
------------------
-----------------------------------+------------------------+-------+
Clock Signal                       | Clock buffer(FF name)  | Load  |
-----------------------------------+------------------------+-------+
CLK                                | BUFGP                  | 5     |
-----------------------------------+------------------------+-------+

Asynchronous Control Signals Information:
----------------------------------------
No asynchronous control signals found in this design

Timing Summary:
---------------
Speed Grade: -2

   Minimum period: 1.788ns (Maximum Frequency: 559.284MHz)
   Minimum input arrival time before clock: 3.570ns
   Maximum output required time after clock: 4.162ns
   Maximum combinational path delay: No path found

Timing Details:
---------------
All values displayed in nanoseconds (ns)

=========================================================================
Timing constraint: Default period analysis for Clock 'CLK'
  Clock period: 1.788ns (frequency: 559.284MHz)
  Total number of paths / destination ports: 11 / 5
-------------------------------------------------------------------------
Delay:               1.788ns (Levels of Logic = 1)
  Source:            Inst_fsm/equl (FF)
  Destination:       Inst_fsm/equl (FF)
  Source Clock:      CLK rising
  Destination Clock: CLK rising

  Data Path: Inst_fsm/equl to Inst_fsm/equl
                                Gate     Net
    Cell:in->out      fanout   Delay   Delay  Logical Name (Net Name)
    ----------------------------------------  ------------
     FD:C->Q               2   0.525   0.954  Inst_fsm/equl (Inst_fsm/equl)
     LUT4:I1->O            1   0.235   0.000  Inst_fsm/equl_rstpot (Inst_fsm/equl_rstpot)
     FD:D                      0.074          Inst_fsm/equl
    ----------------------------------------
    Total                      1.788ns (0.834ns logic, 0.954ns route)
                                       (46.6% logic, 53.4% route)

=========================================================================
Timing constraint: Default OFFSET IN BEFORE for Clock 'CLK'
  Total number of paths / destination ports: 6 / 6
-------------------------------------------------------------------------
Offset:              3.570ns (Levels of Logic = 2)
  Source:            RSTn (PAD)
  Destination:       Inst_fsm/stateCurrent_1 (FF)
  Destination Clock: CLK rising

  Data Path: RSTn to Inst_fsm/stateCurrent_1
                                Gate     Net
    Cell:in->out      fanout   Delay   Delay  Logical Name (Net Name)
    ----------------------------------------  ------------
     IBUF:I->O             2   1.328   0.725  RSTn_IBUF (RSTn_IBUF)
     INV:I->O              4   0.255   0.803  Inst_fsm/RSTn_inv1_INV_0 (Inst_fsm/RSTn_inv)
     FDR:R                     0.459          Inst_fsm/stateCurrent_0
    ----------------------------------------
    Total                      3.570ns (2.042ns logic, 1.528ns route)
                                       (57.2% logic, 42.8% route)

=========================================================================
Timing constraint: Default OFFSET OUT AFTER for Clock 'CLK'
  Total number of paths / destination ports: 1 / 1
-------------------------------------------------------------------------
Offset:              4.162ns (Levels of Logic = 1)
  Source:            Inst_fsm/equl (FF)
  Destination:       e (PAD)
  Source Clock:      CLK rising

  Data Path: Inst_fsm/equl to e
                                Gate     Net
    Cell:in->out      fanout   Delay   Delay  Logical Name (Net Name)
    ----------------------------------------  ------------
     FD:C->Q               2   0.525   0.725  Inst_fsm/equl (Inst_fsm/equl)
     OBUF:I->O                 2.912          e_OBUF (e)
    ----------------------------------------
    Total                      4.162ns (3.437ns logic, 0.725ns route)
                                       (82.6% logic, 17.4% route)

=========================================================================

Cross Clock Domains Report:
--------------------------

Clock to Setup on destination clock CLK
---------------+---------+---------+---------+---------+
               | Src:Rise| Src:Fall| Src:Rise| Src:Fall|
Source Clock   |Dest:Rise|Dest:Rise|Dest:Fall|Dest:Fall|
---------------+---------+---------+---------+---------+
CLK            |    1.788|         |         |         |
---------------+---------+---------+---------+---------+

=========================================================================


Total REAL time to Xst completion: 5.00 secs
Total CPU time to Xst completion: 5.24 secs
 
--> 

Total memory usage is 259184 kilobytes

Number of errors   :    0 (   0 filtered)
Number of warnings :    6 (   0 filtered)
Number of infos    :    2 (   0 filtered)

