--------------------------------------------------------------------------------
Release 14.7 Trace  (nt64)
Copyright (c) 1995-2013 Xilinx, Inc.  All rights reserved.

C:\Xilinx\14.7\ISE_DS\ISE\bin\nt64\unwrapped\trce.exe -intstyle ise -v 3 -s 2
-n 3 -fastpaths -xml digSys_6_6.twx digSys_6_6.ncd -o digSys_6_6.twr
digSys_6_6.pcf -ucf digSys_6_6.ucf

Design file:              digSys_6_6.ncd
Physical constraint file: digSys_6_6.pcf
Device,package,speed:     xc6slx45,fgg676,C,-2 (PRODUCTION 1.23 2013-10-13)
Report level:             verbose report

Environment Variable      Effect 
--------------------      ------ 
NONE                      No environment variables were set
--------------------------------------------------------------------------------

INFO:Timing:2698 - No timing constraints found, doing default enumeration.
INFO:Timing:3412 - To improve timing, see the Timing Closure User Guide (UG612).
INFO:Timing:2752 - To get complete path coverage, use the unconstrained paths 
   option. All paths that are not constrained will be reported in the 
   unconstrained paths section(s) of the report.
INFO:Timing:3339 - The clock-to-out numbers in this timing report are based on 
   a 50 Ohm transmission line loading model.  For the details of this model, 
   and for more information on accounting for different loading conditions, 
   please see the device datasheet.



Data Sheet report:
-----------------
All values displayed in nanoseconds (ns)

Setup/Hold to clock iCLK
------------+------------+------------+------------+------------+------------------+--------+
            |Max Setup to|  Process   |Max Hold to |  Process   |                  | Clock  |
Source      | clk (edge) |   Corner   | clk (edge) |   Corner   |Internal Clock(s) | Phase  |
------------+------------+------------+------------+------------+------------------+--------+
iAddress<0> |    3.536(R)|      SLOW  |   -1.430(R)|      SLOW  |iCLK_BUFGP        |   0.000|
iAddress<1> |    2.729(R)|      SLOW  |   -0.753(R)|      SLOW  |iCLK_BUFGP        |   0.000|
iD<0>       |    2.685(R)|      SLOW  |   -1.233(R)|      SLOW  |iCLK_BUFGP        |   0.000|
iD<1>       |    0.770(R)|      SLOW  |    0.933(R)|      SLOW  |iCLK_BUFGP        |   0.000|
iD<2>       |    3.055(R)|      SLOW  |   -1.510(R)|      FAST  |iCLK_BUFGP        |   0.000|
iD<3>       |    0.537(R)|      SLOW  |    0.862(R)|      SLOW  |iCLK_BUFGP        |   0.000|
iRSTn       |    3.083(R)|      SLOW  |   -1.207(R)|      FAST  |iCLK_BUFGP        |   0.000|
iWe         |    4.040(R)|      SLOW  |   -1.825(R)|      FAST  |iCLK_BUFGP        |   0.000|
------------+------------+------------+------------+------------+------------------+--------+

Clock iCLK to Pad
------------+-----------------+------------+-----------------+------------+------------------+--------+
            |Max (slowest) clk|  Process   |Min (fastest) clk|  Process   |                  | Clock  |
Destination |  (edge) to PAD  |   Corner   |  (edge) to PAD  |   Corner   |Internal Clock(s) | Phase  |
------------+-----------------+------------+-----------------+------------+------------------+--------+
oQ<0>       |        12.631(R)|      SLOW  |         5.109(R)|      FAST  |iCLK_BUFGP        |   0.000|
oQ<1>       |        14.317(R)|      SLOW  |         5.853(R)|      FAST  |iCLK_BUFGP        |   0.000|
oQ<2>       |        13.875(R)|      SLOW  |         5.863(R)|      FAST  |iCLK_BUFGP        |   0.000|
oQ<3>       |        14.957(R)|      SLOW  |         5.844(R)|      FAST  |iCLK_BUFGP        |   0.000|
------------+-----------------+------------+-----------------+------------+------------------+--------+

Pad to Pad
---------------+---------------+---------+
Source Pad     |Destination Pad|  Delay  |
---------------+---------------+---------+
iAddress<0>    |oQ<0>          |   12.808|
iAddress<0>    |oQ<1>          |   13.451|
iAddress<0>    |oQ<2>          |   13.930|
iAddress<0>    |oQ<3>          |   13.957|
iAddress<1>    |oQ<0>          |   12.696|
iAddress<1>    |oQ<1>          |   14.260|
iAddress<1>    |oQ<2>          |   13.998|
iAddress<1>    |oQ<3>          |   15.096|
iOe            |oQ<0>          |   11.744|
iOe            |oQ<1>          |   12.642|
iOe            |oQ<2>          |   12.904|
iOe            |oQ<3>          |   13.217|
---------------+---------------+---------+


Analysis completed Wed Nov 07 12:34:38 2018 
--------------------------------------------------------------------------------

Trace Settings:
-------------------------
Trace Settings 

Peak Memory Usage: 260 MB



