Release 14.7 - xst P.20131013 (nt64)
Copyright (c) 1995-2013 Xilinx, Inc.  All rights reserved.
--> Parameter TMPDIR set to xst/projnav.tmp


Total REAL time to Xst completion: 0.00 secs
Total CPU time to Xst completion: 0.14 secs
 
--> Parameter xsthdpdir set to xst


Total REAL time to Xst completion: 0.00 secs
Total CPU time to Xst completion: 0.14 secs
 
--> Reading design: digSys_6_6.prj

TABLE OF CONTENTS
  1) Synthesis Options Summary
  2) HDL Parsing
  3) HDL Elaboration
  4) HDL Synthesis
       4.1) HDL Synthesis Report
  5) Advanced HDL Synthesis
       5.1) Advanced HDL Synthesis Report
  6) Low Level Synthesis
  7) Partition Report
  8) Design Summary
       8.1) Primitive and Black Box Usage
       8.2) Device utilization summary
       8.3) Partition Resource Summary
       8.4) Timing Report
            8.4.1) Clock Information
            8.4.2) Asynchronous Control Signals Information
            8.4.3) Timing Summary
            8.4.4) Timing Details
            8.4.5) Cross Clock Domains Report


=========================================================================
*                      Synthesis Options Summary                        *
=========================================================================
---- Source Parameters
Input File Name                    : "digSys_6_6.prj"
Ignore Synthesis Constraint File   : NO

---- Target Parameters
Output File Name                   : "digSys_6_6"
Output Format                      : NGC
Target Device                      : xc6slx45-2-fgg676

---- Source Options
Top Module Name                    : digSys_6_6
Automatic FSM Extraction           : YES
FSM Encoding Algorithm             : Auto
Safe Implementation                : No
FSM Style                          : LUT
RAM Extraction                     : Yes
RAM Style                          : Auto
ROM Extraction                     : Yes
Shift Register Extraction          : YES
ROM Style                          : Auto
Resource Sharing                   : YES
Asynchronous To Synchronous        : NO
Shift Register Minimum Size        : 2
Use DSP Block                      : Auto
Automatic Register Balancing       : No

---- Target Options
LUT Combining                      : Auto
Reduce Control Sets                : Auto
Add IO Buffers                     : YES
Global Maximum Fanout              : 100000
Add Generic Clock Buffer(BUFG)     : 16
Register Duplication               : YES
Optimize Instantiated Primitives   : NO
Use Clock Enable                   : Auto
Use Synchronous Set                : Auto
Use Synchronous Reset              : Auto
Pack IO Registers into IOBs        : Auto
Equivalent register Removal        : YES

---- General Options
Optimization Goal                  : Speed
Optimization Effort                : 1
Power Reduction                    : NO
Keep Hierarchy                     : No
Netlist Hierarchy                  : As_Optimized
RTL Output                         : Yes
Global Optimization                : AllClockNets
Read Cores                         : YES
Write Timing Constraints           : NO
Cross Clock Analysis               : NO
Hierarchy Separator                : /
Bus Delimiter                      : <>
Case Specifier                     : Maintain
Slice Utilization Ratio            : 100
BRAM Utilization Ratio             : 100
DSP48 Utilization Ratio            : 100
Auto BRAM Packing                  : NO
Slice Utilization Ratio Delta      : 5

=========================================================================


=========================================================================
*                          HDL Parsing                                  *
=========================================================================
Parsing VHDL file "D:\LPRS1_git\LPRS1\zbirka\06slozeni_digitalni_sistemi\6.6\digSys_6_6\dec3x8.vhd" into library work
Parsing entity <dec3x8>.
Parsing architecture <dafaFlow> of entity <dec3x8>.
Parsing VHDL file "D:\LPRS1_git\LPRS1\zbirka\06slozeni_digitalni_sistemi\6.6\digSys_6_6\buff.vhd" into library work
Parsing entity <buff>.
Parsing architecture <Behavioral> of entity <buff>.
Parsing VHDL file "D:\LPRS1_git\LPRS1\zbirka\06slozeni_digitalni_sistemi\6.5\digSys_6_5\reg.vhd" into library work
Parsing entity <reg>.
Parsing architecture <Behavioral> of entity <reg>.
Parsing VHDL file "D:\LPRS1_git\LPRS1\zbirka\06slozeni_digitalni_sistemi\6.6\digSys_6_6\digSys_6_6.vhd" into library work
Parsing entity <digSys_6_6>.
Parsing architecture <Behavioral> of entity <digsys_6_6>.

=========================================================================
*                            HDL Elaboration                            *
=========================================================================

Elaborating entity <digSys_6_6> (architecture <Behavioral>) from library <work>.

Elaborating entity <dec3x8> (architecture <dafaFlow>) from library <work>.

Elaborating entity <reg> (architecture <Behavioral>) from library <work>.

Elaborating entity <buff> (architecture <Behavioral>) from library <work>.

=========================================================================
*                           HDL Synthesis                               *
=========================================================================

Synthesizing Unit <digSys_6_6>.
    Related source file is "D:\LPRS1_git\LPRS1\zbirka\06slozeni_digitalni_sistemi\6.6\digSys_6_6\digSys_6_6.vhd".
    Summary:
	no macro.
Unit <digSys_6_6> synthesized.

Synthesizing Unit <dec3x8>.
    Related source file is "D:\LPRS1_git\LPRS1\zbirka\06slozeni_digitalni_sistemi\6.6\digSys_6_6\dec3x8.vhd".
    Found 4-bit 4-to-1 multiplexer for signal <oQ> created at line 44.
    Found 4-bit 4-to-1 multiplexer for signal <oQoe> created at line 51.
    Summary:
	inferred   2 Multiplexer(s).
Unit <dec3x8> synthesized.

Synthesizing Unit <reg>.
    Related source file is "D:\LPRS1_git\LPRS1\zbirka\06slozeni_digitalni_sistemi\6.5\digSys_6_5\reg.vhd".
    Found 4-bit register for signal <sRegVal>.
    Summary:
	inferred   4 D-type flip-flop(s).
Unit <reg> synthesized.

Synthesizing Unit <buff>.
    Related source file is "D:\LPRS1_git\LPRS1\zbirka\06slozeni_digitalni_sistemi\6.6\digSys_6_6\buff.vhd".
    Found 1-bit tristate buffer for signal <oY<3>> created at line 42
    Found 1-bit tristate buffer for signal <oY<2>> created at line 42
    Found 1-bit tristate buffer for signal <oY<1>> created at line 42
    Found 1-bit tristate buffer for signal <oY<0>> created at line 42
    Summary:
	inferred   4 Tristate(s).
Unit <buff> synthesized.

=========================================================================
HDL Synthesis Report

Macro Statistics
# Registers                                            : 4
 4-bit register                                        : 4
# Multiplexers                                         : 2
 4-bit 4-to-1 multiplexer                              : 2
# Tristates                                            : 16
 1-bit tristate buffer                                 : 16

=========================================================================

=========================================================================
*                       Advanced HDL Synthesis                          *
=========================================================================


=========================================================================
Advanced HDL Synthesis Report

Macro Statistics
# Registers                                            : 16
 Flip-Flops                                            : 16
# Multiplexers                                         : 2
 4-bit 4-to-1 multiplexer                              : 2

=========================================================================

=========================================================================
*                         Low Level Synthesis                           *
=========================================================================
WARNING:Xst:2040 - Unit digSys_6_6: 4 multi-source signals are replaced by logic (pull-up yes): oQ<0>_MLTSRCEDGE, oQ<1>_MLTSRCEDGE, oQ<2>_MLTSRCEDGE, oQ<3>_MLTSRCEDGE.

Optimizing unit <digSys_6_6> ...

Mapping all equations...
Building and optimizing final netlist ...
Found area constraint ratio of 100 (+ 5) on block digSys_6_6, actual ratio is 0.

Final Macro Processing ...

=========================================================================
Final Register Report

Macro Statistics
# Registers                                            : 16
 Flip-Flops                                            : 16

=========================================================================

=========================================================================
*                           Partition Report                            *
=========================================================================

Partition Implementation Status
-------------------------------

  No Partitions were found in this design.

-------------------------------

=========================================================================
*                            Design Summary                             *
=========================================================================

Top Level Output File Name         : digSys_6_6.ngc

Primitive and Black Box Usage:
------------------------------
# BELS                             : 14
#      INV                         : 2
#      LUT3                        : 8
#      LUT6                        : 4
# FlipFlops/Latches                : 16
#      FDRE                        : 16
# Clock Buffers                    : 1
#      BUFGP                       : 1
# IO Buffers                       : 13
#      IBUF                        : 9
#      OBUFT                       : 4

Device utilization summary:
---------------------------

Selected Device : 6slx45fgg676-2 


Slice Logic Utilization: 
 Number of Slice Registers:              16  out of  54576     0%  
 Number of Slice LUTs:                   14  out of  27288     0%  
    Number used as Logic:                14  out of  27288     0%  

Slice Logic Distribution: 
 Number of LUT Flip Flop pairs used:     19
   Number with an unused Flip Flop:       3  out of     19    15%  
   Number with an unused LUT:             5  out of     19    26%  
   Number of fully used LUT-FF pairs:    11  out of     19    57%  
   Number of unique control sets:         4

IO Utilization: 
 Number of IOs:                          14
 Number of bonded IOBs:                  14  out of    358     3%  

Specific Feature Utilization:
 Number of BUFG/BUFGCTRLs:                1  out of     16     6%  

---------------------------
Partition Resource Summary:
---------------------------

  No Partitions were found in this design.

---------------------------


=========================================================================
Timing Report

NOTE: THESE TIMING NUMBERS ARE ONLY A SYNTHESIS ESTIMATE.
      FOR ACCURATE TIMING INFORMATION PLEASE REFER TO THE TRACE REPORT
      GENERATED AFTER PLACE-and-ROUTE.

Clock Information:
------------------
-----------------------------------+------------------------+-------+
Clock Signal                       | Clock buffer(FF name)  | Load  |
-----------------------------------+------------------------+-------+
iCLK                               | BUFGP                  | 16    |
-----------------------------------+------------------------+-------+

Asynchronous Control Signals Information:
----------------------------------------
No asynchronous control signals found in this design

Timing Summary:
---------------
Speed Grade: -2

   Minimum period: No path found
   Minimum input arrival time before clock: 3.965ns
   Maximum output required time after clock: 6.303ns
   Maximum combinational path delay: 7.388ns

Timing Details:
---------------
All values displayed in nanoseconds (ns)

=========================================================================
Timing constraint: Default OFFSET IN BEFORE for Clock 'iCLK'
  Total number of paths / destination ports: 80 / 48
-------------------------------------------------------------------------
Offset:              3.965ns (Levels of Logic = 2)
  Source:            iAddress<1> (PAD)
  Destination:       Inst_reg3/sRegVal_3 (FF)
  Destination Clock: iCLK rising

  Data Path: iAddress<1> to Inst_reg3/sRegVal_3
                                Gate     Net
    Cell:in->out      fanout   Delay   Delay  Logical Name (Net Name)
    ----------------------------------------  ------------
     IBUF:I->O            12   1.328   1.297  iAddress_1_IBUF (iAddress_1_IBUF)
     LUT3:I0->O            4   0.235   0.803  Inst_dec3x8/Mmux_oQ41 (selReg<3>)
     FDRE:CE                   0.302          Inst_reg3/sRegVal_0
    ----------------------------------------
    Total                      3.965ns (1.865ns logic, 2.100ns route)
                                       (47.0% logic, 53.0% route)

=========================================================================
Timing constraint: Default OFFSET OUT AFTER for Clock 'iCLK'
  Total number of paths / destination ports: 16 / 4
-------------------------------------------------------------------------
Offset:              6.303ns (Levels of Logic = 3)
  Source:            Inst_reg3/sRegVal_3 (FF)
  Destination:       oQ<3> (PAD)
  Source Clock:      iCLK rising

  Data Path: Inst_reg3/sRegVal_3 to oQ<3>
                                Gate     Net
    Cell:in->out      fanout   Delay   Delay  Logical Name (Net Name)
    ----------------------------------------  ------------
     FDRE:C->Q             1   0.525   0.910  Inst_reg3/sRegVal_3 (Inst_reg3/sRegVal_3)
     LUT3:I0->O            1   0.235   0.790  oQ<3>_MLTSRCEDGELogicTrst_SW0 (N12)
     LUT6:I4->O            1   0.250   0.681  oQ<3>_MLTSRCEDGELogicTrst (oQ<3>_MLTSRCEDGE)
     OBUFT:I->O                2.912          oQ_3_OBUFT (oQ<3>)
    ----------------------------------------
    Total                      6.303ns (3.922ns logic, 2.381ns route)
                                       (62.2% logic, 37.8% route)

=========================================================================
Timing constraint: Default path analysis
  Total number of paths / destination ports: 20 / 4
-------------------------------------------------------------------------
Delay:               7.388ns (Levels of Logic = 4)
  Source:            iAddress<1> (PAD)
  Destination:       oQ<3> (PAD)

  Data Path: iAddress<1> to oQ<3>
                                Gate     Net
    Cell:in->out      fanout   Delay   Delay  Logical Name (Net Name)
    ----------------------------------------  ------------
     IBUF:I->O            12   1.328   1.177  iAddress_1_IBUF (iAddress_1_IBUF)
     LUT3:I1->O            1   0.250   0.790  oQ<0>_MLTSRCEDGELogicTrst_SW0 (N6)
     LUT6:I4->O            1   0.250   0.681  oQ<0>_MLTSRCEDGELogicTrst (oQ<0>_MLTSRCEDGE)
     OBUFT:I->O                2.912          oQ_0_OBUFT (oQ<0>)
    ----------------------------------------
    Total                      7.388ns (4.740ns logic, 2.648ns route)
                                       (64.2% logic, 35.8% route)

=========================================================================

Cross Clock Domains Report:
--------------------------

=========================================================================


Total REAL time to Xst completion: 5.00 secs
Total CPU time to Xst completion: 5.00 secs
 
--> 

Total memory usage is 257904 kilobytes

Number of errors   :    0 (   0 filtered)
Number of warnings :    1 (   0 filtered)
Number of infos    :    0 (   0 filtered)

