Running: fuse.exe -relaunch -intstyle "ise" -incremental -lib "secureip" -o "D:/LPRS1_git/LPRS1/zbirka/03standardne_kombinacione_mreze/3.13/dec3x8/dec3x8_tb_isim_beh.exe" -prj "D:/LPRS1_git/LPRS1/zbirka/03standardne_kombinacione_mreze/3.13/dec3x8/dec3x8_tb_beh.prj" "work.dec3x8_tb" 
ISim P.20131013 (signature 0x7708f090)
Number of CPUs detected in this system: 4
Turning on mult-threading, number of parallel sub-compilation jobs: 8 
Determining compilation order of HDL files
Parsing VHDL file "D:/LPRS1_git/LPRS1/zbirka/03standardne_kombinacione_mreze/3.13/dec3x8/dec2x4.vhd" into library work
Parsing VHDL file "D:/LPRS1_git/LPRS1/zbirka/03standardne_kombinacione_mreze/3.13/dec3x8/dec3x8.vhd" into library work
Parsing VHDL file "D:/LPRS1_git/LPRS1/zbirka/03standardne_kombinacione_mreze/3.13/dec3x8/dec3x8_tb.vhd" into library work
Starting static elaboration
Completed static elaboration
Compiling package standard
Compiling package std_logic_1164
Compiling package numeric_std
Compiling architecture df of entity dec2x4 [dec2x4_default]
Compiling architecture behavioral of entity dec3x8 [dec3x8_default]
Compiling architecture behavior of entity dec3x8_tb
Time Resolution for simulation is 1ps.
Waiting for 1 sub-compilation(s) to finish...
Compiled 8 VHDL Units
Built simulation executable D:/LPRS1_git/LPRS1/zbirka/03standardne_kombinacione_mreze/3.13/dec3x8/dec3x8_tb_isim_beh.exe
Fuse Memory Usage: 35524 KB
Fuse CPU Usage: 467 ms
