ISim log file
Running: D:\LPRS1_git\LPRS1\zbirka\03standardne_kombinacione_mreze\3.13\dec3x8\dec3x8_tb_isim_beh.exe -intstyle ise -gui -tclbatch isim.cmd -wdb D:/LPRS1_git/LPRS1/zbirka/03standardne_kombinacione_mreze/3.13/dec3x8/dec3x8_tb_isim_beh.wdb 
ISim P.20131013 (signature 0x7708f090)
----------------------------------------------------------------------
INFO:Security:50 - The XILINXD_LICENSE_FILE environment variable is set to '2100@licserver'.
INFO:Security:52 - The LM_LICENSE_FILE environment variable is set to '1717@licserver;1800@licserver-win1'.
WARNING:Security:43 - No license file was found in the standard Xilinx license directory.
WARNING:Security:44 - Since no license file was found,
       please run the Xilinx License Configuration Manager
       (xlcm or "Manage Xilinx Licenses")
       to assist in obtaining a license.
WARNING:Security:42 - Your software subscription period has lapsed. Your current version of Xilinx tools will continue to function, but you no longer qualify for Xilinx software updates or new releases.


----------------------------------------------------------------------
This is a Full version of ISim.
Time resolution is 1 ps
# onerror resume
# wave add /
# run 1000 ns
Simulator is doing circuit initialization process.
at 0 ps: Error: output signal different then expected
Finished circuit initialization process.
at 0 ps: Error: output signal different then expected
ISim P.20131013 (signature 0x7708f090)
----------------------------------------------------------------------
INFO:Security:50 - The XILINXD_LICENSE_FILE environment variable is set to '2100@licserver'.
INFO:Security:52 - The LM_LICENSE_FILE environment variable is set to '1717@licserver;1800@licserver-win1'.
WARNING:Security:43 - No license file was found in the standard Xilinx license directory.
WARNING:Security:44 - Since no license file was found,
       please run the Xilinx License Configuration Manager
       (xlcm or "Manage Xilinx Licenses")
       to assist in obtaining a license.
WARNING:Security:42 - Your software subscription period has lapsed. Your current version of Xilinx tools will continue to function, but you no longer qualify for Xilinx software updates or new releases.


----------------------------------------------------------------------
This is a Full version of ISim.
# run 1000 ns
Simulator is doing circuit initialization process.
Finished circuit initialization process.
at 5 ns(1): Error: output signal different then expected
at 10 ns(1): Error: output signal different then expected
at 15 ns(1): Error: output signal different then expected
at 20 ns(1): Error: output signal different then expected
at 25 ns(1): Error: output signal different then expected
at 30 ns(1): Error: output signal different then expected
at 35 ns(1): Error: output signal different then expected
at 40 ns(1): Error: output signal different then expected
at 45 ns(1): Error: output signal different then expected
at 50 ns(1): Error: output signal different then expected
at 55 ns(1): Error: output signal different then expected
at 60 ns(1): Error: output signal different then expected
at 65 ns(1): Error: output signal different then expected
at 70 ns(1): Error: output signal different then expected
at 75 ns(1): Error: output signal different then expected
at 80 ns(1): Error: output signal different then expected
at 85 ns(1): Error: output signal different then expected
at 90 ns(1): Error: output signal different then expected
at 95 ns(1): Error: output signal different then expected
at 100 ns(1): Error: output signal different then expected
at 105 ns(1): Error: output signal different then expected
at 110 ns(1): Error: output signal different then expected
at 115 ns(1): Error: output signal different then expected
at 120 ns(1): Error: output signal different then expected
at 125 ns(1): Error: output signal different then expected
at 130 ns(1): Error: output signal different then expected
at 135 ns(1): Error: output signal different then expected
at 140 ns(1): Error: output signal different then expected
at 145 ns(1): Error: output signal different then expected
at 150 ns(1): Error: output signal different then expected
at 155 ns(1): Error: output signal different then expected
at 160 ns(1): Error: output signal different then expected
at 165 ns(1): Error: output signal different then expected
at 170 ns(1): Error: output signal different then expected
at 175 ns(1): Error: output signal different then expected
at 180 ns(1): Error: output signal different then expected
at 185 ns(1): Error: output signal different then expected
at 190 ns(1): Error: output signal different then expected
at 195 ns(1): Error: output signal different then expected
at 200 ns(1): Error: output signal different then expected
at 205 ns(1): Error: output signal different then expected
at 210 ns(1): Error: output signal different then expected
at 215 ns(1): Error: output signal different then expected
at 220 ns(1): Error: output signal different then expected
at 225 ns(1): Error: output signal different then expected
at 230 ns(1): Error: output signal different then expected
at 235 ns(1): Error: output signal different then expected
at 240 ns(1): Error: output signal different then expected
at 245 ns(1): Error: output signal different then expected
at 250 ns(1): Error: output signal different then expected
at 255 ns(1): Error: output signal different then expected
at 260 ns(1): Error: output signal different then expected
at 265 ns(1): Error: output signal different then expected
at 270 ns(1): Error: output signal different then expected
at 275 ns(1): Error: output signal different then expected
at 280 ns(1): Error: output signal different then expected
at 285 ns(1): Error: output signal different then expected
at 290 ns(1): Error: output signal different then expected
at 295 ns(1): Error: output signal different then expected
at 300 ns(1): Error: output signal different then expected
at 305 ns(1): Error: output signal different then expected
at 310 ns(1): Error: output signal different then expected
at 315 ns(1): Error: output signal different then expected
at 320 ns(1): Error: output signal different then expected
at 325 ns(1): Error: output signal different then expected
at 330 ns(1): Error: output signal different then expected
at 335 ns(1): Error: output signal different then expected
at 340 ns(1): Error: output signal different then expected
at 345 ns(1): Error: output signal different then expected
at 350 ns(1): Error: output signal different then expected
at 355 ns(1): Error: output signal different then expected
at 360 ns(1): Error: output signal different then expected
at 365 ns(1): Error: output signal different then expected
at 370 ns(1): Error: output signal different then expected
at 375 ns(1): Error: output signal different then expected
at 380 ns(1): Error: output signal different then expected
at 385 ns(1): Error: output signal different then expected
at 390 ns(1): Error: output signal different then expected
at 395 ns(1): Error: output signal different then expected
at 400 ns(1): Error: output signal different then expected
at 405 ns(1): Error: output signal different then expected
at 410 ns(1): Error: output signal different then expected
at 415 ns(1): Error: output signal different then expected
at 420 ns(1): Error: output signal different then expected
at 425 ns(1): Error: output signal different then expected
at 430 ns(1): Error: output signal different then expected
at 435 ns(1): Error: output signal different then expected
at 440 ns(1): Error: output signal different then expected
at 445 ns(1): Error: output signal different then expected
at 450 ns(1): Error: output signal different then expected
at 455 ns(1): Error: output signal different then expected
at 460 ns(1): Error: output signal different then expected
at 465 ns(1): Error: output signal different then expected
at 470 ns(1): Error: output signal different then expected
at 475 ns(1): Error: output signal different then expected
at 480 ns(1): Error: output signal different then expected
at 485 ns(1): Error: output signal different then expected
at 490 ns(1): Error: output signal different then expected
at 495 ns(1): Error: output signal different then expected
at 500 ns(1): Error: output signal different then expected
at 505 ns(1): Error: output signal different then expected
at 510 ns(1): Error: output signal different then expected
at 515 ns(1): Error: output signal different then expected
at 520 ns(1): Error: output signal different then expected
at 525 ns(1): Error: output signal different then expected
at 530 ns(1): Error: output signal different then expected
at 535 ns(1): Error: output signal different then expected
at 540 ns(1): Error: output signal different then expected
at 545 ns(1): Error: output signal different then expected
at 550 ns(1): Error: output signal different then expected
at 555 ns(1): Error: output signal different then expected
at 560 ns(1): Error: output signal different then expected
at 565 ns(1): Error: output signal different then expected
at 570 ns(1): Error: output signal different then expected
at 575 ns(1): Error: output signal different then expected
at 580 ns(1): Error: output signal different then expected
at 585 ns(1): Error: output signal different then expected
at 590 ns(1): Error: output signal different then expected
at 595 ns(1): Error: output signal different then expected
at 600 ns(1): Error: output signal different then expected
at 605 ns(1): Error: output signal different then expected
at 610 ns(1): Error: output signal different then expected
at 615 ns(1): Error: output signal different then expected
at 620 ns(1): Error: output signal different then expected
at 625 ns(1): Error: output signal different then expected
at 630 ns(1): Error: output signal different then expected
at 635 ns(1): Error: output signal different then expected
at 640 ns(1): Error: output signal different then expected
at 645 ns(1): Error: output signal different then expected
at 650 ns(1): Error: output signal different then expected
at 655 ns(1): Error: output signal different then expected
at 660 ns(1): Error: output signal different then expected
at 665 ns(1): Error: output signal different then expected
at 670 ns(1): Error: output signal different then expected
at 675 ns(1): Error: output signal different then expected
at 680 ns(1): Error: output signal different then expected
at 685 ns(1): Error: output signal different then expected
at 690 ns(1): Error: output signal different then expected
at 695 ns(1): Error: output signal different then expected
at 700 ns(1): Error: output signal different then expected
at 705 ns(1): Error: output signal different then expected
at 710 ns(1): Error: output signal different then expected
at 715 ns(1): Error: output signal different then expected
at 720 ns(1): Error: output signal different then expected
at 725 ns(1): Error: output signal different then expected
at 730 ns(1): Error: output signal different then expected
at 735 ns(1): Error: output signal different then expected
at 740 ns(1): Error: output signal different then expected
at 745 ns(1): Error: output signal different then expected
at 750 ns(1): Error: output signal different then expected
at 755 ns(1): Error: output signal different then expected
at 760 ns(1): Error: output signal different then expected
at 765 ns(1): Error: output signal different then expected
at 770 ns(1): Error: output signal different then expected
at 775 ns(1): Error: output signal different then expected
at 780 ns(1): Error: output signal different then expected
at 785 ns(1): Error: output signal different then expected
at 790 ns(1): Error: output signal different then expected
at 795 ns(1): Error: output signal different then expected
at 800 ns(1): Error: output signal different then expected
at 805 ns(1): Error: output signal different then expected
at 810 ns(1): Error: output signal different then expected
at 815 ns(1): Error: output signal different then expected
at 820 ns(1): Error: output signal different then expected
at 825 ns(1): Error: output signal different then expected
at 830 ns(1): Error: output signal different then expected
at 835 ns(1): Error: output signal different then expected
at 840 ns(1): Error: output signal different then expected
at 845 ns(1): Error: output signal different then expected
at 850 ns(1): Error: output signal different then expected
at 855 ns(1): Error: output signal different then expected
at 860 ns(1): Error: output signal different then expected
at 865 ns(1): Error: output signal different then expected
at 870 ns(1): Error: output signal different then expected
at 875 ns(1): Error: output signal different then expected
at 880 ns(1): Error: output signal different then expected
at 885 ns(1): Error: output signal different then expected
at 890 ns(1): Error: output signal different then expected
at 895 ns(1): Error: output signal different then expected
at 900 ns(1): Error: output signal different then expected
at 905 ns(1): Error: output signal different then expected
at 910 ns(1): Error: output signal different then expected
at 915 ns(1): Error: output signal different then expected
at 920 ns(1): Error: output signal different then expected
at 925 ns(1): Error: output signal different then expected
at 930 ns(1): Error: output signal different then expected
at 935 ns(1): Error: output signal different then expected
at 940 ns(1): Error: output signal different then expected
at 945 ns(1): Error: output signal different then expected
at 950 ns(1): Error: output signal different then expected
at 955 ns(1): Error: output signal different then expected
at 960 ns(1): Error: output signal different then expected
at 965 ns(1): Error: output signal different then expected
at 970 ns(1): Error: output signal different then expected
at 975 ns(1): Error: output signal different then expected
at 980 ns(1): Error: output signal different then expected
at 985 ns(1): Error: output signal different then expected
at 990 ns(1): Error: output signal different then expected
at 995 ns(1): Error: output signal different then expected
at 1 us(1): Error: output signal different then expected
