Release 14.7 - xst P.20131013 (nt64)
Copyright (c) 1995-2013 Xilinx, Inc.  All rights reserved.
--> Parameter TMPDIR set to xst/projnav.tmp


Total REAL time to Xst completion: 0.00 secs
Total CPU time to Xst completion: 0.13 secs
 
--> Parameter xsthdpdir set to xst


Total REAL time to Xst completion: 0.00 secs
Total CPU time to Xst completion: 0.13 secs
 
--> Reading design: subSDetect.prj

TABLE OF CONTENTS
  1) Synthesis Options Summary
  2) HDL Parsing
  3) HDL Elaboration
  4) HDL Synthesis
       4.1) HDL Synthesis Report
  5) Advanced HDL Synthesis
       5.1) Advanced HDL Synthesis Report
  6) Low Level Synthesis
  7) Partition Report
  8) Design Summary
       8.1) Primitive and Black Box Usage
       8.2) Device utilization summary
       8.3) Partition Resource Summary
       8.4) Timing Report
            8.4.1) Clock Information
            8.4.2) Asynchronous Control Signals Information
            8.4.3) Timing Summary
            8.4.4) Timing Details
            8.4.5) Cross Clock Domains Report


=========================================================================
*                      Synthesis Options Summary                        *
=========================================================================
---- Source Parameters
Input File Name                    : "subSDetect.prj"
Ignore Synthesis Constraint File   : NO

---- Target Parameters
Output File Name                   : "subSDetect"
Output Format                      : NGC
Target Device                      : xc6slx4-2-tqg144

---- Source Options
Top Module Name                    : subSDetect
Automatic FSM Extraction           : YES
FSM Encoding Algorithm             : Auto
Safe Implementation                : No
FSM Style                          : LUT
RAM Extraction                     : Yes
RAM Style                          : Auto
ROM Extraction                     : Yes
Shift Register Extraction          : YES
ROM Style                          : Auto
Resource Sharing                   : YES
Asynchronous To Synchronous        : NO
Shift Register Minimum Size        : 2
Use DSP Block                      : Auto
Automatic Register Balancing       : No

---- Target Options
LUT Combining                      : Auto
Reduce Control Sets                : Auto
Add IO Buffers                     : YES
Global Maximum Fanout              : 100000
Add Generic Clock Buffer(BUFG)     : 16
Register Duplication               : YES
Optimize Instantiated Primitives   : NO
Use Clock Enable                   : Auto
Use Synchronous Set                : Auto
Use Synchronous Reset              : Auto
Pack IO Registers into IOBs        : Auto
Equivalent register Removal        : YES

---- General Options
Optimization Goal                  : Speed
Optimization Effort                : 1
Power Reduction                    : NO
Keep Hierarchy                     : No
Netlist Hierarchy                  : As_Optimized
RTL Output                         : Yes
Global Optimization                : AllClockNets
Read Cores                         : YES
Write Timing Constraints           : NO
Cross Clock Analysis               : NO
Hierarchy Separator                : /
Bus Delimiter                      : <>
Case Specifier                     : Maintain
Slice Utilization Ratio            : 100
BRAM Utilization Ratio             : 100
DSP48 Utilization Ratio            : 100
Auto BRAM Packing                  : NO
Slice Utilization Ratio Delta      : 5

=========================================================================


=========================================================================
*                          HDL Parsing                                  *
=========================================================================
Parsing VHDL file "D:\LPRS1_git\LPRS1\zbirka\04automati\4.8\subSekvence_detection\subSDetect.vhd" into library work
Parsing entity <subSDetect>.
Parsing architecture <Behavioral> of entity <subsdetect>.

=========================================================================
*                            HDL Elaboration                            *
=========================================================================

Elaborating entity <subSDetect> (architecture <Behavioral>) from library <work>.

=========================================================================
*                           HDL Synthesis                               *
=========================================================================

Synthesizing Unit <subSDetect>.
    Related source file is "D:\LPRS1_git\LPRS1\zbirka\04automati\4.8\subSekvence_detection\subSDetect.vhd".
    Found 1-bit register for signal <oDetect>.
    Found 4-bit register for signal <oVec>.
    Summary:
	inferred   5 D-type flip-flop(s).
Unit <subSDetect> synthesized.

=========================================================================
HDL Synthesis Report

Macro Statistics
# Registers                                            : 2
 1-bit register                                        : 1
 4-bit register                                        : 1

=========================================================================

=========================================================================
*                       Advanced HDL Synthesis                          *
=========================================================================


=========================================================================
Advanced HDL Synthesis Report

Macro Statistics
# Registers                                            : 5
 Flip-Flops                                            : 5

=========================================================================

=========================================================================
*                         Low Level Synthesis                           *
=========================================================================

Optimizing unit <subSDetect> ...

Mapping all equations...
Building and optimizing final netlist ...
Found area constraint ratio of 100 (+ 5) on block subSDetect, actual ratio is 0.
FlipFlop sVec_3 has been replicated 1 time(s) to handle iob=true attribute.

Final Macro Processing ...

=========================================================================
Final Register Report

Macro Statistics
# Registers                                            : 6
 Flip-Flops                                            : 6

=========================================================================

=========================================================================
*                           Partition Report                            *
=========================================================================

Partition Implementation Status
-------------------------------

  No Partitions were found in this design.

-------------------------------

=========================================================================
*                            Design Summary                             *
=========================================================================

Top Level Output File Name         : subSDetect.ngc

Primitive and Black Box Usage:
------------------------------
# BELS                             : 2
#      INV                         : 1
#      LUT4                        : 1
# FlipFlops/Latches                : 6
#      FDR                         : 6
# Clock Buffers                    : 1
#      BUFGP                       : 1
# IO Buffers                       : 7
#      IBUF                        : 2
#      OBUF                        : 5

Device utilization summary:
---------------------------

Selected Device : 6slx4tqg144-2 


Slice Logic Utilization: 
 Number of Slice Registers:               5  out of   4800     0%  
 Number of Slice LUTs:                    2  out of   2400     0%  
    Number used as Logic:                 2  out of   2400     0%  

Slice Logic Distribution: 
 Number of LUT Flip Flop pairs used:      7
   Number with an unused Flip Flop:       2  out of      7    28%  
   Number with an unused LUT:             5  out of      7    71%  
   Number of fully used LUT-FF pairs:     0  out of      7     0%  
   Number of unique control sets:         1

IO Utilization: 
 Number of IOs:                           8
 Number of bonded IOBs:                   8  out of    102     7%  
    IOB Flip Flops/Latches:               1

Specific Feature Utilization:
 Number of BUFG/BUFGCTRLs:                1  out of     16     6%  

---------------------------
Partition Resource Summary:
---------------------------

  No Partitions were found in this design.

---------------------------


=========================================================================
Timing Report

NOTE: THESE TIMING NUMBERS ARE ONLY A SYNTHESIS ESTIMATE.
      FOR ACCURATE TIMING INFORMATION PLEASE REFER TO THE TRACE REPORT
      GENERATED AFTER PLACE-and-ROUTE.

Clock Information:
------------------
-----------------------------------+------------------------+-------+
Clock Signal                       | Clock buffer(FF name)  | Load  |
-----------------------------------+------------------------+-------+
CLK                                | BUFGP                  | 6     |
-----------------------------------+------------------------+-------+

Asynchronous Control Signals Information:
----------------------------------------
No asynchronous control signals found in this design

Timing Summary:
---------------
Speed Grade: -2

   Minimum period: 1.855ns (Maximum Frequency: 539.084MHz)
   Minimum input arrival time before clock: 3.598ns
   Maximum output required time after clock: 4.202ns
   Maximum combinational path delay: No path found

Timing Details:
---------------
All values displayed in nanoseconds (ns)

=========================================================================
Timing constraint: Default period analysis for Clock 'CLK'
  Clock period: 1.855ns (frequency: 539.083MHz)
  Total number of paths / destination ports: 7 / 4
-------------------------------------------------------------------------
Delay:               1.855ns (Levels of Logic = 1)
  Source:            sVec_0 (FF)
  Destination:       sDetect (FF)
  Source Clock:      CLK rising
  Destination Clock: CLK rising

  Data Path: sVec_0 to sDetect
                                Gate     Net
    Cell:in->out      fanout   Delay   Delay  Logical Name (Net Name)
    ----------------------------------------  ------------
     FDR:C->Q              2   0.525   1.002  sVec_0 (sVec_0)
     LUT4:I0->O            1   0.254   0.000  sVec[3]_sVec[0]_AND_4_o<0>1 (sVec[3]_sVec[0]_AND_4_o)
     FDR:D                     0.074          sDetect
    ----------------------------------------
    Total                      1.855ns (0.853ns logic, 1.002ns route)
                                       (46.0% logic, 54.0% route)

=========================================================================
Timing constraint: Default OFFSET IN BEFORE for Clock 'CLK'
  Total number of paths / destination ports: 8 / 8
-------------------------------------------------------------------------
Offset:              3.598ns (Levels of Logic = 2)
  Source:            RSTn (PAD)
  Destination:       sDetect (FF)
  Destination Clock: CLK rising

  Data Path: RSTn to sDetect
                                Gate     Net
    Cell:in->out      fanout   Delay   Delay  Logical Name (Net Name)
    ----------------------------------------  ------------
     IBUF:I->O             1   1.328   0.681  RSTn_IBUF (RSTn_IBUF)
     INV:I->O              6   0.255   0.875  RSTn_inv1_INV_0 (RSTn_inv)
     FDR:R                     0.459          sDetect
    ----------------------------------------
    Total                      3.598ns (2.042ns logic, 1.556ns route)
                                       (56.8% logic, 43.2% route)

=========================================================================
Timing constraint: Default OFFSET OUT AFTER for Clock 'CLK'
  Total number of paths / destination ports: 5 / 5
-------------------------------------------------------------------------
Offset:              4.202ns (Levels of Logic = 1)
  Source:            sVec_2 (FF)
  Destination:       oVec<2> (PAD)
  Source Clock:      CLK rising

  Data Path: sVec_2 to oVec<2>
                                Gate     Net
    Cell:in->out      fanout   Delay   Delay  Logical Name (Net Name)
    ----------------------------------------  ------------
     FDR:C->Q              3   0.525   0.765  sVec_2 (sVec_2)
     OBUF:I->O                 2.912          oVec_2_OBUF (oVec<2>)
    ----------------------------------------
    Total                      4.202ns (3.437ns logic, 0.765ns route)
                                       (81.8% logic, 18.2% route)

=========================================================================

Cross Clock Domains Report:
--------------------------

Clock to Setup on destination clock CLK
---------------+---------+---------+---------+---------+
               | Src:Rise| Src:Fall| Src:Rise| Src:Fall|
Source Clock   |Dest:Rise|Dest:Rise|Dest:Fall|Dest:Fall|
---------------+---------+---------+---------+---------+
CLK            |    1.855|         |         |         |
---------------+---------+---------+---------+---------+

=========================================================================


Total REAL time to Xst completion: 5.00 secs
Total CPU time to Xst completion: 4.90 secs
 
--> 

Total memory usage is 257456 kilobytes

Number of errors   :    0 (   0 filtered)
Number of warnings :    0 (   0 filtered)
Number of infos    :    0 (   0 filtered)

